#
# A fatal error has been detected by the Java Runtime Environment:
#
#  SIGSEGV (0xb) at pc=0x00000001065e6814, pid=1183, tid=259
#
# JRE version: Java(TM) SE Runtime Environment (19.0.2+7) (build 19.0.2+7-44)
# Java VM: Java HotSpot(TM) 64-Bit Server VM (19.0.2+7-44, mixed mode, sharing, tiered, compressed oops, compressed class ptrs, g1 gc, bsd-aarch64)
# Problematic frame:
# C  [libglass.dylib+0xa814]  JNI_OnLoad+0xef8
#
# No core dump will be written. Core dumps have been disabled. To enable core dumping, try "ulimit -c unlimited" before starting Java again
#
# If you would like to submit a bug report, please visit:
#   https://bugreport.java.com/bugreport/crash.jsp
#

---------------  S U M M A R Y ------------

Command Line: -javaagent:/Users/tylerturner/Library/Application Support/JetBrains/Toolbox/apps/IDEA-U/ch-0/231.7665.28/IntelliJ IDEA 2023.1 EAP.app/Contents/lib/idea_rt.jar=49356:/Users/tylerturner/Library/Application Support/JetBrains/Toolbox/apps/IDEA-U/ch-0/231.7665.28/IntelliJ IDEA 2023.1 EAP.app/Contents/bin -Dfile.encoding=UTF-8 -Dsun.stdout.encoding=UTF-8 -Dsun.stderr.encoding=UTF-8 --module-path=/Users/tylerturner/.m2/repository/com/fasterxml/jackson/core/jackson-databind/2.12.1/jackson-databind-2.12.1.jar:/Users/tylerturner/.m2/repository/com/fasterxml/jackson/core/jackson-core/2.12.1/jackson-core-2.12.1.jar:/Users/tylerturner/.m2/repository/com/github/almasb/fxgl-gameplay/17.2/fxgl-gameplay-17.2.jar:/Users/tylerturner/.m2/repository/org/openjfx/javafx-web/19/javafx-web-19-mac-aarch64.jar:/Users/tylerturner/.m2/repository/org/openjfx/javafx-graphics/19/javafx-graphics-19-mac-aarch64.jar:/Users/tylerturner/.m2/repository/com/gluonhq/attach/audio/4.0.13/audio-4.0.13.jar:/Users/tylerturner/.m2/repository/com/dlsc/formsfx/formsfx-core/11.5.0/formsfx-core-11.5.0.jar:/Users/tylerturner/.m2/repository/org/jetbrains/kotlin/kotlin-stdlib/1.6.0/kotlin-stdlib-1.6.0-modular.jar:/Users/tylerturner/.m2/repository/org/apache/httpcomponents/core5/httpcore5/5.2/httpcore5-5.2.jar:/Users/tylerturner/.m2/repository/com/github/almasb/fxgl/17.2/fxgl-17.2.jar:/Users/tylerturner/IdeaProjects/SpUI/target/classes:/Users/tylerturner/.m2/repository/org/fusesource/jansi/jansi/2.4.0/jansi-2.4.0.jar:/Users/tylerturner/.m2/repository/net/synedra/validatorfx/0.4.0/validatorfx-0.4.0.jar:/Users/tylerturner/.m2/repository/eu/hansolo/fx/heatmap/17.0.12/heatmap-17.0.12.jar:/Users/tylerturner/.m2/repository/com/gluonhq/attach/util/4.0.13/util-4.0.13.jar:/Users/tylerturner/.m2/repository/com/fasterxml/jackson/core/jackson-annotations/2.12.1/jackson-annotations-2.12.1.jar:/Users/tylerturner/.m2/repository/com/google/code/gson/gson/2.10.1/gson-2.10.1.jar:/Users/tylerturner/.m2/repository/eu/hansolo/tilesfx/17.1.15/tilesfx-17.1.15.jar:/Users/tylerturner/.m2/repository/com/github/almasb/fxgl-scene/17.2/fxgl-scene-17.2.jar:/Users/tylerturner/.m2/repository/org/openjfx/javafx-controls/19/javafx-controls-19-mac-aarch64.jar:/Users/tylerturner/.m2/repository/org/controlsfx/controlsfx/11.1.2/controlsfx-11.1.2.jar:/Users/tylerturner/.m2/repository/org/openjfx/javafx-base/19/javafx-base-19-ma-Djdk.module.main=com.tcj.spui com.tcj.spui/com.tcj.spui.HelloApplication

Host: "MacBookPro17,1" arm64, 8 cores, 8G, Darwin 22.3.0, macOS 13.2 (22D49)
Time: Mon Feb 27 17:52:23 2023 EST elapsed time: 9.138758 seconds (0d 0h 0m 9s)

---------------  T H R E A D  ---------------

Current thread is native thread

Stack: [0x000000016e7e8000,0x000000016efe4000],  sp=0x000000016efde3a0,  free space=8152k
Native frames: (J=compiled Java code, j=interpreted, Vv=VM code, C=native code)
C  [libglass.dylib+0xa814]  JNI_OnLoad+0xef8
C  [CoreFoundation+0x76560]  __CFNOTIFICATIONCENTER_IS_CALLING_OUT_TO_AN_OBSERVER__+0x94
C  [CoreFoundation+0x114044]  ___CFXRegistrationPost_block_invoke+0x58
C  [CoreFoundation+0x113f8c]  _CFXRegistrationPost+0x1b8
C  [CoreFoundation+0x47b64]  _CFXNotificationPost+0x2c4
C  [Foundation+0xa38c]  -[NSNotificationCenter postNotificationName:object:userInfo:]+0x58
C  [AppKit+0x240ecc]  -[NSApplication _doHideMaybeFakingIt:]+0x100
C  [AppKit+0x1d6738]  _hideShowHandler+0x70
C  [HIToolbox+0xa4c0]  DispatchEventToHandlers(EventTargetRec*, OpaqueEventRef*, HandlerCallRec*)+0x444
C  [HIToolbox+0x9940]  SendEventToEventTargetInternal(OpaqueEventRef*, OpaqueEventTargetRef*, HandlerCallRec*)+0x164
C  [HIToolbox+0x1fbb8]  SendEventToEventTarget+0x28
C  [AppKit+0x39a14]  _DPSNextEvent+0x454
C  [AppKit+0x389c8]  -[NSApplication(NSEvent) _nextEventMatchingEventMask:untilDate:inMode:dequeue:]+0x2d8
C  [AppKit+0x2cdf8]  -[NSApplication run]+0x1d0
C  [libosxapp.dylib+0x4018]  +[NSApplicationAWT runAWTLoopWithApp:]+0xd0
C  [libawt_lwawt.dylib+0x6ca80]  +[AWTStarter starter:headless:]+0x1e8
C  [libosxapp.dylib+0x5c90]  +[ThreadUtilities invokeBlockCopy:]+0x1c
C  [Foundation+0x7a900]  __NSThreadPerformPerform+0x108
C  [CoreFoundation+0x81a08]  __CFRUNLOOP_IS_CALLING_OUT_TO_A_SOURCE0_PERFORM_FUNCTION__+0x1c
C  [CoreFoundation+0x8199c]  __CFRunLoopDoSource0+0xb0
C  [CoreFoundation+0x8170c]  __CFRunLoopDoSources0+0xf4
C  [CoreFoundation+0x80310]  __CFRunLoopRun+0x344
C  [CoreFoundation+0x7f878]  CFRunLoopRunSpecific+0x264
C  [libjli.dylib+0xb5c4]  CreateExecutionEnvironment+0x190
C  [libjli.dylib+0x79c0]  JLI_Launch+0x4bc
C  [java+0x3bbc]  main+0x18c
C  [dyld+0x5e50]  start+0x9f0


siginfo: si_signo: 11 (SIGSEGV), si_code: 2 (SEGV_ACCERR), si_addr: 0x0000000000000000

Registers:
 x0=0x0000600000995350  x1=0x000000011e00b000  x2=0x0000000000000000  x3=0x0000600000995380
 x4=0x0000000000000006  x5=0x0000000000001350  x6=0x0000000000000a00  x7=0x0000000000000000
 x8=0x000000011e00b088  x9=0x00000000a1a1a1a1 x10=0x000060000a15d375 x11=0x0000000000000003
x12=0x0000000000000001 x13=0x00006000012bbf00 x14=0x01000001df777ee9 x15=0x00000001df777ee8
x16=0x0000000183e64644 x17=0x00000001e06e4420 x18=0x0000000000000000 x19=0x0000600000939470
x20=0x0000000000000000 x21=0x0000600000995350 x22=0x000000010661e4a8 x23=0x000000011f98e6d8
x24=0x0000000000000000 x25=0x0000000000041400 x26=0x0000000000000000 x27=0x0000001a00000013
x28=0x000000016efde8a8  fp=0x000000016efde7f0  lr=0x303c8001065e6810  sp=0x000000016efde3a0
pc=0x00000001065e6814 cpsr=0x0000000080001000

Top of Stack: (sp=0x000000016efde3a0)
0x000000016efde3a0:   000000010660f010 000000010660ee2e
0x000000016efde3b0:   0000000000000138 00000001065e67c4
0x000000016efde3c0:   00000001842a2560 0000000184340044
0x000000016efde3d0:   000000018433ff8c 0000000184273b64
0x000000016efde3e0:   000000018516338c 0000000187738ecc
0x000000016efde3f0:   00000001876ce738 000000018d9644c0
0x000000016efde400:   000000018d963940 000000018d979bb8
0x000000016efde410:   0000000187531a14 00000001875309c8
0x000000016efde420:   0000000187524df8 00000001077b0018
0x000000016efde430:   0000000107ab4a80 00000001077b1c90
0x000000016efde440:   00000001851d3900 00000001842ada08
0x000000016efde450:   00000001842ad99c 00000001842ad70c
0x000000016efde460:   00000001842ac310 00000001842ab878
0x000000016efde470:   0000000100ee35c4 0000000100edf9c0
0x000000016efde480:   0000000100e1fbbc 0000000183ea3e50
0x000000016efde490:   0000000000000000 0000000000000000
0x000000016efde4a0:   0000000000000000 0000000000000000
0x000000016efde4b0:   0000000000000000 0000000000000000
0x000000016efde4c0:   0000000000000000 0000000000000000
0x000000016efde4d0:   0000000000000000 0000000000000000
0x000000016efde4e0:   0000000000000000 0000000000000000
0x000000016efde4f0:   0000000000000000 0000000000000000
0x000000016efde500:   0000000000000000 0000000000000000
0x000000016efde510:   0000000000000000 0000000000000000
0x000000016efde520:   0000000000000000 0000000000000000
0x000000016efde530:   0000000000000000 0000000000000000
0x000000016efde540:   0000000000000000 0000000000000000
0x000000016efde550:   0000000000000000 0000000000000000
0x000000016efde560:   0000000000000000 0000000000000000
0x000000016efde570:   0000000000000000 0000000000000000
0x000000016efde580:   0000000000000000 0000000000000000
0x000000016efde590:   0000000000000000 0000000000000000 

Instructions: (pc=0x00000001065e6814)
0x00000001065e6714:   f85c83a8 d503201f 5816cfa9 f9400129
0x00000001065e6724:   eb08013f 540000e1 911083ff a9437bfd
0x00000001065e6734:   a9424ff4 a94157f6 a8c45ff8 d65f03c0
0x00000001065e6744:   940086ec a9bc5ff8 a90157f6 a9024ff4
0x00000001065e6754:   a9037bfd 9100c3fd d11083ff aa0003f3
0x00000001065e6764:   d503201f 5816cd48 f9400108 f81c83a8
0x00000001065e6774:   101be9b6 d503201f f94002d4 b5000434
0x00000001065e6784:   d503201f 5816cc88 f9400100 52802708
0x00000001065e6794:   f9000be8 501434a8 d503201f 10144389
0x00000001065e67a4:   d503201f a90023e9 1013eec1 d503201f
0x00000001065e67b4:   940086eb 910063e0 52801001 940086d9
0x00000001065e67c4:   aa0003f5 910063e0 aa1503e1 940086d8
0x00000001065e67d4:   aa0003f4 710006bf 540000eb 2a1503f5
0x00000001065e67e4:   aa1403f7 f84086e0 940087b8 f10006b5
0x00000001065e67f4:   54ffffa1 aa1403e0 940086dc f94002d4
0x00000001065e6804:   d503201f 581b7380 94008753 aa0003f5
0x00000001065e6814:   f9400288 f940f516 f9400a73 d503201f
0x00000001065e6824:   581b7460 d503201f 581b0ee1 9400875c
0x00000001065e6834:   aa0003e2 aa1403e0 aa1303e1 d63f02c0
0x00000001065e6844:   d503201f 581aec01 aa1503e0 94008754
0x00000001065e6854:   f9400288 f9403d08 aa1403e0 d63f0100
0x00000001065e6864:   b40002a0 aa0003f3 f9400288 f9404508
0x00000001065e6874:   aa1403e0 d63f0100 f9400288 f9423508
0x00000001065e6884:   d503201f d503201f 581be121 d503201f
0x00000001065e6894:   d503201f 581bee82 f90003f3 aa1403e0
0x00000001065e68a4:   d63f0100 f9400288 f9404508 aa1403e0
0x00000001065e68b4:   d63f0100 f85c83a8 d503201f 5816c289
0x00000001065e68c4:   f9400129 eb08013f 540000e1 911083ff
0x00000001065e68d4:   a9437bfd a9424ff4 a94157f6 a8c45ff8
0x00000001065e68e4:   d65f03c0 94008683 a9bc5ff8 a90157f6
0x00000001065e68f4:   a9024ff4 a9037bfd 9100c3fd d11083ff
0x00000001065e6904:   aa0003f3 d503201f 5816c028 f9400108 



---------------  P R O C E S S  ---------------

VM state: not at safepoint (normal execution)

VM Mutex/Monitor currently owned by a thread: None

Heap address: 0x0000000780000000, size: 2048 MB, Compressed Oops mode: Zero based, Oop shift amount: 3

CDS archive(s) mapped at: [0x0000000800000000-0x0000000800c48000-0x0000000800c48000), size 12877824, SharedBaseAddress: 0x0000000800000000, ArchiveRelocationMode: 0.
Compressed class space mapped at: 0x0000000801000000-0x0000000841000000, reserved size: 1073741824
Narrow klass base: 0x0000000800000000, Narrow klass shift: 0, Narrow klass range: 0x100000000

GC Precious Log:
<Skipped>

Heap:
 garbage-first heap   total 133120K, used 14739K [0x0000000780000000, 0x0000000800000000)
  region size 1024K, 9 young (9216K), 6 survivors (6144K)
 Metaspace       used 19085K, committed 19456K, reserved 1114112K
  class space    used 2466K, committed 2624K, reserved 1048576K

Heap Regions: E=young(eden), S=young(survivor), O=old, HS=humongous(starts), HC=humongous(continues), CS=collection set, F=free, OA=open archive, CA=closed archive, TAMS=top-at-mark-start (previous, next)
|   0|0x0000000780000000, 0x0000000780100000, 0x0000000780100000|100%|HS|  |TAMS 0x0000000780000000, 0x0000000780000000| Complete 
|   1|0x0000000780100000, 0x0000000780200000, 0x0000000780200000|100%|HC|  |TAMS 0x0000000780100000, 0x0000000780100000| Complete 
|   2|0x0000000780200000, 0x0000000780300000, 0x0000000780300000|100%| O|  |TAMS 0x0000000780200000, 0x0000000780200000| Untracked 
|   3|0x0000000780300000, 0x0000000780400000, 0x0000000780400000|100%| O|  |TAMS 0x0000000780300000, 0x0000000780300000| Untracked 
|   4|0x0000000780400000, 0x0000000780500000, 0x0000000780500000|100%| O|  |TAMS 0x0000000780400000, 0x0000000780400000| Untracked 
|   5|0x0000000780500000, 0x000000078056c400, 0x0000000780600000| 42%| O|  |TAMS 0x0000000780500000, 0x0000000780500000| Untracked 
|   6|0x0000000780600000, 0x0000000780600000, 0x0000000780700000|  0%| F|  |TAMS 0x0000000780600000, 0x0000000780600000| Untracked 
|   7|0x0000000780700000, 0x0000000780700000, 0x0000000780800000|  0%| F|  |TAMS 0x0000000780700000, 0x0000000780700000| Untracked 
|   8|0x0000000780800000, 0x0000000780800000, 0x0000000780900000|  0%| F|  |TAMS 0x0000000780800000, 0x0000000780800000| Untracked 
|   9|0x0000000780900000, 0x0000000780900000, 0x0000000780a00000|  0%| F|  |TAMS 0x0000000780900000, 0x0000000780900000| Untracked 
|  10|0x0000000780a00000, 0x0000000780a00000, 0x0000000780b00000|  0%| F|  |TAMS 0x0000000780a00000, 0x0000000780a00000| Untracked 
|  11|0x0000000780b00000, 0x0000000780b00000, 0x0000000780c00000|  0%| F|  |TAMS 0x0000000780b00000, 0x0000000780b00000| Untracked 
|  12|0x0000000780c00000, 0x0000000780c00000, 0x0000000780d00000|  0%| F|  |TAMS 0x0000000780c00000, 0x0000000780c00000| Untracked 
|  13|0x0000000780d00000, 0x0000000780d00000, 0x0000000780e00000|  0%| F|  |TAMS 0x0000000780d00000, 0x0000000780d00000| Untracked 
|  14|0x0000000780e00000, 0x0000000780e00000, 0x0000000780f00000|  0%| F|  |TAMS 0x0000000780e00000, 0x0000000780e00000| Untracked 
|  15|0x0000000780f00000, 0x0000000780f00000, 0x0000000781000000|  0%| F|  |TAMS 0x0000000780f00000, 0x0000000780f00000| Untracked 
|  16|0x0000000781000000, 0x0000000781000000, 0x0000000781100000|  0%| F|  |TAMS 0x0000000781000000, 0x0000000781000000| Untracked 
|  17|0x0000000781100000, 0x0000000781100000, 0x0000000781200000|  0%| F|  |TAMS 0x0000000781100000, 0x0000000781100000| Untracked 
|  18|0x0000000781200000, 0x0000000781200000, 0x0000000781300000|  0%| F|  |TAMS 0x0000000781200000, 0x0000000781200000| Untracked 
|  19|0x0000000781300000, 0x0000000781300000, 0x0000000781400000|  0%| F|  |TAMS 0x0000000781300000, 0x0000000781300000| Untracked 
|  20|0x0000000781400000, 0x0000000781400000, 0x0000000781500000|  0%| F|  |TAMS 0x0000000781400000, 0x0000000781400000| Untracked 
|  21|0x0000000781500000, 0x0000000781500000, 0x0000000781600000|  0%| F|  |TAMS 0x0000000781500000, 0x0000000781500000| Untracked 
|  22|0x0000000781600000, 0x0000000781600000, 0x0000000781700000|  0%| F|  |TAMS 0x0000000781600000, 0x0000000781600000| Untracked 
|  23|0x0000000781700000, 0x0000000781700000, 0x0000000781800000|  0%| F|  |TAMS 0x0000000781700000, 0x0000000781700000| Untracked 
|  24|0x0000000781800000, 0x0000000781800000, 0x0000000781900000|  0%| F|  |TAMS 0x0000000781800000, 0x0000000781800000| Untracked 
|  25|0x0000000781900000, 0x0000000781900000, 0x0000000781a00000|  0%| F|  |TAMS 0x0000000781900000, 0x0000000781900000| Untracked 
|  26|0x0000000781a00000, 0x0000000781a00000, 0x0000000781b00000|  0%| F|  |TAMS 0x0000000781a00000, 0x0000000781a00000| Untracked 
|  27|0x0000000781b00000, 0x0000000781b00000, 0x0000000781c00000|  0%| F|  |TAMS 0x0000000781b00000, 0x0000000781b00000| Untracked 
|  28|0x0000000781c00000, 0x0000000781c00000, 0x0000000781d00000|  0%| F|  |TAMS 0x0000000781c00000, 0x0000000781c00000| Untracked 
|  29|0x0000000781d00000, 0x0000000781d00000, 0x0000000781e00000|  0%| F|  |TAMS 0x0000000781d00000, 0x0000000781d00000| Untracked 
|  30|0x0000000781e00000, 0x0000000781e00000, 0x0000000781f00000|  0%| F|  |TAMS 0x0000000781e00000, 0x0000000781e00000| Untracked 
|  31|0x0000000781f00000, 0x0000000781f00000, 0x0000000782000000|  0%| F|  |TAMS 0x0000000781f00000, 0x0000000781f00000| Untracked 
|  32|0x0000000782000000, 0x0000000782000000, 0x0000000782100000|  0%| F|  |TAMS 0x0000000782000000, 0x0000000782000000| Untracked 
|  33|0x0000000782100000, 0x0000000782100000, 0x0000000782200000|  0%| F|  |TAMS 0x0000000782100000, 0x0000000782100000| Untracked 
|  34|0x0000000782200000, 0x0000000782200000, 0x0000000782300000|  0%| F|  |TAMS 0x0000000782200000, 0x0000000782200000| Untracked 
|  35|0x0000000782300000, 0x0000000782300000, 0x0000000782400000|  0%| F|  |TAMS 0x0000000782300000, 0x0000000782300000| Untracked 
|  36|0x0000000782400000, 0x0000000782400000, 0x0000000782500000|  0%| F|  |TAMS 0x0000000782400000, 0x0000000782400000| Untracked 
|  37|0x0000000782500000, 0x0000000782500000, 0x0000000782600000|  0%| F|  |TAMS 0x0000000782500000, 0x0000000782500000| Untracked 
|  38|0x0000000782600000, 0x0000000782600000, 0x0000000782700000|  0%| F|  |TAMS 0x0000000782600000, 0x0000000782600000| Untracked 
|  39|0x0000000782700000, 0x0000000782700000, 0x0000000782800000|  0%| F|  |TAMS 0x0000000782700000, 0x0000000782700000| Untracked 
|  40|0x0000000782800000, 0x0000000782800000, 0x0000000782900000|  0%| F|  |TAMS 0x0000000782800000, 0x0000000782800000| Untracked 
|  41|0x0000000782900000, 0x0000000782900000, 0x0000000782a00000|  0%| F|  |TAMS 0x0000000782900000, 0x0000000782900000| Untracked 
|  42|0x0000000782a00000, 0x0000000782a00000, 0x0000000782b00000|  0%| F|  |TAMS 0x0000000782a00000, 0x0000000782a00000| Untracked 
|  43|0x0000000782b00000, 0x0000000782b00000, 0x0000000782c00000|  0%| F|  |TAMS 0x0000000782b00000, 0x0000000782b00000| Untracked 
|  44|0x0000000782c00000, 0x0000000782c00000, 0x0000000782d00000|  0%| F|  |TAMS 0x0000000782c00000, 0x0000000782c00000| Untracked 
|  45|0x0000000782d00000, 0x0000000782d00000, 0x0000000782e00000|  0%| F|  |TAMS 0x0000000782d00000, 0x0000000782d00000| Untracked 
|  46|0x0000000782e00000, 0x0000000782e00000, 0x0000000782f00000|  0%| F|  |TAMS 0x0000000782e00000, 0x0000000782e00000| Untracked 
|  47|0x0000000782f00000, 0x0000000782f00000, 0x0000000783000000|  0%| F|  |TAMS 0x0000000782f00000, 0x0000000782f00000| Untracked 
|  48|0x0000000783000000, 0x0000000783000000, 0x0000000783100000|  0%| F|  |TAMS 0x0000000783000000, 0x0000000783000000| Untracked 
|  49|0x0000000783100000, 0x0000000783100000, 0x0000000783200000|  0%| F|  |TAMS 0x0000000783100000, 0x0000000783100000| Untracked 
|  50|0x0000000783200000, 0x0000000783200000, 0x0000000783300000|  0%| F|  |TAMS 0x0000000783200000, 0x0000000783200000| Untracked 
|  51|0x0000000783300000, 0x0000000783300000, 0x0000000783400000|  0%| F|  |TAMS 0x0000000783300000, 0x0000000783300000| Untracked 
|  52|0x0000000783400000, 0x0000000783400000, 0x0000000783500000|  0%| F|  |TAMS 0x0000000783400000, 0x0000000783400000| Untracked 
|  53|0x0000000783500000, 0x0000000783500000, 0x0000000783600000|  0%| F|  |TAMS 0x0000000783500000, 0x0000000783500000| Untracked 
|  54|0x0000000783600000, 0x0000000783600000, 0x0000000783700000|  0%| F|  |TAMS 0x0000000783600000, 0x0000000783600000| Untracked 
|  55|0x0000000783700000, 0x0000000783700000, 0x0000000783800000|  0%| F|  |TAMS 0x0000000783700000, 0x0000000783700000| Untracked 
|  56|0x0000000783800000, 0x0000000783800000, 0x0000000783900000|  0%| F|  |TAMS 0x0000000783800000, 0x0000000783800000| Untracked 
|  57|0x0000000783900000, 0x0000000783900000, 0x0000000783a00000|  0%| F|  |TAMS 0x0000000783900000, 0x0000000783900000| Untracked 
|  58|0x0000000783a00000, 0x0000000783a00000, 0x0000000783b00000|  0%| F|  |TAMS 0x0000000783a00000, 0x0000000783a00000| Untracked 
|  59|0x0000000783b00000, 0x0000000783b00000, 0x0000000783c00000|  0%| F|  |TAMS 0x0000000783b00000, 0x0000000783b00000| Untracked 
|  60|0x0000000783c00000, 0x0000000783c00000, 0x0000000783d00000|  0%| F|  |TAMS 0x0000000783c00000, 0x0000000783c00000| Untracked 
|  61|0x0000000783d00000, 0x0000000783d00000, 0x0000000783e00000|  0%| F|  |TAMS 0x0000000783d00000, 0x0000000783d00000| Untracked 
|  62|0x0000000783e00000, 0x0000000783e00000, 0x0000000783f00000|  0%| F|  |TAMS 0x0000000783e00000, 0x0000000783e00000| Untracked 
|  63|0x0000000783f00000, 0x0000000783f00000, 0x0000000784000000|  0%| F|  |TAMS 0x0000000783f00000, 0x0000000783f00000| Untracked 
|  64|0x0000000784000000, 0x0000000784000000, 0x0000000784100000|  0%| F|  |TAMS 0x0000000784000000, 0x0000000784000000| Untracked 
|  65|0x0000000784100000, 0x0000000784100000, 0x0000000784200000|  0%| F|  |TAMS 0x0000000784100000, 0x0000000784100000| Untracked 
|  66|0x0000000784200000, 0x0000000784200000, 0x0000000784300000|  0%| F|  |TAMS 0x0000000784200000, 0x0000000784200000| Untracked 
|  67|0x0000000784300000, 0x0000000784300000, 0x0000000784400000|  0%| F|  |TAMS 0x0000000784300000, 0x0000000784300000| Untracked 
|  68|0x0000000784400000, 0x0000000784400000, 0x0000000784500000|  0%| F|  |TAMS 0x0000000784400000, 0x0000000784400000| Untracked 
|  69|0x0000000784500000, 0x0000000784500000, 0x0000000784600000|  0%| F|  |TAMS 0x0000000784500000, 0x0000000784500000| Untracked 
|  70|0x0000000784600000, 0x0000000784600000, 0x0000000784700000|  0%| F|  |TAMS 0x0000000784600000, 0x0000000784600000| Untracked 
|  71|0x0000000784700000, 0x0000000784700000, 0x0000000784800000|  0%| F|  |TAMS 0x0000000784700000, 0x0000000784700000| Untracked 
|  72|0x0000000784800000, 0x0000000784800000, 0x0000000784900000|  0%| F|  |TAMS 0x0000000784800000, 0x0000000784800000| Untracked 
|  73|0x0000000784900000, 0x0000000784900000, 0x0000000784a00000|  0%| F|  |TAMS 0x0000000784900000, 0x0000000784900000| Untracked 
|  74|0x0000000784a00000, 0x0000000784b00000, 0x0000000784b00000|100%| S|CS|TAMS 0x0000000784a00000, 0x0000000784a00000| Complete 
|  75|0x0000000784b00000, 0x0000000784c00000, 0x0000000784c00000|100%| S|CS|TAMS 0x0000000784b00000, 0x0000000784b00000| Complete 
|  76|0x0000000784c00000, 0x0000000784d00000, 0x0000000784d00000|100%| S|CS|TAMS 0x0000000784c00000, 0x0000000784c00000| Complete 
|  77|0x0000000784d00000, 0x0000000784e00000, 0x0000000784e00000|100%| S|CS|TAMS 0x0000000784d00000, 0x0000000784d00000| Complete 
|  78|0x0000000784e00000, 0x0000000784f00000, 0x0000000784f00000|100%| S|CS|TAMS 0x0000000784e00000, 0x0000000784e00000| Complete 
|  79|0x0000000784f00000, 0x0000000785000000, 0x0000000785000000|100%| S|CS|TAMS 0x0000000784f00000, 0x0000000784f00000| Complete 
|  80|0x0000000785000000, 0x0000000785000000, 0x0000000785100000|  0%| F|  |TAMS 0x0000000785000000, 0x0000000785000000| Untracked 
|  81|0x0000000785100000, 0x0000000785100000, 0x0000000785200000|  0%| F|  |TAMS 0x0000000785100000, 0x0000000785100000| Untracked 
|  82|0x0000000785200000, 0x0000000785200000, 0x0000000785300000|  0%| F|  |TAMS 0x0000000785200000, 0x0000000785200000| Untracked 
|  83|0x0000000785300000, 0x0000000785300000, 0x0000000785400000|  0%| F|  |TAMS 0x0000000785300000, 0x0000000785300000| Untracked 
|  84|0x0000000785400000, 0x0000000785400000, 0x0000000785500000|  0%| F|  |TAMS 0x0000000785400000, 0x0000000785400000| Untracked 
|  85|0x0000000785500000, 0x0000000785500000, 0x0000000785600000|  0%| F|  |TAMS 0x0000000785500000, 0x0000000785500000| Untracked 
|  86|0x0000000785600000, 0x0000000785600000, 0x0000000785700000|  0%| F|  |TAMS 0x0000000785600000, 0x0000000785600000| Untracked 
|  87|0x0000000785700000, 0x0000000785700000, 0x0000000785800000|  0%| F|  |TAMS 0x0000000785700000, 0x0000000785700000| Untracked 
|  88|0x0000000785800000, 0x0000000785800000, 0x0000000785900000|  0%| F|  |TAMS 0x0000000785800000, 0x0000000785800000| Untracked 
|  89|0x0000000785900000, 0x0000000785900000, 0x0000000785a00000|  0%| F|  |TAMS 0x0000000785900000, 0x0000000785900000| Untracked 
|  90|0x0000000785a00000, 0x0000000785a00000, 0x0000000785b00000|  0%| F|  |TAMS 0x0000000785a00000, 0x0000000785a00000| Untracked 
|  91|0x0000000785b00000, 0x0000000785b00000, 0x0000000785c00000|  0%| F|  |TAMS 0x0000000785b00000, 0x0000000785b00000| Untracked 
|  92|0x0000000785c00000, 0x0000000785c00000, 0x0000000785d00000|  0%| F|  |TAMS 0x0000000785c00000, 0x0000000785c00000| Untracked 
|  93|0x0000000785d00000, 0x0000000785d00000, 0x0000000785e00000|  0%| F|  |TAMS 0x0000000785d00000, 0x0000000785d00000| Untracked 
|  94|0x0000000785e00000, 0x0000000785e00000, 0x0000000785f00000|  0%| F|  |TAMS 0x0000000785e00000, 0x0000000785e00000| Untracked 
|  95|0x0000000785f00000, 0x0000000785f00000, 0x0000000786000000|  0%| F|  |TAMS 0x0000000785f00000, 0x0000000785f00000| Untracked 
|  96|0x0000000786000000, 0x0000000786000000, 0x0000000786100000|  0%| F|  |TAMS 0x0000000786000000, 0x0000000786000000| Untracked 
|  97|0x0000000786100000, 0x0000000786100000, 0x0000000786200000|  0%| F|  |TAMS 0x0000000786100000, 0x0000000786100000| Untracked 
|  98|0x0000000786200000, 0x0000000786200000, 0x0000000786300000|  0%| F|  |TAMS 0x0000000786200000, 0x0000000786200000| Untracked 
|  99|0x0000000786300000, 0x0000000786300000, 0x0000000786400000|  0%| F|  |TAMS 0x0000000786300000, 0x0000000786300000| Untracked 
| 100|0x0000000786400000, 0x0000000786400000, 0x0000000786500000|  0%| F|  |TAMS 0x0000000786400000, 0x0000000786400000| Untracked 
| 101|0x0000000786500000, 0x0000000786500000, 0x0000000786600000|  0%| F|  |TAMS 0x0000000786500000, 0x0000000786500000| Untracked 
| 102|0x0000000786600000, 0x0000000786600000, 0x0000000786700000|  0%| F|  |TAMS 0x0000000786600000, 0x0000000786600000| Untracked 
| 103|0x0000000786700000, 0x0000000786700000, 0x0000000786800000|  0%| F|  |TAMS 0x0000000786700000, 0x0000000786700000| Untracked 
| 104|0x0000000786800000, 0x0000000786800000, 0x0000000786900000|  0%| F|  |TAMS 0x0000000786800000, 0x0000000786800000| Untracked 
| 105|0x0000000786900000, 0x0000000786900000, 0x0000000786a00000|  0%| F|  |TAMS 0x0000000786900000, 0x0000000786900000| Untracked 
| 106|0x0000000786a00000, 0x0000000786a00000, 0x0000000786b00000|  0%| F|  |TAMS 0x0000000786a00000, 0x0000000786a00000| Untracked 
| 107|0x0000000786b00000, 0x0000000786b00000, 0x0000000786c00000|  0%| F|  |TAMS 0x0000000786b00000, 0x0000000786b00000| Untracked 
| 108|0x0000000786c00000, 0x0000000786c00000, 0x0000000786d00000|  0%| F|  |TAMS 0x0000000786c00000, 0x0000000786c00000| Untracked 
| 109|0x0000000786d00000, 0x0000000786d00000, 0x0000000786e00000|  0%| F|  |TAMS 0x0000000786d00000, 0x0000000786d00000| Untracked 
| 110|0x0000000786e00000, 0x0000000786e00000, 0x0000000786f00000|  0%| F|  |TAMS 0x0000000786e00000, 0x0000000786e00000| Untracked 
| 111|0x0000000786f00000, 0x0000000786f00000, 0x0000000787000000|  0%| F|  |TAMS 0x0000000786f00000, 0x0000000786f00000| Untracked 
| 112|0x0000000787000000, 0x0000000787000000, 0x0000000787100000|  0%| F|  |TAMS 0x0000000787000000, 0x0000000787000000| Untracked 
| 113|0x0000000787100000, 0x0000000787100000, 0x0000000787200000|  0%| F|  |TAMS 0x0000000787100000, 0x0000000787100000| Untracked 
| 114|0x0000000787200000, 0x0000000787200000, 0x0000000787300000|  0%| F|  |TAMS 0x0000000787200000, 0x0000000787200000| Untracked 
| 115|0x0000000787300000, 0x0000000787300000, 0x0000000787400000|  0%| F|  |TAMS 0x0000000787300000, 0x0000000787300000| Untracked 
| 116|0x0000000787400000, 0x0000000787400000, 0x0000000787500000|  0%| F|  |TAMS 0x0000000787400000, 0x0000000787400000| Untracked 
| 117|0x0000000787500000, 0x0000000787500000, 0x0000000787600000|  0%| F|  |TAMS 0x0000000787500000, 0x0000000787500000| Untracked 
| 118|0x0000000787600000, 0x0000000787600000, 0x0000000787700000|  0%| F|  |TAMS 0x0000000787600000, 0x0000000787600000| Untracked 
| 119|0x0000000787700000, 0x0000000787700000, 0x0000000787800000|  0%| F|  |TAMS 0x0000000787700000, 0x0000000787700000| Untracked 
| 120|0x0000000787800000, 0x0000000787800000, 0x0000000787900000|  0%| F|  |TAMS 0x0000000787800000, 0x0000000787800000| Untracked 
| 121|0x0000000787900000, 0x0000000787900000, 0x0000000787a00000|  0%| F|  |TAMS 0x0000000787900000, 0x0000000787900000| Untracked 
| 122|0x0000000787a00000, 0x0000000787a00000, 0x0000000787b00000|  0%| F|  |TAMS 0x0000000787a00000, 0x0000000787a00000| Untracked 
| 123|0x0000000787b00000, 0x0000000787b00000, 0x0000000787c00000|  0%| F|  |TAMS 0x0000000787b00000, 0x0000000787b00000| Untracked 
| 124|0x0000000787c00000, 0x0000000787c00000, 0x0000000787d00000|  0%| F|  |TAMS 0x0000000787c00000, 0x0000000787c00000| Untracked 
| 125|0x0000000787d00000, 0x0000000787d00800, 0x0000000787e00000|  0%| E|  |TAMS 0x0000000787d00000, 0x0000000787d00000| Complete 
| 126|0x0000000787e00000, 0x0000000787f00000, 0x0000000787f00000|100%| E|CS|TAMS 0x0000000787e00000, 0x0000000787e00000| Complete 
| 127|0x0000000787f00000, 0x0000000788000000, 0x0000000788000000|100%| E|CS|TAMS 0x0000000787f00000, 0x0000000787f00000| Complete 
|2046|0x00000007ffe00000, 0x00000007ffe78000, 0x00000007fff00000| 46%|OA|  |TAMS 0x00000007ffe00000, 0x00000007ffe00000| Untracked 
|2047|0x00000007fff00000, 0x00000007fff80000, 0x0000000800000000| 50%|CA|  |TAMS 0x00000007fff00000, 0x00000007fff00000| Untracked 

Card table byte_map: [0x00000001017d8000,0x0000000101bd8000] _byte_map_base: 0x00000000fdbd8000

Marking Bits (Prev, Next): (CMBitMap*) 0x000000011f009410, (CMBitMap*) 0x000000011f009450
 Prev Bits: [0x0000000104400000, 0x0000000106400000)
 Next Bits: [0x0000000118000000, 0x000000011a000000)

Polling page: 0x0000000100e74000

Metaspace:

Usage:
  Non-class:     16.23 MB used.
      Class:      2.41 MB used.
       Both:     18.64 MB used.

Virtual space:
  Non-class space:       64.00 MB reserved,      16.44 MB ( 26%) committed,  1 nodes.
      Class space:        1.00 GB reserved,       2.56 MB ( <1%) committed,  1 nodes.
             Both:        1.06 GB reserved,      19.00 MB (  2%) committed. 

Chunk freelists:
   Non-Class:  3.58 MB
       Class:  1.47 MB
        Both:  5.05 MB

MaxMetaspaceSize: unlimited
CompressedClassSpaceSize: 1.00 GB
Initial GC threshold: 21.00 MB
Current GC threshold: 21.00 MB
CDS: on
MetaspaceReclaimPolicy: balanced
 - commit_granule_bytes: 65536.
 - commit_granule_words: 8192.
 - virtual_space_node_default_size: 8388608.
 - enlarge_chunks_in_place: 1.
 - new_chunks_are_fully_committed: 0.
 - uncommit_free_chunks: 1.
 - use_allocation_guard: 0.


Internal statistics:

num_allocs_failed_limit: 0.
num_arena_births: 356.
num_arena_deaths: 0.
num_vsnodes_births: 2.
num_vsnodes_deaths: 0.
num_space_committed: 304.
num_space_uncommitted: 0.
num_chunks_returned_to_freelist: 0.
num_chunks_taken_from_freelist: 833.
num_chunk_merges: 0.
num_chunk_splits: 593.
num_chunks_enlarged: 470.
num_inconsistent_stats: 0.

CodeHeap 'non-profiled nmethods': size=120032Kb used=855Kb max_used=855Kb free=119176Kb
 bounds [0x000000013fac8000, 0x000000013fd38000, 0x0000000147000000]
CodeHeap 'profiled nmethods': size=120016Kb used=4134Kb max_used=4134Kb free=115881Kb
 bounds [0x0000000138000000, 0x0000000138410000, 0x000000013f534000]
CodeHeap 'non-nmethods': size=5712Kb used=1460Kb max_used=1492Kb free=4251Kb
 bounds [0x000000013f534000, 0x000000013f7a4000, 0x000000013fac8000]
 total_blobs=3043 nmethods=2239 adapters=718
 compilation: enabled
              stopped_count=0, restarted_count=0
 full_count=0

Compilation events (20 events):
Event: 8.714 Thread 0x000000010300ae00 2364       3       java.lang.ThreadLocal::get (47 bytes)
Event: 8.714 Thread 0x000000010300ae00 nmethod 2364 0x0000000138406110 code [0x0000000138406340, 0x00000001384067d8]
Event: 8.714 Thread 0x000000010300ae00 2366       3       java.util.BitSet::wordIndex (5 bytes)
Event: 8.714 Thread 0x000000010300ae00 nmethod 2366 0x0000000138406990 code [0x0000000138406b40, 0x0000000138406c18]
Event: 8.714 Thread 0x000000010300ae00 2365       3       java.nio.charset.CoderResult::isOverflow (14 bytes)
Event: 8.714 Thread 0x000000010300ae00 nmethod 2365 0x0000000138406c90 code [0x0000000138406e40, 0x0000000138406f98]
Event: 8.716 Thread 0x000000010300ae00 2367       3       java.security.AccessController::checkContext (49 bytes)
Event: 8.716 Thread 0x000000010300ae00 nmethod 2367 0x0000000138407010 code [0x00000001384071c0, 0x0000000138407398]
Event: 9.015 Thread 0x000000010300ae00 2368       3       java.lang.invoke.StringConcatFactory::classIndex (72 bytes)
Event: 9.016 Thread 0x000000010300ae00 nmethod 2368 0x0000000138407490 code [0x0000000138407780, 0x0000000138407ff8]
Event: 9.016 Thread 0x000000010300ae00 2369       3       java.lang.System$2::defineClass (21 bytes)
Event: 9.016 Thread 0x000000010300ae00 nmethod 2369 0x0000000138408390 code [0x0000000138408540, 0x00000001384086c8]
Event: 9.016 Thread 0x000000010300ae00 2370       3       java.lang.invoke.SimpleMethodHandle::copyWithExtendL (7 bytes)
Event: 9.016 Thread 0x000000010300ae00 nmethod 2370 0x0000000138408810 code [0x00000001384089c0, 0x0000000138408b88]
Event: 9.016 Thread 0x000000010300ae00 2371       3       java.lang.invoke.BoundMethodHandle::bindSingle (7 bytes)
Event: 9.016 Thread 0x000000010300ae00 nmethod 2371 0x0000000138408c90 code [0x0000000138408e40, 0x0000000138408f48]
Event: 9.107 Thread 0x000000010300ae00 2372       3       java.util.concurrent.locks.ReentrantLock::newCondition (8 bytes)
Event: 9.107 Thread 0x000000010300ae00 nmethod 2372 0x0000000138409010 code [0x0000000138409200, 0x00000001384094d8]
Event: 9.107 Thread 0x000000010300ae00 2373       3       java.util.concurrent.locks.ReentrantLock$Sync::newCondition (9 bytes)
Event: 9.107 Thread 0x000000010300ae00 nmethod 2373 0x0000000138409610 code [0x00000001384097c0, 0x0000000138409a18]

GC Heap History (4 events):
Event: 1.105 GC heap before
{Heap before GC invocations=0 (full 0):
 garbage-first heap   total 133120K, used 24544K [0x0000000780000000, 0x0000000800000000)
  region size 1024K, 23 young (23552K), 0 survivors (0K)
 Metaspace       used 5193K, committed 5440K, reserved 1114112K
  class space    used 596K, committed 704K, reserved 1048576K
}
Event: 1.107 GC heap after
{Heap after GC invocations=1 (full 0):
 garbage-first heap   total 133120K, used 4044K [0x0000000780000000, 0x0000000800000000)
  region size 1024K, 3 young (3072K), 3 survivors (3072K)
 Metaspace       used 5193K, committed 5440K, reserved 1114112K
  class space    used 596K, committed 704K, reserved 1048576K
}
Event: 4.046 GC heap before
{Heap before GC invocations=1 (full 0):
 garbage-first heap   total 133120K, used 51148K [0x0000000780000000, 0x0000000800000000)
  region size 1024K, 48 young (49152K), 3 survivors (3072K)
 Metaspace       used 18272K, committed 18688K, reserved 1114112K
  class space    used 2388K, committed 2560K, reserved 1048576K
}
Event: 4.053 GC heap after
{Heap after GC invocations=2 (full 0):
 garbage-first heap   total 133120K, used 12689K [0x0000000780000000, 0x0000000800000000)
  region size 1024K, 6 young (6144K), 6 survivors (6144K)
 Metaspace       used 18272K, committed 18688K, reserved 1114112K
  class space    used 2388K, committed 2560K, reserved 1048576K
}

Dll operation events (18 events):
Event: 0.085 Loaded shared library /Library/Java/JavaVirtualMachines/jdk-19.jdk/Contents/Home/lib/libjava.dylib
Event: 0.146 Loaded shared library /Library/Java/JavaVirtualMachines/jdk-19.jdk/Contents/Home/lib/libnio.dylib
Event: 0.188 Loaded shared library /Library/Java/JavaVirtualMachines/jdk-19.jdk/Contents/Home/lib/libzip.dylib
Event: 0.314 Loaded shared library /Library/Java/JavaVirtualMachines/jdk-19.jdk/Contents/Home/lib/libnet.dylib
Event: 0.574 Loaded shared library /Library/Java/JavaVirtualMachines/jdk-19.jdk/Contents/Home/lib/libzip.dylib
Event: 0.575 Loaded shared library /Library/Java/JavaVirtualMachines/jdk-19.jdk/Contents/Home/lib/libinstrument.dylib
Event: 0.706 Loading shared library /Users/tylerturner/.m2/repository/org/openjfx/javafx-graphics/19/libprism_es2.dylib failed, dlopen(/Users/tylerturner/.m2/repository/org/openjfx/javafx-graphics/19/libprism_es2.dylib, 0x0001): tried: '/Users/tylerturner/.m2/reposito
Event: 0.756 Loaded shared library /Users/tylerturner/.openjfx/cache/19+11/aarch64/libprism_es2.dylib
Event: 0.858 Loading shared library /Users/tylerturner/.m2/repository/org/openjfx/javafx-graphics/19/libglass.dylib failed, dlopen(/Users/tylerturner/.m2/repository/org/openjfx/javafx-graphics/19/libglass.dylib, 0x0001): tried: '/Users/tylerturner/.m2/repository/org/o
Event: 0.897 Loaded shared library /Users/tylerturner/.openjfx/cache/19+11/aarch64/libglass.dylib
Event: 1.109 Loaded shared library /Library/Java/JavaVirtualMachines/jdk-19.jdk/Contents/Home/lib/libjimage.dylib
Event: 1.196 Loading shared library /Users/tylerturner/.m2/repository/org/openjfx/javafx-graphics/19/libjavafx_font.dylib failed, dlopen(/Users/tylerturner/.m2/repository/org/openjfx/javafx-graphics/19/libjavafx_font.dylib, 0x0001): tried: '/Users/tylerturner/.m2/repo
Event: 1.239 Loaded shared library /Users/tylerturner/.openjfx/cache/19+11/aarch64/libjavafx_font.dylib
Event: 3.414 Loaded shared library /Library/Java/JavaVirtualMachines/jdk-19.jdk/Contents/Home/lib/libverify.dylib
Event: 3.841 Loaded shared library /private/var/folders/f6/pr4ylkt54jj_wclwsdygrvpw0000gn/T/jansi-2.4.0-955cde716af9b909-libjansi.jnilib
Event: 8.787 Loaded shared library /Library/Java/JavaVirtualMachines/jdk-19.jdk/Contents/Home/lib/libawt.dylib
Event: 9.014 Loaded shared library /Library/Java/JavaVirtualMachines/jdk-19.jdk/Contents/Home/lib/libawt_lwawt.dylib
Event: 9.104 Loaded shared library /Library/Java/JavaVirtualMachines/jdk-19.jdk/Contents/Home/lib/libfontmanager.dylib

Deoptimization events (20 events):
Event: 4.010 Thread 0x000000011f008800 Uncommon trap: trap_request=0xffffff45 fr.pc=0x000000013fb91b08 relative=0x00000000000001c8
Event: 4.010 Thread 0x000000011f008800 Uncommon trap: reason=unstable_if action=reinterpret pc=0x000000013fb91b08 method=java.lang.String.startsWith(Ljava/lang/String;I)Z @ 50 c2
Event: 4.010 Thread 0x000000011f008800 DEOPT PACKING pc=0x000000013fb91b08 sp=0x000000016f2712c0
Event: 4.010 Thread 0x000000011f008800 DEOPT UNPACKING pc=0x000000013f58321c sp=0x000000016f2711c0 mode 2
Event: 4.010 Thread 0x000000011f008800 Uncommon trap: trap_request=0xffffff45 fr.pc=0x000000013fad40e4 relative=0x00000000000001a4
Event: 4.010 Thread 0x000000011f008800 Uncommon trap: reason=unstable_if action=reinterpret pc=0x000000013fad40e4 method=java.lang.StringCoding.countPositives([BII)I @ 17 c2
Event: 4.010 Thread 0x000000011f008800 DEOPT PACKING pc=0x000000013fad40e4 sp=0x000000016f270a20
Event: 4.010 Thread 0x000000011f008800 DEOPT UNPACKING pc=0x000000013f58321c sp=0x000000016f2709c0 mode 2
Event: 4.017 Thread 0x000000011f008800 Uncommon trap: trap_request=0xffffff45 fr.pc=0x000000013fb92668 relative=0x00000000000001e8
Event: 4.017 Thread 0x000000011f008800 Uncommon trap: reason=unstable_if action=reinterpret pc=0x000000013fb92668 method=java.lang.String.startsWith(Ljava/lang/String;I)Z @ 131 c2
Event: 4.017 Thread 0x000000011f008800 DEOPT PACKING pc=0x000000013fb92668 sp=0x000000016f271280
Event: 4.017 Thread 0x000000011f008800 DEOPT UNPACKING pc=0x000000013f58321c sp=0x000000016f2711e0 mode 2
Event: 4.019 Thread 0x000000011f008800 Uncommon trap: trap_request=0xffffff45 fr.pc=0x000000013fb92d10 relative=0x0000000000000190
Event: 4.019 Thread 0x000000011f008800 Uncommon trap: reason=unstable_if action=reinterpret pc=0x000000013fb92d10 method=java.lang.String.startsWith(Ljava/lang/String;I)Z @ 131 c2
Event: 4.019 Thread 0x000000011f008800 DEOPT PACKING pc=0x000000013fb92d10 sp=0x000000016f2712c0
Event: 4.019 Thread 0x000000011f008800 DEOPT UNPACKING pc=0x000000013f58321c sp=0x000000016f2711c0 mode 2
Event: 4.025 Thread 0x000000011f008800 Uncommon trap: trap_request=0xffffff45 fr.pc=0x000000013fb8195c relative=0x0000000000000f9c
Event: 4.025 Thread 0x000000011f008800 Uncommon trap: reason=unstable_if action=reinterpret pc=0x000000013fb8195c method=java.util.concurrent.ConcurrentHashMap.transfer([Ljava/util/concurrent/ConcurrentHashMap$Node;[Ljava/util/concurrent/ConcurrentHashMap$Node;)V @ 352 c2
Event: 4.025 Thread 0x000000011f008800 DEOPT PACKING pc=0x000000013fb8195c sp=0x000000016f271040
Event: 4.025 Thread 0x000000011f008800 DEOPT UNPACKING pc=0x000000013f58321c sp=0x000000016f270f70 mode 2

Classes loaded (20 events):
Event: 9.106 Loading class sun/awt/AWTAccessor$InputEventAccessor done
Event: 9.107 Loading class java/awt/event/InputEvent$1 done
Event: 9.107 Loading class sun/lwawt/macosx/LWCToolkit$2
Event: 9.107 Loading class sun/lwawt/macosx/LWCToolkit$2 done
Event: 9.107 Loading class java/awt/Toolkit$DesktopPropertyChangeSupport
Event: 9.107 Loading class java/beans/PropertyChangeSupport
Event: 9.107 Loading class java/beans/PropertyChangeSupport done
Event: 9.107 Loading class java/awt/Toolkit$DesktopPropertyChangeSupport done
Event: 9.107 Loading class java/beans/PropertyChangeSupport$PropertyChangeListenerMap
Event: 9.107 Loading class java/beans/ChangeListenerMap
Event: 9.107 Loading class java/beans/ChangeListenerMap done
Event: 9.107 Loading class java/beans/PropertyChangeSupport$PropertyChangeListenerMap done
Event: 9.107 Loading class java/beans/PropertyChangeListener
Event: 9.107 Loading class java/beans/PropertyChangeListener done
Event: 9.107 Loading class sun/awt/SunToolkit$ModalityListenerList
Event: 9.107 Loading class sun/awt/ModalityListener
Event: 9.107 Loading class sun/awt/ModalityListener done
Event: 9.107 Loading class sun/awt/SunToolkit$ModalityListenerList done
Event: 9.107 Loading class sun/awt/util/ThreadGroupUtils
Event: 9.107 Loading class sun/awt/util/ThreadGroupUtils done

Classes unloaded (0 events):
No events

Classes redefined (0 events):
No events

Internal exceptions (20 events):
Event: 3.418 Thread 0x000000011f008800 Exception <a 'sun/nio/fs/UnixException'{0x0000000785caf760}> (0x0000000785caf760) 
thrown [open/src/hotspot/share/prims/jni.cpp, line 517]
Event: 3.425 Thread 0x000000011f008800 Exception <a 'sun/nio/fs/UnixException'{0x0000000785cb9328}> (0x0000000785cb9328) 
thrown [open/src/hotspot/share/prims/jni.cpp, line 517]
Event: 3.780 Thread 0x000000011f008800 Exception <a 'sun/nio/fs/UnixException'{0x0000000785cd1528}> (0x0000000785cd1528) 
thrown [open/src/hotspot/share/prims/jni.cpp, line 517]
Event: 3.781 Thread 0x000000011f008800 Exception <a 'java/lang/ClassNotFoundException'{0x0000000785cd1f58}: sun/net/www/content/application/json> (0x0000000785cd1f58) 
thrown [open/src/hotspot/share/classfile/systemDictionary.cpp, line 255]
Event: 3.788 Thread 0x000000011f008800 Exception <a 'java/lang/NullPointerException'{0x0000000785b2d1c0}> (0x0000000785b2d1c0) 
thrown [open/src/hotspot/share/interpreter/linkResolver.cpp, line 1374]
Event: 3.842 Thread 0x000000011f008800 Exception <a 'java/lang/NullPointerException'{0x0000000785b7e990}> (0x0000000785b7e990) 
thrown [open/src/hotspot/share/interpreter/linkResolver.cpp, line 1374]
Event: 3.842 Thread 0x000000011f008800 Exception <a 'java/lang/NullPointerException'{0x0000000785b7ec70}> (0x0000000785b7ec70) 
thrown [open/src/hotspot/share/interpreter/linkResolver.cpp, line 1374]
Event: 3.842 Thread 0x000000011f008800 Exception <a 'java/lang/NullPointerException'{0x0000000785b7ef50}> (0x0000000785b7ef50) 
thrown [open/src/hotspot/share/interpreter/linkResolver.cpp, line 1374]
Event: 3.842 Thread 0x000000011f008800 Exception <a 'java/lang/NullPointerException'{0x0000000785b85cc0}> (0x0000000785b85cc0) 
thrown [open/src/hotspot/share/interpreter/linkResolver.cpp, line 1374]
Event: 3.843 Thread 0x000000011f008800 Exception <a 'java/lang/NullPointerException'{0x0000000785b96f60}> (0x0000000785b96f60) 
thrown [open/src/hotspot/share/interpreter/linkResolver.cpp, line 1374]
Event: 3.843 Thread 0x000000011f008800 Exception <a 'java/lang/NullPointerException'{0x0000000785b97240}> (0x0000000785b97240) 
thrown [open/src/hotspot/share/interpreter/linkResolver.cpp, line 1374]
Event: 3.843 Thread 0x000000011f008800 Exception <a 'java/lang/NullPointerException'{0x0000000785b97520}> (0x0000000785b97520) 
thrown [open/src/hotspot/share/interpreter/linkResolver.cpp, line 1374]
Event: 3.843 Thread 0x000000011f008800 Exception <a 'java/lang/NullPointerException'{0x0000000785b97868}> (0x0000000785b97868) 
thrown [open/src/hotspot/share/interpreter/linkResolver.cpp, line 1374]
Event: 3.861 Thread 0x000000011f008800 Exception <a 'sun/nio/fs/UnixException'{0x0000000785932c68}> (0x0000000785932c68) 
thrown [open/src/hotspot/share/prims/jni.cpp, line 517]
Event: 4.006 Thread 0x000000011f008800 Exception <a 'sun/nio/fs/UnixException'{0x00000007853e9bf8}> (0x00000007853e9bf8) 
thrown [open/src/hotspot/share/prims/jni.cpp, line 517]
Event: 4.036 Thread 0x000000011f008800 Exception <a 'sun/nio/fs/UnixException'{0x0000000785032d70}> (0x0000000785032d70) 
thrown [open/src/hotspot/share/prims/jni.cpp, line 517]
Event: 8.715 Thread 0x000000011f008800 Exception <a 'java/lang/ClassNotFoundException'{0x0000000787ed9e90}: sun/awt/resources/spi/awtProvider> (0x0000000787ed9e90) 
thrown [open/src/hotspot/share/classfile/systemDictionary.cpp, line 255]
Event: 9.015 Thread 0x000000011f008800 Exception <a 'java/io/FileNotFoundException'{0x0000000787edd3b8}> (0x0000000787edd3b8) 
thrown [open/src/hotspot/share/prims/jni.cpp, line 517]
Event: 9.016 Thread 0x000000011f008800 Exception <a 'java/io/FileNotFoundException'{0x0000000787ede8d0}> (0x0000000787ede8d0) 
thrown [open/src/hotspot/share/prims/jni.cpp, line 517]
Event: 9.019 Thread 0x000000011f008800 Exception <a 'java/lang/ClassNotFoundException'{0x0000000787ee2600}: sun/awt/resources/spi/awtosxProvider> (0x0000000787ee2600) 
thrown [open/src/hotspot/share/classfile/systemDictionary.cpp, line 255]

VM Operations (20 events):
Event: 3.778 Executing VM operation: Cleanup
Event: 3.778 Executing VM operation: Cleanup done
Event: 3.784 Executing VM operation: HandshakeAllThreads
Event: 3.784 Executing VM operation: HandshakeAllThreads done
Event: 3.788 Executing VM operation: HandshakeAllThreads
Event: 3.788 Executing VM operation: HandshakeAllThreads done
Event: 3.861 Executing VM operation: HandshakeAllThreads
Event: 3.861 Executing VM operation: HandshakeAllThreads done
Event: 3.946 Executing VM operation: HandshakeAllThreads
Event: 3.946 Executing VM operation: HandshakeAllThreads done
Event: 4.046 Executing VM operation: G1CollectForAllocation
Event: 4.053 Executing VM operation: G1CollectForAllocation done
Event: 4.057 Executing VM operation: HandshakeAllThreads
Event: 4.057 Executing VM operation: HandshakeAllThreads done
Event: 4.057 Executing VM operation: HandshakeAllThreads
Event: 4.057 Executing VM operation: HandshakeAllThreads done
Event: 5.062 Executing VM operation: Cleanup
Event: 5.062 Executing VM operation: Cleanup done
Event: 9.079 Executing VM operation: Cleanup
Event: 9.079 Executing VM operation: Cleanup done

Events (20 events):
Event: 1.792 Protecting memory [0x0000000171d10000,0x0000000171d1c000] with protection modes 3
Event: 1.792 Thread 0x000000011d0f4a00 Thread exited: 0x000000011d0f4a00
Event: 1.908 Protecting memory [0x00000001732c4000,0x00000001732d0000] with protection modes 0
Event: 1.908 Thread 0x000000011fabf600 Thread added: 0x000000011fabf600
Event: 2.191 Protecting memory [0x00000001732c4000,0x00000001732d0000] with protection modes 3
Event: 2.191 Thread 0x000000011fabf600 Thread exited: 0x000000011fabf600
Event: 2.242 Protecting memory [0x00000001732c4000,0x00000001732d0000] with protection modes 0
Event: 2.242 Thread 0x000000011fae7000 Thread added: 0x000000011fae7000
Event: 2.892 Protecting memory [0x00000001732c4000,0x00000001732d0000] with protection modes 3
Event: 2.892 Thread 0x000000011fae7000 Thread exited: 0x000000011fae7000
Event: 3.392 Protecting memory [0x000000017214c000,0x0000000172158000] with protection modes 3
Event: 3.392 Thread 0x00000001200d4c00 Thread exited: 0x00000001200d4c00
Event: 3.392 Protecting memory [0x000000017186c000,0x0000000171878000] with protection modes 3
Event: 3.392 Thread 0x000000011f945200 Thread exited: 0x000000011f945200
Event: 3.392 Protecting memory [0x000000016e7e8000,0x000000016e7f4000] with protection modes 3
Event: 3.392 Thread 0x000000011f989000 Thread exited: 0x000000011f989000
Event: 3.783 Thread 0x0000000103015e00 Thread added: 0x0000000103015e00
Event: 3.784 Protecting memory [0x000000017186c000,0x0000000171878000] with protection modes 0
Event: 8.792 Protecting memory [0x000000017186c000,0x0000000171878000] with protection modes 3
Event: 8.792 Thread 0x0000000103015e00 Thread exited: 0x0000000103015e00


Dynamic libraries:
0x0000000100ed8000 	/Library/Java/JavaVirtualMachines/jdk-19.jdk/Contents/Home/lib/libjli.dylib
0x000000019b6d4000 	/System/Library/Frameworks/Cocoa.framework/Versions/A/Cocoa
0x00000001874f8000 	/System/Library/Frameworks/AppKit.framework/Versions/C/AppKit
0x0000000189ea0000 	/System/Library/Frameworks/CoreData.framework/Versions/A/CoreData
0x0000000185159000 	/System/Library/Frameworks/Foundation.framework/Versions/C/Foundation
0x000000018f884000 	/usr/lib/libSystem.B.dylib
0x0000000188404000 	/System/Library/PrivateFrameworks/UIFoundation.framework/Versions/A/UIFoundation
0x00000001f0989000 	/System/Library/PrivateFrameworks/CollectionViewCore.framework/Versions/A/CollectionViewCore
0x0000000195b40000 	/System/Library/PrivateFrameworks/RemoteViewServices.framework/Versions/A/RemoteViewServices
0x000000018dca6000 	/System/Library/PrivateFrameworks/XCTTargetBootstrap.framework/Versions/A/XCTTargetBootstrap
0x000000019161a000 	/System/Library/PrivateFrameworks/InternationalSupport.framework/Versions/A/InternationalSupport
0x00000001916a1000 	/System/Library/PrivateFrameworks/UserActivity.framework/Versions/A/UserActivity
0x0000000207b9e000 	/System/Library/PrivateFrameworks/WindowManagement.framework/Versions/A/WindowManagement
0x0000000184e22000 	/System/Library/Frameworks/SystemConfiguration.framework/Versions/A/SystemConfiguration
0x0000000190b1e000 	/usr/lib/libspindump.dylib
0x00000001885aa000 	/System/Library/Frameworks/UniformTypeIdentifiers.framework/Versions/A/UniformTypeIdentifiers
0x000000018bfb9000 	/usr/lib/libapp_launch_measurement.dylib
0x000000018b467000 	/System/Library/PrivateFrameworks/CoreAnalytics.framework/Versions/A/CoreAnalytics
0x000000018bfc0000 	/System/Library/PrivateFrameworks/CoreAutoLayout.framework/Versions/A/CoreAutoLayout
0x000000018d4b4000 	/System/Library/Frameworks/Metal.framework/Versions/A/Metal
0x000000018e405000 	/usr/lib/liblangid.dylib
0x000000018dcac000 	/System/Library/PrivateFrameworks/CoreSVG.framework/Versions/A/CoreSVG
0x0000000188ed2000 	/System/Library/PrivateFrameworks/SkyLight.framework/Versions/A/SkyLight
0x00000001892ea000 	/System/Library/Frameworks/CoreGraphics.framework/Versions/A/CoreGraphics
0x000000019620b000 	/System/Library/Frameworks/Accelerate.framework/Versions/A/Accelerate
0x000000019058c000 	/System/Library/PrivateFrameworks/IconServices.framework/Versions/A/IconServices
0x000000018d494000 	/System/Library/Frameworks/IOSurface.framework/Versions/A/IOSurface
0x000000018b495000 	/usr/lib/libDiagnosticMessagesClient.dylib
0x000000018f7ca000 	/usr/lib/libz.1.dylib
0x00000001994a7000 	/System/Library/Frameworks/ApplicationServices.framework/Versions/A/ApplicationServices
0x000000018dc8e000 	/System/Library/PrivateFrameworks/DFRFoundation.framework/Versions/A/DFRFoundation
0x0000000186d76000 	/usr/lib/libicucore.A.dylib
0x00000001925ab000 	/System/Library/Frameworks/AudioToolbox.framework/Versions/A/AudioToolbox
0x0000000191625000 	/System/Library/PrivateFrameworks/DataDetectorsCore.framework/Versions/A/DataDetectorsCore
0x00000001a87b3000 	/System/Library/PrivateFrameworks/TextInput.framework/Versions/A/TextInput
0x0000000188e37000 	/usr/lib/libMobileGestalt.dylib
0x000000018d95a000 	/System/Library/Frameworks/Carbon.framework/Versions/A/Frameworks/HIToolbox.framework/Versions/A/HIToolbox
0x000000018b940000 	/System/Library/Frameworks/QuartzCore.framework/Versions/A/QuartzCore
0x00000001869d1000 	/System/Library/Frameworks/Security.framework/Versions/A/Security
0x0000000195b80000 	/System/Library/Frameworks/Carbon.framework/Versions/A/Frameworks/SpeechRecognition.framework/Versions/A/SpeechRecognition
0x000000018bcf8000 	/System/Library/PrivateFrameworks/CoreUI.framework/Versions/A/CoreUI
0x00000001862c9000 	/System/Library/Frameworks/CoreAudio.framework/Versions/A/CoreAudio
0x000000018b571000 	/System/Library/Frameworks/DiskArbitration.framework/Versions/A/DiskArbitration
0x0000000190f52000 	/System/Library/PrivateFrameworks/MultitouchSupport.framework/Versions/A/MultitouchSupport
0x0000000188e35000 	/usr/lib/libenergytrace.dylib
0x00000001873bb000 	/System/Library/Frameworks/IOKit.framework/Versions/A/IOKit
0x0000000195f67000 	/System/Library/Frameworks/CoreServices.framework/Versions/A/CoreServices
0x000000018bf46000 	/System/Library/PrivateFrameworks/PerformanceAnalysis.framework/Versions/A/PerformanceAnalysis
0x00000001d3713000 	/System/Library/Frameworks/OpenGL.framework/Versions/A/OpenGL
0x000000018c00a000 	/usr/lib/libxml2.2.dylib
0x000000018edd9000 	/System/Library/PrivateFrameworks/MobileKeyBag.framework/Versions/A/MobileKeyBag
0x0000000183e58000 	/usr/lib/libobjc.A.dylib
0x000000018410e000 	/usr/lib/libc++.1.dylib
0x0000000189935000 	/System/Library/Frameworks/ColorSync.framework/Versions/A/ColorSync
0x000000018422c000 	/System/Library/Frameworks/CoreFoundation.framework/Versions/A/CoreFoundation
0x000000018e026000 	/System/Library/Frameworks/CoreImage.framework/Versions/A/CoreImage
0x00000001860ea000 	/System/Library/Frameworks/CoreText.framework/Versions/A/CoreText
0x000000018dce5000 	/System/Library/Frameworks/ImageIO.framework/Versions/A/ImageIO
0x000000018f88a000 	/System/Library/PrivateFrameworks/SoftLinking.framework/Versions/A/SoftLinking
0x000000018fb1e000 	/usr/lib/libcompression.dylib
0x0000000191576000 	/System/Library/PrivateFrameworks/TextureIO.framework/Versions/A/TextureIO
0x000000019025e000 	/usr/lib/libate.dylib
0x000000018f87e000 	/usr/lib/system/libcache.dylib
0x000000018f837000 	/usr/lib/system/libcommonCrypto.dylib
0x000000018f865000 	/usr/lib/system/libcompiler_rt.dylib
0x000000018f85b000 	/usr/lib/system/libcopyfile.dylib
0x0000000183f8c000 	/usr/lib/system/libcorecrypto.dylib
0x0000000184042000 	/usr/lib/system/libdispatch.dylib
0x00000001841d4000 	/usr/lib/system/libdyld.dylib
0x000000018f874000 	/usr/lib/system/libkeymgr.dylib
0x000000018f815000 	/usr/lib/system/libmacho.dylib
0x000000018eed3000 	/usr/lib/system/libquarantine.dylib
0x000000018f871000 	/usr/lib/system/libremovefile.dylib
0x0000000188e9c000 	/usr/lib/system/libsystem_asl.dylib
0x0000000183f29000 	/usr/lib/system/libsystem_blocks.dylib
0x000000018408d000 	/usr/lib/system/libsystem_c.dylib
0x000000018f869000 	/usr/lib/system/libsystem_collections.dylib
0x000000018e3f3000 	/usr/lib/system/libsystem_configuration.dylib
0x000000018d462000 	/usr/lib/system/libsystem_containermanager.dylib
0x000000018f514000 	/usr/lib/system/libsystem_coreservices.dylib
0x000000018702d000 	/usr/lib/system/libsystem_darwin.dylib
0x000000018f875000 	/usr/lib/system/libsystem_dnssd.dylib
0x000000018408a000 	/usr/lib/system/libsystem_featureflags.dylib
0x0000000184200000 	/usr/lib/system/libsystem_info.dylib
0x000000018f7dc000 	/usr/lib/system/libsystem_m.dylib
0x0000000184016000 	/usr/lib/system/libsystem_malloc.dylib
0x0000000188e1c000 	/usr/lib/system/libsystem_networkextension.dylib
0x0000000187497000 	/usr/lib/system/libsystem_notify.dylib
0x000000018e3f8000 	/usr/lib/system/libsystem_sandbox.dylib
0x000000018f86e000 	/usr/lib/system/libsystem_secinit.dylib
0x000000018418d000 	/usr/lib/system/libsystem_kernel.dylib
0x00000001841f8000 	/usr/lib/system/libsystem_platform.dylib
0x00000001841c7000 	/usr/lib/system/libsystem_pthread.dylib
0x000000018a671000 	/usr/lib/system/libsystem_symptoms.dylib
0x0000000183f72000 	/usr/lib/system/libsystem_trace.dylib
0x000000018f848000 	/usr/lib/system/libunwind.dylib
0x0000000183f2e000 	/usr/lib/system/libxpc.dylib
0x0000000184175000 	/usr/lib/libc++abi.dylib
0x000000018f853000 	/usr/lib/liboah.dylib
0x000000019011b000 	/usr/lib/liblzma.5.dylib
0x000000018f886000 	/usr/lib/libfakelink.dylib
0x0000000188a5a000 	/System/Library/Frameworks/CFNetwork.framework/Versions/A/CFNetwork
0x000000018f9c5000 	/usr/lib/libarchive.2.dylib
0x0000000193eba000 	/System/Library/Frameworks/Combine.framework/Versions/A/Combine
0x0000000191f75000 	/usr/lib/swift/libswiftCore.dylib
0x00000001a5888000 	/usr/lib/swift/libswiftCoreFoundation.dylib
0x00000001a3745000 	/usr/lib/swift/libswiftDarwin.dylib
0x0000000197480000 	/usr/lib/swift/libswiftDispatch.dylib
0x00000001a58a9000 	/usr/lib/swift/libswiftIOKit.dylib
0x00000001998d2000 	/usr/lib/swift/libswiftObjectiveC.dylib
0x00000001a589c000 	/usr/lib/swift/libswiftXPC.dylib
0x000000020e3d2000 	/usr/lib/swift/libswift_Concurrency.dylib
0x000000020e524000 	/usr/lib/swift/libswift_StringProcessing.dylib
0x00000001998d6000 	/usr/lib/swift/libswiftos.dylib
0x0000000187340000 	/System/Library/PrivateFrameworks/CoreServicesInternal.framework/Versions/A/CoreServicesInternal
0x000000018eefe000 	/usr/lib/libbsm.0.dylib
0x000000018f81b000 	/usr/lib/system/libkxld.dylib
0x000000018bf82000 	/System/Library/Frameworks/CoreServices.framework/Versions/A/Frameworks/FSEvents.framework/Versions/A/FSEvents
0x0000000187038000 	/System/Library/Frameworks/CoreServices.framework/Versions/A/Frameworks/CarbonCore.framework/Versions/A/CarbonCore
0x000000018b4d8000 	/System/Library/Frameworks/CoreServices.framework/Versions/A/Frameworks/Metadata.framework/Versions/A/Metadata
0x000000018f51a000 	/System/Library/Frameworks/CoreServices.framework/Versions/A/Frameworks/OSServices.framework/Versions/A/OSServices
0x000000018fa4c000 	/System/Library/Frameworks/CoreServices.framework/Versions/A/Frameworks/SearchKit.framework/Versions/A/SearchKit
0x000000018a5f4000 	/System/Library/Frameworks/CoreServices.framework/Versions/A/Frameworks/AE.framework/Versions/A/AE
0x0000000184704000 	/System/Library/Frameworks/CoreServices.framework/Versions/A/Frameworks/LaunchServices.framework/Versions/A/LaunchServices
0x00000001900c4000 	/System/Library/Frameworks/CoreServices.framework/Versions/A/Frameworks/DictionaryServices.framework/Versions/A/DictionaryServices
0x000000018bf8f000 	/System/Library/Frameworks/CoreServices.framework/Versions/A/Frameworks/SharedFileList.framework/Versions/A/SharedFileList
0x000000018faeb000 	/usr/lib/libapple_nghttp2.dylib
0x0000000188a56000 	/usr/lib/libnetwork.dylib
0x000000018a278000 	/usr/lib/libsqlite3.dylib
0x000000018a67a000 	/System/Library/Frameworks/Network.framework/Versions/A/Network
0x000000020d51f000 	/usr/lib/libCoreEntitlements.dylib
0x00000001f9f90000 	/System/Library/PrivateFrameworks/MessageSecurity.framework/Versions/A/MessageSecurity
0x000000018a25e000 	/System/Library/PrivateFrameworks/ProtocolBuffer.framework/Versions/A/ProtocolBuffer
0x000000018f4f6000 	/System/Library/PrivateFrameworks/AppleFSCompression.framework/Versions/A/AppleFSCompression
0x000000018eee6000 	/usr/lib/libcoretls.dylib
0x0000000190134000 	/usr/lib/libcoretls_cfhelpers.dylib
0x000000018fb18000 	/usr/lib/libpam.2.dylib
0x000000019019c000 	/usr/lib/libxar.1.dylib
0x0000000190567000 	/usr/lib/libheimdal-asn1.dylib
0x000000018f88b000 	/usr/lib/libpcap.A.dylib
0x000000018a667000 	/usr/lib/libdns_services.dylib
0x000000018e400000 	/System/Library/PrivateFrameworks/AppleSystemInfo.framework/Versions/A/AppleSystemInfo
0x000000018ebda000 	/System/Library/PrivateFrameworks/IOMobileFramebuffer.framework/Versions/A/IOMobileFramebuffer
0x000000018f507000 	/usr/lib/libbz2.1.0.dylib
0x000000018eed6000 	/usr/lib/libCheckFix.dylib
0x0000000188eb4000 	/System/Library/PrivateFrameworks/TCC.framework/Versions/A/TCC
0x000000018e407000 	/System/Library/PrivateFrameworks/CoreNLP.framework/Versions/A/CoreNLP
0x000000018b497000 	/System/Library/PrivateFrameworks/MetadataUtilities.framework/Versions/A/MetadataUtilities
0x000000018ef0f000 	/usr/lib/libmecab.dylib
0x0000000184eac000 	/usr/lib/libCRFSuite.dylib
0x000000018ef6c000 	/usr/lib/libgermantok.dylib
0x000000018fac4000 	/usr/lib/libThaiTokenizer.dylib
0x000000018b57a000 	/System/Library/Frameworks/Accelerate.framework/Versions/A/Frameworks/vImage.framework/Versions/A/vImage
0x0000000195f3e000 	/System/Library/Frameworks/Accelerate.framework/Versions/A/Frameworks/vecLib.framework/Versions/A/vecLib
0x00000001901e2000 	/System/Library/Frameworks/Accelerate.framework/Versions/A/Frameworks/vecLib.framework/Versions/A/libvMisc.dylib
0x000000018eada000 	/System/Library/Frameworks/Accelerate.framework/Versions/A/Frameworks/vecLib.framework/Versions/A/libvDSP.dylib
0x0000000184ab8000 	/System/Library/Frameworks/Accelerate.framework/Versions/A/Frameworks/vecLib.framework/Versions/A/libBLAS.dylib
0x000000018fbf0000 	/System/Library/Frameworks/Accelerate.framework/Versions/A/Frameworks/vecLib.framework/Versions/A/libLAPACK.dylib
0x000000018ef6f000 	/System/Library/Frameworks/Accelerate.framework/Versions/A/Frameworks/vecLib.framework/Versions/A/libLinearAlgebra.dylib
0x000000018fb03000 	/System/Library/Frameworks/Accelerate.framework/Versions/A/Frameworks/vecLib.framework/Versions/A/libSparseBLAS.dylib
0x000000018fbeb000 	/System/Library/Frameworks/Accelerate.framework/Versions/A/Frameworks/vecLib.framework/Versions/A/libQuadrature.dylib
0x000000018e500000 	/System/Library/Frameworks/Accelerate.framework/Versions/A/Frameworks/vecLib.framework/Versions/A/libBNNS.dylib
0x0000000184dbb000 	/System/Library/Frameworks/Accelerate.framework/Versions/A/Frameworks/vecLib.framework/Versions/A/libSparse.dylib
0x00000001f92c6000 	/System/Library/PrivateFrameworks/MIL.framework/Versions/A/MIL
0x000000018f8c0000 	/usr/lib/libiconv.2.dylib
0x000000018f814000 	/usr/lib/libcharset.1.dylib
0x000000018bf62000 	/System/Library/Frameworks/OpenDirectory.framework/Versions/A/Frameworks/CFOpenDirectory.framework/Versions/A/CFOpenDirectory
0x000000018bf52000 	/System/Library/Frameworks/OpenDirectory.framework/Versions/A/OpenDirectory
0x0000000190136000 	/System/Library/PrivateFrameworks/APFS.framework/Versions/A/APFS
0x000000018ee10000 	/System/Library/Frameworks/SecurityFoundation.framework/Versions/A/SecurityFoundation
0x00000001901ab000 	/usr/lib/libutil.dylib
0x00000001f833b000 	/System/Library/PrivateFrameworks/InstalledContentLibrary.framework/Versions/A/InstalledContentLibrary
0x000000018737e000 	/System/Library/PrivateFrameworks/CoreServicesStore.framework/Versions/A/CoreServicesStore
0x00000001ef33a000 	/System/Library/PrivateFrameworks/AppleMobileFileIntegrity.framework/Versions/A/AppleMobileFileIntegrity
0x00000001a5867000 	/usr/lib/libmis.dylib
0x00000001b37c8000 	/System/Library/PrivateFrameworks/MobileSystemServices.framework/Versions/A/MobileSystemServices
0x00000001ce005000 	/System/Library/PrivateFrameworks/ConfigProfileHelper.framework/Versions/A/ConfigProfileHelper
0x000000018fac6000 	/System/Library/PrivateFrameworks/AppleSauce.framework/Versions/A/AppleSauce
0x0000000185b93000 	/System/Library/PrivateFrameworks/LanguageModeling.framework/Versions/A/LanguageModeling
0x00000001901af000 	/usr/lib/libxslt.1.dylib
0x000000018f9b3000 	/usr/lib/libcmph.dylib
0x000000018ebc7000 	/System/Library/PrivateFrameworks/CoreEmoji.framework/Versions/A/CoreEmoji
0x000000018e4fa000 	/System/Library/PrivateFrameworks/LinguisticData.framework/Versions/A/LinguisticData
0x0000000184d73000 	/System/Library/PrivateFrameworks/Lexicon.framework/Versions/A/Lexicon
0x000000018eea3000 	/System/Library/PrivateFrameworks/BackgroundTaskManagement.framework/Versions/A/BackgroundTaskManagement
0x000000020d6c2000 	/usr/lib/libTLE.dylib
0x000000020e46f000 	/usr/lib/swift/libswift_RegexParser.dylib
0x0000000190e17000 	/System/Library/PrivateFrameworks/AppleJPEG.framework/Versions/A/AppleJPEG
0x000000019054c000 	/usr/lib/libexpat.1.dylib
0x00000001913d8000 	/System/Library/Frameworks/ImageIO.framework/Versions/A/Resources/libPng.dylib
0x0000000191403000 	/System/Library/Frameworks/ImageIO.framework/Versions/A/Resources/libTIFF.dylib
0x00000001914ec000 	/System/Library/Frameworks/ImageIO.framework/Versions/A/Resources/libGIF.dylib
0x0000000190e5c000 	/System/Library/Frameworks/ImageIO.framework/Versions/A/Resources/libJP2.dylib
0x0000000191490000 	/System/Library/Frameworks/ImageIO.framework/Versions/A/Resources/libJPEG.dylib
0x0000000191487000 	/System/Library/Frameworks/ImageIO.framework/Versions/A/Resources/libRadiance.dylib
0x000000018d7e3000 	/System/Library/PrivateFrameworks/FontServices.framework/libFontParser.dylib
0x000000018a596000 	/System/Library/PrivateFrameworks/RunningBoardServices.framework/Versions/A/RunningBoardServices
0x000000019be06000 	/System/Library/PrivateFrameworks/IOSurfaceAccelerator.framework/Versions/A/IOSurfaceAccelerator
0x0000000190f4e000 	/System/Library/PrivateFrameworks/WatchdogClient.framework/Versions/A/WatchdogClient
0x0000000185d0c000 	/System/Library/Frameworks/CoreDisplay.framework/Versions/A/CoreDisplay
0x000000018d6bd000 	/System/Library/Frameworks/CoreMedia.framework/Versions/A/CoreMedia
0x000000018d4aa000 	/System/Library/PrivateFrameworks/IOAccelerator.framework/Versions/A/IOAccelerator
0x000000018c0f3000 	/System/Library/Frameworks/CoreVideo.framework/Versions/A/CoreVideo
0x000000018fb16000 	/System/Library/Frameworks/MetalPerformanceShaders.framework/Versions/A/MetalPerformanceShaders
0x0000000190f8d000 	/System/Library/Frameworks/VideoToolbox.framework/Versions/A/VideoToolbox
0x000000018a4d9000 	/System/Library/PrivateFrameworks/BaseBoard.framework/Versions/A/BaseBoard
0x0000000191482000 	/System/Library/PrivateFrameworks/GPUWrangler.framework/Versions/A/GPUWrangler
0x0000000191462000 	/System/Library/PrivateFrameworks/IOPresentment.framework/Versions/A/IOPresentment
0x000000019148a000 	/System/Library/PrivateFrameworks/DSExternalDisplay.framework/Versions/A/DSExternalDisplay
0x00000001f4ae8000 	/System/Library/PrivateFrameworks/GPUCompiler.framework/Versions/31001/Libraries/libllvm-flatbuffers.dylib
0x00000001d3706000 	/System/Library/Frameworks/OpenGL.framework/Versions/A/Libraries/libCoreFSCache.dylib
0x00000001f4ae4000 	/System/Library/PrivateFrameworks/GPUCompiler.framework/Versions/31001/Libraries/libGPUCompilerUtils.dylib
0x00000001914f2000 	/System/Library/PrivateFrameworks/CMCaptureCore.framework/Versions/A/CMCaptureCore
0x00000001e9443000 	/System/Library/Frameworks/ExtensionFoundation.framework/Versions/A/ExtensionFoundation
0x0000000197c27000 	/System/Library/PrivateFrameworks/CoreTime.framework/Versions/A/CoreTime
0x0000000190b09000 	/System/Library/PrivateFrameworks/AppServerSupport.framework/Versions/A/AppServerSupport
0x0000000192e8d000 	/System/Library/PrivateFrameworks/perfdata.framework/Versions/A/perfdata
0x0000000185e2c000 	/System/Library/PrivateFrameworks/AudioToolboxCore.framework/Versions/A/AudioToolboxCore
0x000000018d693000 	/System/Library/PrivateFrameworks/caulk.framework/Versions/A/caulk
0x000000019274a000 	/usr/lib/libAudioStatistics.dylib
0x00000001a4c8d000 	/System/Library/PrivateFrameworks/SystemPolicy.framework/Versions/A/SystemPolicy
0x00000001929ec000 	/usr/lib/libSMC.dylib
0x000000019b5a9000 	/System/Library/Frameworks/CoreMIDI.framework/Versions/A/CoreMIDI
0x00000001913a5000 	/usr/lib/libAudioToolboxUtility.dylib
0x00000001a0a00000 	/System/Library/PrivateFrameworks/OSAServicesClient.framework/Versions/A/OSAServicesClient
0x0000000192e9a000 	/usr/lib/libperfcheck.dylib
0x0000000190437000 	/System/Library/PrivateFrameworks/PlugInKit.framework/Versions/A/PlugInKit
0x000000018ee02000 	/System/Library/PrivateFrameworks/AssertionServices.framework/Versions/A/AssertionServices
0x00000001d3768000 	/System/Library/Frameworks/OpenGL.framework/Versions/A/Libraries/libGLU.dylib
0x00000001d3727000 	/System/Library/Frameworks/OpenGL.framework/Versions/A/Libraries/libGFXShared.dylib
0x00000001d390e000 	/System/Library/Frameworks/OpenGL.framework/Versions/A/Libraries/libGL.dylib
0x00000001d3730000 	/System/Library/Frameworks/OpenGL.framework/Versions/A/Libraries/libGLImage.dylib
0x00000001d3724000 	/System/Library/Frameworks/OpenGL.framework/Versions/A/Libraries/libCVMSPluginSupport.dylib
0x000000020d6a1000 	/usr/lib/libRosetta.dylib
0x00000001d370d000 	/System/Library/Frameworks/OpenGL.framework/Versions/A/Libraries/libCoreVMClient.dylib
0x000000018e378000 	/System/Library/Frameworks/MetalPerformanceShaders.framework/Versions/A/Frameworks/MPSCore.framework/Versions/A/MPSCore
0x000000018f46c000 	/System/Library/Frameworks/MetalPerformanceShaders.framework/Versions/A/Frameworks/MPSImage.framework/Versions/A/MPSImage
0x000000018ef84000 	/System/Library/Frameworks/MetalPerformanceShaders.framework/Versions/A/Frameworks/MPSNeuralNetwork.framework/Versions/A/MPSNeuralNetwork
0x000000018f370000 	/System/Library/Frameworks/MetalPerformanceShaders.framework/Versions/A/Frameworks/MPSMatrix.framework/Versions/A/MPSMatrix
0x000000018f182000 	/System/Library/Frameworks/MetalPerformanceShaders.framework/Versions/A/Frameworks/MPSRayIntersector.framework/Versions/A/MPSRayIntersector
0x000000018f39f000 	/System/Library/Frameworks/MetalPerformanceShaders.framework/Versions/A/Frameworks/MPSNDArray.framework/Versions/A/MPSNDArray
0x00000001ea811000 	/System/Library/Frameworks/MetalPerformanceShaders.framework/Versions/A/Frameworks/MPSFunctions.framework/Versions/A/MPSFunctions
0x000000018497e000 	/System/Library/PrivateFrameworks/MetalTools.framework/Versions/A/MetalTools
0x000000018e3fe000 	/System/Library/PrivateFrameworks/AggregateDictionary.framework/Versions/A/AggregateDictionary
0x00000001902f0000 	/usr/lib/libIOReport.dylib
0x000000019a796000 	/System/Library/PrivateFrameworks/ASEProcessing.framework/Versions/A/ASEProcessing
0x00000001906a7000 	/System/Library/PrivateFrameworks/GraphVisualizer.framework/Versions/A/GraphVisualizer
0x00000001f4a05000 	/System/Library/PrivateFrameworks/FontServices.framework/Versions/A/FontServices
0x0000000190ac7000 	/System/Library/PrivateFrameworks/OTSVG.framework/Versions/A/OTSVG
0x000000018bca6000 	/System/Library/Frameworks/ApplicationServices.framework/Versions/A/Frameworks/ATS.framework/Versions/A/Resources/libFontRegistry.dylib
0x0000000190b13000 	/System/Library/PrivateFrameworks/FontServices.framework/libhvf.dylib
0x00000001f4a06000 	/System/Library/PrivateFrameworks/FontServices.framework/libXTFontStaticRegistryData.dylib
0x000000020689e000 	/System/Library/PrivateFrameworks/VideoToolboxParavirtualizationSupport.framework/Versions/A/VideoToolboxParavirtualizationSupport
0x0000000190500000 	/System/Library/PrivateFrameworks/AppleVA.framework/Versions/A/AppleVA
0x000000019278a000 	/System/Library/Frameworks/ApplicationServices.framework/Versions/A/Frameworks/ATS.framework/Versions/A/ATS
0x0000000189a28000 	/System/Library/Frameworks/ApplicationServices.framework/Versions/A/Frameworks/HIServices.framework/Versions/A/HIServices
0x00000001914fe000 	/System/Library/Frameworks/ApplicationServices.framework/Versions/A/Frameworks/PrintCore.framework/Versions/A/PrintCore
0x0000000192b45000 	/System/Library/Frameworks/ApplicationServices.framework/Versions/A/Frameworks/QD.framework/Versions/A/QD
0x0000000192b39000 	/System/Library/Frameworks/ApplicationServices.framework/Versions/A/Frameworks/ColorSyncLegacy.framework/Versions/A/ColorSyncLegacy
0x000000019275e000 	/System/Library/Frameworks/ApplicationServices.framework/Versions/A/Frameworks/SpeechSynthesis.framework/Versions/A/SpeechSynthesis
0x00000001914bc000 	/System/Library/Frameworks/ApplicationServices.framework/Versions/A/Frameworks/ATSUI.framework/Versions/A/ATSUI
0x0000000192acc000 	/usr/lib/libcups.2.dylib
0x0000000192ea8000 	/System/Library/Frameworks/Kerberos.framework/Versions/A/Kerberos
0x0000000192eb9000 	/System/Library/Frameworks/GSS.framework/Versions/A/GSS
0x00000001927fc000 	/usr/lib/libresolv.9.dylib
0x0000000190b23000 	/System/Library/PrivateFrameworks/Heimdal.framework/Versions/A/Heimdal
0x0000000199854000 	/System/Library/Frameworks/Kerberos.framework/Versions/A/Libraries/libHeimdalProxy.dylib
0x0000000192f09000 	/System/Library/PrivateFrameworks/CommonAuth.framework/Versions/A/CommonAuth
0x00000001e867d000 	/System/Library/Frameworks/AVFAudio.framework/Versions/A/AVFAudio
0x00000001a0a4f000 	/System/Library/PrivateFrameworks/AXCoreUtilities.framework/Versions/A/AXCoreUtilities
0x00000001926d6000 	/System/Library/PrivateFrameworks/AudioSession.framework/Versions/A/AudioSession
0x0000000193c71000 	/System/Library/Frameworks/IOBluetooth.framework/Versions/A/IOBluetooth
0x0000000190601000 	/System/Library/PrivateFrameworks/MediaExperience.framework/Versions/A/MediaExperience
0x0000000192571000 	/System/Library/PrivateFrameworks/AudioSession.framework/libSessionUtility.dylib
0x0000000192b51000 	/System/Library/PrivateFrameworks/AudioResourceArbitration.framework/Versions/A/AudioResourceArbitration
0x0000000196b56000 	/System/Library/PrivateFrameworks/PowerLog.framework/Versions/A/PowerLog
0x0000000196a98000 	/System/Library/Frameworks/CoreBluetooth.framework/Versions/A/CoreBluetooth
0x0000000199855000 	/System/Library/Frameworks/AudioUnit.framework/Versions/A/AudioUnit
0x000000018ec65000 	/System/Library/PrivateFrameworks/CoreUtils.framework/Versions/A/CoreUtils
0x00000001f3406000 	/System/Library/PrivateFrameworks/CoreUtilsExtras.framework/Versions/A/CoreUtilsExtras
0x00000001f81d5000 	/System/Library/PrivateFrameworks/IO80211.framework/Versions/A/IO80211
0x0000000190571000 	/System/Library/PrivateFrameworks/IconFoundation.framework/Versions/A/IconFoundation
0x0000000195b6c000 	/System/Library/PrivateFrameworks/SpeechRecognitionCore.framework/Versions/A/SpeechRecognitionCore
0x0000000101f30000 	/Library/Java/JavaVirtualMachines/jdk-19.jdk/Contents/Home/lib/server/libjvm.dylib
0x0000000100e88000 	/Library/Java/JavaVirtualMachines/jdk-19.jdk/Contents/Home/lib/libjimage.dylib
0x0000000100f3c000 	/Library/Java/JavaVirtualMachines/jdk-19.jdk/Contents/Home/lib/libinstrument.dylib
0x0000000100f88000 	/Library/Java/JavaVirtualMachines/jdk-19.jdk/Contents/Home/lib/libjava.dylib
0x0000000101c40000 	/Library/Java/JavaVirtualMachines/jdk-19.jdk/Contents/Home/lib/libnio.dylib
0x0000000101c60000 	/Library/Java/JavaVirtualMachines/jdk-19.jdk/Contents/Home/lib/libnet.dylib
0x0000000101c80000 	/Library/Java/JavaVirtualMachines/jdk-19.jdk/Contents/Home/lib/libzip.dylib
0x0000000100f6c000 	/Users/tylerturner/.openjfx/cache/19+11/aarch64/libprism_es2.dylib
0x00000001d3918000 	/System/Library/Frameworks/OpenGL.framework/Versions/A/Resources/GLEngine.bundle/GLEngine
0x00000001d37a2000 	/System/Library/Frameworks/OpenGL.framework/Versions/A/Libraries/libGLProgrammability.dylib
0x0000000101e88000 	/System/Library/Extensions/AppleMetalOpenGLRenderer.bundle/Contents/MacOS/AppleMetalOpenGLRenderer
0x00000001d3a86000 	/System/Library/Frameworks/OpenGL.framework/Versions/A/Resources/GLRendererFloat.bundle/GLRendererFloat
0x00000001e719c000 	/System/Library/Extensions/AGXMetal13_3.bundle/Contents/MacOS/AGXMetal13_3
0x00000001a587b000 	/System/Library/PrivateFrameworks/GPURawCounter.framework/Versions/A/GPURawCounter
0x000000019fafa000 	/System/Library/PrivateFrameworks/IOGPU.framework/Versions/A/IOGPU
0x00000001065dc000 	/Users/tylerturner/.openjfx/cache/19+11/aarch64/libglass.dylib
0x0000000196da6000 	/System/Library/Frameworks/FileProvider.framework/Versions/A/FileProvider
0x000000018a441000 	/System/Library/Frameworks/Accounts.framework/Versions/A/Accounts
0x000000018c191000 	/System/Library/PrivateFrameworks/UserManagement.framework/Versions/A/UserManagement
0x0000000196f30000 	/System/Library/PrivateFrameworks/GenerationalStorage.framework/Versions/A/GenerationalStorage
0x0000000197b4d000 	/System/Library/PrivateFrameworks/CoreSymbolication.framework/Versions/A/CoreSymbolication
0x0000000196b4a000 	/System/Library/PrivateFrameworks/SymptomDiagnosticReporter.framework/Versions/A/SymptomDiagnosticReporter
0x00000001885c0000 	/System/Library/PrivateFrameworks/DesktopServicesPriv.framework/Versions/A/DesktopServicesPriv
0x00000001874a7000 	/usr/lib/libsandbox.1.dylib
0x0000000197b0e000 	/System/Library/PrivateFrameworks/DebugSymbols.framework/Versions/A/DebugSymbols
0x0000000192b2c000 	/System/Library/PrivateFrameworks/NetAuth.framework/Versions/A/NetAuth
0x0000000193ae5000 	/System/Library/PrivateFrameworks/Sharing.framework/Versions/A/Sharing
0x000000018c155000 	/System/Library/PrivateFrameworks/login.framework/Versions/A/Frameworks/loginsupport.framework/Versions/A/loginsupport
0x0000000198d51000 	/System/Library/PrivateFrameworks/Apple80211.framework/Versions/A/Apple80211
0x000000018f54d000 	/System/Library/PrivateFrameworks/AuthKit.framework/Versions/A/AuthKit
0x000000018ebe7000 	/System/Library/Frameworks/CoreWLAN.framework/Versions/A/CoreWLAN
0x0000000198d55000 	/System/Library/PrivateFrameworks/CoreWiFi.framework/Versions/A/CoreWiFi
0x00000001c77cc000 	/System/Library/PrivateFrameworks/WiFiPeerToPeer.framework/Versions/A/WiFiPeerToPeer
0x00000001976c6000 	/System/Library/PrivateFrameworks/FrontBoardServices.framework/Versions/A/FrontBoardServices
0x0000000197762000 	/System/Library/PrivateFrameworks/BoardServices.framework/Versions/A/BoardServices
0x0000000198ee0000 	/System/Library/PrivateFrameworks/BackBoardServices.framework/Versions/A/BackBoardServices
0x000000018f6b1000 	/System/Library/Frameworks/UserNotifications.framework/Versions/A/UserNotifications
0x0000000193003000 	/System/Library/PrivateFrameworks/CorePhoneNumbers.framework/Versions/A/CorePhoneNumbers
0x0000000192829000 	/System/Library/PrivateFrameworks/MultiverseSupport.framework/Versions/A/MultiverseSupport
0x0000000199169000 	/System/Library/PrivateFrameworks/RemoteServiceDiscovery.framework/Versions/A/RemoteServiceDiscovery
0x0000000196c76000 	/System/Library/PrivateFrameworks/DiskManagement.framework/Versions/A/DiskManagement
0x0000000196b7d000 	/System/Library/PrivateFrameworks/AppleIDAuthSupport.framework/Versions/A/AppleIDAuthSupport
0x00000001ed676000 	/System/Library/PrivateFrameworks/AAAFoundation.framework/Versions/A/AAAFoundation
0x0000000192fdb000 	/System/Library/PrivateFrameworks/KeychainCircle.framework/Versions/A/KeychainCircle
0x000000019917d000 	/System/Library/PrivateFrameworks/RemoteXPC.framework/Versions/A/RemoteXPC
0x0000000196c42000 	/System/Library/PrivateFrameworks/MediaKit.framework/Versions/A/MediaKit
0x0000000196b8a000 	/System/Library/Frameworks/DiscRecording.framework/Versions/A/DiscRecording
0x000000019047c000 	/usr/lib/libCoreStorage.dylib
0x00000001991e5000 	/usr/lib/libcsfde.dylib
0x0000000193d46000 	/System/Library/PrivateFrameworks/ProtectedCloudStorage.framework/Versions/A/ProtectedCloudStorage
0x00000001991dd000 	/System/Library/PrivateFrameworks/EFILogin.framework/Versions/A/EFILogin
0x0000000196f56000 	/System/Library/PrivateFrameworks/OctagonTrust.framework/Versions/A/OctagonTrust
0x0000000190474000 	/usr/lib/libMatch.1.dylib
0x00000001aa195000 	/System/Library/Frameworks/Accelerate.framework/Versions/A/Frameworks/vImage.framework/Versions/A/Libraries/libCGInterfaces.dylib
0x000000011c2a8000 	/usr/lib/libobjc-trampolines.dylib
0x000000020d3f5000 	/usr/lib/libAccessibilityBaseImplementations.dylib
0x000000018be3e000 	/System/Library/PrivateFrameworks/ViewBridge.framework/Versions/A/ViewBridge
0x0000000190be6000 	/System/Library/PrivateFrameworks/login.framework/Versions/A/login
0x000000011cda4000 	/Users/tylerturner/.openjfx/cache/19+11/aarch64/libjavafx_font.dylib
0x00000001edea1000 	/System/Library/PrivateFrameworks/AccessibilityBundles.framework/Versions/A/AccessibilityBundles
0x00000001a0a72000 	/usr/lib/libAccessibility.dylib
0x0000000196256000 	/System/Library/Frameworks/MediaAccessibility.framework/Versions/A/MediaAccessibility
0x00000001ad27e000 	/System/Library/CoreServices/RawCamera.bundle/Contents/MacOS/RawCamera
0x0000000192f1a000 	/System/Library/PrivateFrameworks/MobileAsset.framework/Versions/A/MobileAsset
0x00000001aab31000 	/System/Library/PrivateFrameworks/SoftwareUpdateCoreSupport.framework/Versions/A/SoftwareUpdateCoreSupport
0x00000001b0bec000 	/System/Library/PrivateFrameworks/SoftwareUpdateCoreConnect.framework/Versions/A/SoftwareUpdateCoreConnect
0x000000019987b000 	/System/Library/PrivateFrameworks/StreamingZip.framework/Versions/A/StreamingZip
0x00000001aa7c5000 	/System/Library/PrivateFrameworks/MSUDataAccessor.framework/Versions/A/MSUDataAccessor
0x00000001a6fef000 	/usr/lib/libbootpolicy.dylib
0x00000001b7430000 	/usr/lib/libpartition2_dynamic.dylib
0x00000001efea3000 	/System/Library/PrivateFrameworks/CMPhoto.framework/Versions/A/CMPhoto
0x000000019170d000 	/System/Library/Frameworks/MediaToolbox.framework/Versions/A/MediaToolbox
0x0000000196d72000 	/System/Library/PrivateFrameworks/CoreAVCHD.framework/Versions/A/CoreAVCHD
0x0000000196d6e000 	/System/Library/PrivateFrameworks/Mangrove.framework/Versions/A/Mangrove
0x0000000196d62000 	/System/Library/PrivateFrameworks/CoreAUC.framework/Versions/A/CoreAUC
0x0000000168160000 	/Library/Java/JavaVirtualMachines/jdk-19.jdk/Contents/Home/lib/libverify.dylib
0x000000016817c000 	/private/var/folders/f6/pr4ylkt54jj_wclwsdygrvpw0000gn/T/jansi-2.4.0-955cde716af9b909-libjansi.jnilib
0x0000000107808000 	/Library/Java/JavaVirtualMachines/jdk-19.jdk/Contents/Home/lib/libawt.dylib
0x00000001078b8000 	/Library/Java/JavaVirtualMachines/jdk-19.jdk/Contents/Home/lib/libmlib_image.dylib
0x00000001e9a24000 	/System/Library/Frameworks/JavaRuntimeSupport.framework/Versions/A/JavaRuntimeSupport
0x00000001a4684000 	/System/Library/Frameworks/Carbon.framework/Versions/A/Carbon
0x000000019d350000 	/System/Library/Frameworks/Carbon.framework/Versions/A/Frameworks/CommonPanels.framework/Versions/A/CommonPanels
0x00000001991d9000 	/System/Library/Frameworks/Carbon.framework/Versions/A/Frameworks/Help.framework/Versions/A/Help
0x000000019d354000 	/System/Library/Frameworks/Carbon.framework/Versions/A/Frameworks/ImageCapture.framework/Versions/A/ImageCapture
0x000000019d320000 	/System/Library/Frameworks/Carbon.framework/Versions/A/Frameworks/OpenScripting.framework/Versions/A/OpenScripting
0x000000019d34c000 	/System/Library/Frameworks/Carbon.framework/Versions/A/Frameworks/Ink.framework/Versions/A/Ink
0x00000001a4680000 	/System/Library/Frameworks/Carbon.framework/Versions/A/Frameworks/Print.framework/Versions/A/Print
0x000000019d348000 	/System/Library/Frameworks/Carbon.framework/Versions/A/Frameworks/SecurityHI.framework/Versions/A/SecurityHI
0x0000000107a48000 	/Library/Java/JavaVirtualMachines/jdk-19.jdk/Contents/Home/lib/libawt_lwawt.dylib
0x00000001077ac000 	/Library/Java/JavaVirtualMachines/jdk-19.jdk/Contents/Home/lib/libosxapp.dylib
0x00000001a37b8000 	/System/Library/Frameworks/ExceptionHandling.framework/Versions/A/ExceptionHandling
0x0000000107d20000 	/Library/Java/JavaVirtualMachines/jdk-19.jdk/Contents/Home/lib/libfontmanager.dylib
0x0000000107b6c000 	/Library/Java/JavaVirtualMachines/jdk-19.jdk/Contents/Home/lib/libfreetype.dylib


VM Arguments:
jvm_args: -javaagent:/Users/tylerturner/Library/Application Support/JetBrains/Toolbox/apps/IDEA-U/ch-0/231.7665.28/IntelliJ IDEA 2023.1 EAP.app/Contents/lib/idea_rt.jar=49356:/Users/tylerturner/Library/Application Support/JetBrains/Toolbox/apps/IDEA-U/ch-0/231.7665.28/IntelliJ IDEA 2023.1 EAP.app/Contents/bin -Dfile.encoding=UTF-8 -Dsun.stdout.encoding=UTF-8 -Dsun.stderr.encoding=UTF-8 --module-path=/Users/tylerturner/.m2/repository/com/fasterxml/jackson/core/jackson-databind/2.12.1/jackson-databind-2.12.1.jar:/Users/tylerturner/.m2/repository/com/fasterxml/jackson/core/jackson-core/2.12.1/jackson-core-2.12.1.jar:/Users/tylerturner/.m2/repository/com/github/almasb/fxgl-gameplay/17.2/fxgl-gameplay-17.2.jar:/Users/tylerturner/.m2/repository/org/openjfx/javafx-web/19/javafx-web-19-mac-aarch64.jar:/Users/tylerturner/.m2/repository/org/openjfx/javafx-graphics/19/javafx-graphics-19-mac-aarch64.jar:/Users/tylerturner/.m2/repository/com/gluonhq/attach/audio/4.0.13/audio-4.0.13.jar:/Users/tylerturner/.m2/repository/com/dlsc/formsfx/formsfx-core/11.5.0/formsfx-core-11.5.0.jar:/Users/tylerturner/.m2/repository/org/jetbrains/kotlin/kotlin-stdlib/1.6.0/kotlin-stdlib-1.6.0-modular.jar:/Users/tylerturner/.m2/repository/org/apache/httpcomponents/core5/httpcore5/5.2/httpcore5-5.2.jar:/Users/tylerturner/.m2/repository/com/github/almasb/fxgl/17.2/fxgl-17.2.jar:/Users/tylerturner/IdeaProjects/SpUI/target/classes:/Users/tylerturner/.m2/repository/org/fusesource/jansi/jansi/2.4.0/jansi-2.4.0.jar:/Users/tylerturner/.m2/repository/net/synedra/validatorfx/0.4.0/validatorfx-0.4.0.jar:/Users/tylerturner/.m2/repository/eu/hansolo/fx/heatmap/17.0.12/heatmap-17.0.12.jar:/Users/tylerturner/.m2/repository/com/gluonhq/attach/util/4.0.13/util-4.0.13.jar:/Users/tylerturner/.m2/repository/com/fasterxml/jackson/core/jackson-annotations/2.12.1/jackson-annotations-2.12.1.jar:/Users/tylerturner/.m2/repository/com/google/code/gson/gson/2.10.1/gson-2.10.1.jar:/Users/tylerturner/.m2/repository/eu/hansolo/tilesfx/17.1.15/tilesfx-17.1.15.jar:/Users/tylerturner/.m2/repository/com/github/almasb/fxgl-scene/17.2/fxgl-scene-17.2.jar:/Users/tylerturner/.m2/repository/org/openjfx/javafx-controls/19/javafx-controls-19-mac-aarch64.jar:/Users/tylerturner/.m2/repository/org/controlsfx/controlsfx/11.1.2/controlsfx-11.1.2.jar:/Users/tylerturner/.m2/repository/org/openjfx/javafx-base/19/javafx-base-19-ma-Djdk.module.main=com.tcj.spui 
java_command: com.tcj.spui/com.tcj.spui.HelloApplication
java_class_path (initial): /Users/tylerturner/.m2/repository/org/openjfx/javafx-controls/19/javafx-controls-19.jar:/Users/tylerturner/.m2/repository/org/openjfx/javafx-graphics/19/javafx-graphics-19.jar:/Users/tylerturner/.m2/repository/org/openjfx/javafx-base/19/javafx-base-19.jar:/Users/tylerturner/.m2/repository/org/openjfx/javafx-fxml/19/javafx-fxml-19.jar:/Users/tylerturner/.m2/repository/org/openjfx/javafx-swing/19/javafx-swing-19.jar:/Users/tylerturner/.m2/repository/org/openjfx/javafx-web/19/javafx-web-19.jar:/Users/tylerturner/.m2/repository/org/openjfx/javafx-media/19/javafx-media-19.jar:/Users/tylerturner/.m2/repository/org/jetbrains/annotations/13.0/annotations-13.0.jar:/Users/tylerturner/.m2/repository/org/jetbrains/kotlin/kotlin-stdlib-common/1.6.0/kotlin-stdlib-common-1.6.0.jar:/Users/tylerturner/.m2/repository/org/apache/httpcomponents/client5/httpclient5-cache/5.2.1/httpclient5-cache-5.2.1.jar:/Users/tylerturner/.m2/repository/org/apache/httpcomponents/client5/httpclient5/5.2.1/httpclient5-5.2.1.jar:/Users/tylerturner/.m2/repository/org/apache/httpcomponents/core5/httpcore5-h2/5.2/httpcore5-h2-5.2.jar:/Users/tylerturner/.m2/repository/org/slf4j/slf4j-api/2.0.6/slf4j-api-2.0.6.jar:/Users/tylerturner/.m2/repository/org/slf4j/slf4j-jdk14/2.0.6/slf4j-jdk14-2.0.6.jar
Launcher Type: SUN_STANDARD

[Global flags]
     intx CICompilerCount                          = 4                                         {product} {ergonomic}
     uint ConcGCThreads                            = 2                                         {product} {ergonomic}
     uint G1ConcRefinementThreads                  = 8                                         {product} {ergonomic}
   size_t G1HeapRegionSize                         = 1048576                                   {product} {ergonomic}
    uintx GCDrainStackTargetSize                   = 64                                        {product} {ergonomic}
   size_t InitialHeapSize                          = 134217728                                 {product} {ergonomic}
   size_t MarkStackSize                            = 4194304                                   {product} {ergonomic}
   size_t MaxHeapSize                              = 2147483648                                {product} {ergonomic}
   size_t MaxNewSize                               = 1287651328                                {product} {ergonomic}
   size_t MinHeapDeltaBytes                        = 1048576                                   {product} {ergonomic}
   size_t MinHeapSize                              = 8388608                                   {product} {ergonomic}
    uintx NonNMethodCodeHeapSize                   = 5839564                                {pd product} {ergonomic}
    uintx NonProfiledCodeHeapSize                  = 122909338                              {pd product} {ergonomic}
    uintx ProfiledCodeHeapSize                     = 122909338                              {pd product} {ergonomic}
    uintx ReservedCodeCacheSize                    = 251658240                              {pd product} {ergonomic}
     bool SegmentedCodeCache                       = true                                      {product} {ergonomic}
   size_t SoftMaxHeapSize                          = 2147483648                             {manageable} {ergonomic}
     bool UseCompressedClassPointers               = true                           {product lp64_product} {ergonomic}
     bool UseCompressedOops                        = true                           {product lp64_product} {ergonomic}
     bool UseG1GC                                  = true                                      {product} {ergonomic}
     bool UseNUMA                                  = false                                     {product} {ergonomic}
     bool UseNUMAInterleaving                      = false                                     {product} {ergonomic}

Logging:
Log output configuration:
 #0: stdout all=warning uptime,level,tags foldmultilines=false
 #1: stderr all=off uptime,level,tags foldmultilines=false

Environment Variables:
PATH=/opt/anaconda3/bin:/opt/anaconda3/condabin:/Library/Frameworks/Python.framework/Versions/3.10/bin:/Library/Frameworks/Python.framework/Versions/3.9/bin:/usr/local/bin:/System/Cryptexes/App/usr/bin:/usr/bin:/bin:/usr/sbin:/sbin:/Library/Apple/usr/bin:/Users/tylerturner/Library/Application Support/JetBrains/Toolbox/scripts
SHELL=/bin/zsh
LC_CTYPE=en_US.UTF-8
TMPDIR=/var/folders/f6/pr4ylkt54jj_wclwsdygrvpw0000gn/T/

Active Locale:
LC_ALL=C/en_US.UTF-8/C/C/C/C
LC_COLLATE=C
LC_CTYPE=en_US.UTF-8
LC_MESSAGES=C
LC_MONETARY=C
LC_NUMERIC=C
LC_TIME=C

Signal Handlers:
   SIGSEGV: crash_handler in libjvm.dylib, mask=11100110000111110111111111111111, flags=SA_RESTART|SA_SIGINFO
    SIGBUS: crash_handler in libjvm.dylib, mask=11100110000111110111111111111111, flags=SA_RESTART|SA_SIGINFO
    SIGFPE: crash_handler in libjvm.dylib, mask=11100110000111110111111111111111, flags=SA_RESTART|SA_SIGINFO
   SIGPIPE: javaSignalHandler in libjvm.dylib, mask=11100110000111110111111111111111, flags=SA_RESTART|SA_SIGINFO
   SIGXFSZ: javaSignalHandler in libjvm.dylib, mask=11100110000111110111111111111111, flags=SA_RESTART|SA_SIGINFO
    SIGILL: crash_handler in libjvm.dylib, mask=11100110000111110111111111111111, flags=SA_RESTART|SA_SIGINFO
   SIGUSR2: SR_handler in libjvm.dylib, mask=00100000000000000000000000000000, flags=SA_RESTART|SA_SIGINFO
    SIGHUP: UserHandler in libjvm.dylib, mask=11100110000111110111111111111111, flags=SA_RESTART|SA_SIGINFO
    SIGINT: UserHandler in libjvm.dylib, mask=11100110000111110111111111111111, flags=SA_RESTART|SA_SIGINFO
   SIGTERM: UserHandler in libjvm.dylib, mask=11100110000111110111111111111111, flags=SA_RESTART|SA_SIGINFO
   SIGQUIT: UserHandler in libjvm.dylib, mask=11100110000111110111111111111111, flags=SA_RESTART|SA_SIGINFO
   SIGTRAP: crash_handler in libjvm.dylib, mask=11100110000111110111111111111111, flags=SA_RESTART|SA_SIGINFO


---------------  S Y S T E M  ---------------

OS:
uname: Darwin 22.3.0 Darwin Kernel Version 22.3.0: Thu Jan  5 20:49:43 PST 2023; root:xnu-8792.81.2~2/RELEASE_ARM64_T8103 arm64
OS uptime: 0 days 0:01 hours
rlimit (soft/hard): STACK 8176k/65520k , CORE 0k/infinity , NPROC 1333/2000 , NOFILE 10240/infinity , AS infinity/infinity , CPU infinity/infinity , DATA infinity/infinity , FSIZE infinity/infinity , MEMLOCK infinity/infinity , RSS infinity/infinity
load average: 494.62 135.48 50.20

CPU: total 8 (initial active 8) 0x61:0x0:0x1b588bb3:0, fp, simd, aes, pmull, crc32, lse

Memory: 16k page, physical 8388608k(204528k free), swap 0k(0k free)

vm_info: Java HotSpot(TM) 64-Bit Server VM (19.0.2+7-44) for bsd-aarch64 JRE (19.0.2+7-44), built on 2022-11-30T18:02:09Z by "mach5one" with clang Apple LLVM 12.0.0 (clang-1200.0.32.29)

END.
