#
# A fatal error has been detected by the Java Runtime Environment:
#
#  SIGSEGV (0xb) at pc=0x000000010f442814, pid=55687, tid=259
#
# JRE version: Java(TM) SE Runtime Environment (19.0.2+7) (build 19.0.2+7-44)
# Java VM: Java HotSpot(TM) 64-Bit Server VM (19.0.2+7-44, mixed mode, sharing, tiered, compressed oops, compressed class ptrs, g1 gc, bsd-aarch64)
# Problematic frame:
# C  [libglass.dylib+0xa814]  JNI_OnLoad+0xef8
#
# No core dump will be written. Core dumps have been disabled. To enable core dumping, try "ulimit -c unlimited" before starting Java again
#
# If you would like to submit a bug report, please visit:
#   https://bugreport.java.com/bugreport/crash.jsp
#

---------------  S U M M A R Y ------------

Command Line: -javaagent:/Users/tylerturner/Library/Application Support/JetBrains/Toolbox/apps/IDEA-U/ch-0/231.7665.28/IntelliJ IDEA 2023.1 EAP.app/Contents/lib/idea_rt.jar=55368:/Users/tylerturner/Library/Application Support/JetBrains/Toolbox/apps/IDEA-U/ch-0/231.7665.28/IntelliJ IDEA 2023.1 EAP.app/Contents/bin -Dfile.encoding=UTF-8 -Dsun.stdout.encoding=UTF-8 -Dsun.stderr.encoding=UTF-8 --module-path=/Users/tylerturner/.m2/repository/com/github/almasb/fxgl/17.2/fxgl-17.2.jar:/Users/tylerturner/.m2/repository/org/controlsfx/controlsfx/11.1.2/controlsfx-11.1.2.jar:/Users/tylerturner/.m2/repository/org/kordamp/ikonli/ikonli-core/12.3.1/ikonli-core-12.3.1.jar:/Users/tylerturner/.m2/repository/org/jetbrains/kotlin/kotlin-stdlib/1.6.0/kotlin-stdlib-1.6.0-modular.jar:/Users/tylerturner/.m2/repository/eu/hansolo/fx/heatmap/17.0.12/heatmap-17.0.12.jar:/Users/tylerturner/.m2/repository/org/apache/httpcomponents/core5/httpcore5/5.2/httpcore5-5.2.jar:/Users/tylerturner/.m2/repository/com/gluonhq/attach/lifecycle/4.0.13/lifecycle-4.0.13.jar:/Users/tylerturner/.m2/repository/com/gluonhq/attach/storage/4.0.13/storage-4.0.13.jar:/Users/tylerturner/.m2/repository/org/openjfx/javafx-media/19/javafx-media-19-mac-aarch64.jar:/Users/tylerturner/.m2/repository/org/openjfx/javafx-web/19/javafx-web-19-mac-aarch64.jar:/Users/tylerturner/.m2/repository/eu/hansolo/toolbox/17.0.26/toolbox-17.0.26.jar:/Users/tylerturner/.m2/repository/org/openjfx/javafx-fxml/19/javafx-fxml-19-mac-aarch64.jar:/Users/tylerturner/.m2/repository/org/openjfx/javafx-base/19/javafx-base-19-mac-aarch64.jar:/Users/tylerturner/.m2/repository/eu/hansolo/tilesfx/17.1.15/tilesfx-17.1.15.jar:/Users/tylerturner/.m2/repository/com/fasterxml/jackson/core/jackson-core/2.12.1/jackson-core-2.12.1.jar:/Users/tylerturner/.m2/repository/org/kordamp/ikonli/ikonli-javafx/12.3.1/ikonli-javafx-12.3.1.jar:/Users/tylerturner/.m2/repository/se/michaelthelin/spotify/spotify-web-api-java/7.3.0/spotify-web-api-java-7.3.0.jar:/Users/tylerturner/.m2/repository/org/kordamp/bootstrapfx/bootstrapfx-core/0.4.0/bootstrapfx-core-0.4.0.jar:/Users/tylerturner/.m2/repository/com/github/almasb/fxgl-entity/17.2/fxgl-entity-17.2.jar:/Users/tylerturner/.m2/repository/com/github/almasb/fxgl-gameplay/17.2/fxgl-gameplay-17.2.jar:/Users/tylerturner/.m2/repository/com/gluonhq/attach/audio/4.0.13/audio-4.0.13.jar:/Users/tylerturner/.m2/repositor-Djdk.module.main=com.tcj.spui com.tcj.spui/com.tcj.spui.HelloApplication

Host: "MacBookPro17,1" arm64, 8 cores, 8G, Darwin 22.3.0, macOS 13.2 (22D49)
Time: Mon Feb 27 17:47:59 2023 EST elapsed time: 7.382356 seconds (0d 0h 0m 7s)

---------------  T H R E A D  ---------------

Current thread is native thread

Stack: [0x000000016af1c000,0x000000016b718000],  sp=0x000000016b712400,  free space=8153k
Native frames: (J=compiled Java code, j=interpreted, Vv=VM code, C=native code)
C  [libglass.dylib+0xa814]  JNI_OnLoad+0xef8
C  [CoreFoundation+0x76560]  __CFNOTIFICATIONCENTER_IS_CALLING_OUT_TO_AN_OBSERVER__+0x94
C  [CoreFoundation+0x114044]  ___CFXRegistrationPost_block_invoke+0x58
C  [CoreFoundation+0x113f8c]  _CFXRegistrationPost+0x1b8
C  [CoreFoundation+0x47b64]  _CFXNotificationPost+0x2c4
C  [Foundation+0xa38c]  -[NSNotificationCenter postNotificationName:object:userInfo:]+0x58
C  [AppKit+0x240ecc]  -[NSApplication _doHideMaybeFakingIt:]+0x100
C  [AppKit+0x1d6738]  _hideShowHandler+0x70
C  [HIToolbox+0xa4c0]  DispatchEventToHandlers(EventTargetRec*, OpaqueEventRef*, HandlerCallRec*)+0x444
C  [HIToolbox+0x9940]  SendEventToEventTargetInternal(OpaqueEventRef*, OpaqueEventTargetRef*, HandlerCallRec*)+0x164
C  [HIToolbox+0x1fbb8]  SendEventToEventTarget+0x28
C  [AppKit+0x39a14]  _DPSNextEvent+0x454
C  [AppKit+0x389c8]  -[NSApplication(NSEvent) _nextEventMatchingEventMask:untilDate:inMode:dequeue:]+0x2d8
C  [AppKit+0x2cdf8]  -[NSApplication run]+0x1d0
C  [libosxapp.dylib+0x4018]  +[NSApplicationAWT runAWTLoopWithApp:]+0xd0
C  [libawt_lwawt.dylib+0x6ca80]  +[AWTStarter starter:headless:]+0x1e8
C  [libosxapp.dylib+0x5c90]  +[ThreadUtilities invokeBlockCopy:]+0x1c
C  [Foundation+0x7a900]  __NSThreadPerformPerform+0x108
C  [CoreFoundation+0x81a08]  __CFRUNLOOP_IS_CALLING_OUT_TO_A_SOURCE0_PERFORM_FUNCTION__+0x1c
C  [CoreFoundation+0x8199c]  __CFRunLoopDoSource0+0xb0
C  [CoreFoundation+0x8170c]  __CFRunLoopDoSources0+0xf4
C  [CoreFoundation+0x80310]  __CFRunLoopRun+0x344
C  [CoreFoundation+0x7f878]  CFRunLoopRunSpecific+0x264
C  [libjli.dylib+0xb5c4]  CreateExecutionEnvironment+0x190
C  [libjli.dylib+0x79c0]  JLI_Launch+0x4bc
C  [java+0x3bbc]  main+0x18c
C  [dyld+0x5e50]  start+0x9f0


siginfo: si_signo: 11 (SIGSEGV), si_code: 2 (SEGV_ACCERR), si_addr: 0x0000000000000000

Registers:
 x0=0x0000600001281a40  x1=0x000000011e809000  x2=0x0000000000000000  x3=0x0000600001281a70
 x4=0x0000000000000005  x5=0x0000000000001a40  x6=0x0000000000002000  x7=0x0000000000000000
 x8=0x000000011e809088  x9=0x00000000a1a1a1a1 x10=0x0000600035e51d75 x11=0x0000000000000003
x12=0x0000000000000001 x13=0x000060000097f100 x14=0x01000001e05cbee9 x15=0x00000001e05cbee8
x16=0x0000000184cb8644 x17=0x00000001e1538420 x18=0x0000000000000000 x19=0x0000600001228690
x20=0x0000000000000000 x21=0x0000600001281a40 x22=0x000000010f47a4a8 x23=0x000000011c169ed8
x24=0x0000000000000000 x25=0x0000000000041400 x26=0x0000000000000000 x27=0x0000001a00000013
x28=0x000000016b712908  fp=0x000000016b712850  lr=0x0e1880010f442810  sp=0x000000016b712400
pc=0x000000010f442814 cpsr=0x0000000080001000

Top of Stack: (sp=0x000000016b712400)
0x000000016b712400:   000000010f46b010 000000010f46ae2e
0x000000016b712410:   0000000000000138 000000010f4427c4
0x000000016b712420:   00000001850f6560 0000000185194044
0x000000016b712430:   0000000185193f8c 00000001850c7b64
0x000000016b712440:   0000000185fb738c 000000018858cecc
0x000000016b712450:   0000000188522738 000000018e7b84c0
0x000000016b712460:   000000018e7b7940 000000018e7cdbb8
0x000000016b712470:   0000000188385a14 00000001883849c8
0x000000016b712480:   0000000188378df8 0000000163b4c018
0x000000016b712490:   000000016453ca80 0000000163b4dc90
0x000000016b7124a0:   0000000186027900 0000000185101a08
0x000000016b7124b0:   000000018510199c 000000018510170c
0x000000016b7124c0:   0000000185100310 00000001850ff878
0x000000016b7124d0:   00000001047af5c4 00000001047ab9c0
0x000000016b7124e0:   00000001046ebbbc 0000000184cf7e50
0x000000016b7124f0:   0000000000000000 0000000000000000
0x000000016b712500:   0000000000000000 0000000000000000
0x000000016b712510:   0000000000000000 0000000000000000
0x000000016b712520:   0000000000000000 0000000000000000
0x000000016b712530:   0000000000000000 0000000000000000
0x000000016b712540:   0000000000000000 0000000000000000
0x000000016b712550:   0000000000000000 0000000000000000
0x000000016b712560:   0000000000000000 0000000000000000
0x000000016b712570:   0000000000000000 0000000000000000
0x000000016b712580:   0000000000000000 0000000000000000
0x000000016b712590:   0000000000000000 0000000000000000
0x000000016b7125a0:   0000000000000000 0000000000000000
0x000000016b7125b0:   0000000000000000 0000000000000000
0x000000016b7125c0:   0000000000000000 0000000000000000
0x000000016b7125d0:   0000000000000000 0000000000000000
0x000000016b7125e0:   0000000000000000 0000000000000000
0x000000016b7125f0:   0000000000000000 0000000000000000 

Instructions: (pc=0x000000010f442814)
0x000000010f442714:   f85c83a8 d503201f 5816cfa9 f9400129
0x000000010f442724:   eb08013f 540000e1 911083ff a9437bfd
0x000000010f442734:   a9424ff4 a94157f6 a8c45ff8 d65f03c0
0x000000010f442744:   940086ec a9bc5ff8 a90157f6 a9024ff4
0x000000010f442754:   a9037bfd 9100c3fd d11083ff aa0003f3
0x000000010f442764:   d503201f 5816cd48 f9400108 f81c83a8
0x000000010f442774:   101be9b6 d503201f f94002d4 b5000434
0x000000010f442784:   d503201f 5816cc88 f9400100 52802708
0x000000010f442794:   f9000be8 501434a8 d503201f 10144389
0x000000010f4427a4:   d503201f a90023e9 1013eec1 d503201f
0x000000010f4427b4:   940086eb 910063e0 52801001 940086d9
0x000000010f4427c4:   aa0003f5 910063e0 aa1503e1 940086d8
0x000000010f4427d4:   aa0003f4 710006bf 540000eb 2a1503f5
0x000000010f4427e4:   aa1403f7 f84086e0 940087b8 f10006b5
0x000000010f4427f4:   54ffffa1 aa1403e0 940086dc f94002d4
0x000000010f442804:   d503201f 581b7380 94008753 aa0003f5
0x000000010f442814:   f9400288 f940f516 f9400a73 d503201f
0x000000010f442824:   581b7460 d503201f 581b0ee1 9400875c
0x000000010f442834:   aa0003e2 aa1403e0 aa1303e1 d63f02c0
0x000000010f442844:   d503201f 581aec01 aa1503e0 94008754
0x000000010f442854:   f9400288 f9403d08 aa1403e0 d63f0100
0x000000010f442864:   b40002a0 aa0003f3 f9400288 f9404508
0x000000010f442874:   aa1403e0 d63f0100 f9400288 f9423508
0x000000010f442884:   d503201f d503201f 581be121 d503201f
0x000000010f442894:   d503201f 581bee82 f90003f3 aa1403e0
0x000000010f4428a4:   d63f0100 f9400288 f9404508 aa1403e0
0x000000010f4428b4:   d63f0100 f85c83a8 d503201f 5816c289
0x000000010f4428c4:   f9400129 eb08013f 540000e1 911083ff
0x000000010f4428d4:   a9437bfd a9424ff4 a94157f6 a8c45ff8
0x000000010f4428e4:   d65f03c0 94008683 a9bc5ff8 a90157f6
0x000000010f4428f4:   a9024ff4 a9037bfd 9100c3fd d11083ff
0x000000010f442904:   aa0003f3 d503201f 5816c028 f9400108 



---------------  P R O C E S S  ---------------

VM state: not at safepoint (normal execution)

VM Mutex/Monitor currently owned by a thread: None

Heap address: 0x0000000780000000, size: 2048 MB, Compressed Oops mode: Zero based, Oop shift amount: 3

CDS archive(s) mapped at: [0x0000000800000000-0x0000000800c48000-0x0000000800c48000), size 12877824, SharedBaseAddress: 0x0000000800000000, ArchiveRelocationMode: 0.
Compressed class space mapped at: 0x0000000801000000-0x0000000841000000, reserved size: 1073741824
Narrow klass base: 0x0000000800000000, Narrow klass shift: 0, Narrow klass range: 0x100000000

GC Precious Log:
<Skipped>

Heap:
 garbage-first heap   total 133120K, used 15747K [0x0000000780000000, 0x0000000800000000)
  region size 1024K, 9 young (9216K), 6 survivors (6144K)
 Metaspace       used 19075K, committed 19392K, reserved 1114112K
  class space    used 2464K, committed 2624K, reserved 1048576K

Heap Regions: E=young(eden), S=young(survivor), O=old, HS=humongous(starts), HC=humongous(continues), CS=collection set, F=free, OA=open archive, CA=closed archive, TAMS=top-at-mark-start (previous, next)
|   0|0x0000000780000000, 0x0000000780100000, 0x0000000780100000|100%|HS|  |TAMS 0x0000000780000000, 0x0000000780000000| Complete 
|   1|0x0000000780100000, 0x0000000780200000, 0x0000000780200000|100%|HC|  |TAMS 0x0000000780100000, 0x0000000780100000| Complete 
|   2|0x0000000780200000, 0x0000000780300000, 0x0000000780300000|100%| O|  |TAMS 0x0000000780200000, 0x0000000780200000| Untracked 
|   3|0x0000000780300000, 0x0000000780400000, 0x0000000780400000|100%| O|  |TAMS 0x0000000780300000, 0x0000000780300000| Untracked 
|   4|0x0000000780400000, 0x0000000780500000, 0x0000000780500000|100%| O|  |TAMS 0x0000000780400000, 0x0000000780400000| Untracked 
|   5|0x0000000780500000, 0x0000000780568c00, 0x0000000780600000| 40%| O|  |TAMS 0x0000000780500000, 0x0000000780500000| Untracked 
|   6|0x0000000780600000, 0x0000000780600000, 0x0000000780700000|  0%| F|  |TAMS 0x0000000780600000, 0x0000000780600000| Untracked 
|   7|0x0000000780700000, 0x0000000780700000, 0x0000000780800000|  0%| F|  |TAMS 0x0000000780700000, 0x0000000780700000| Untracked 
|   8|0x0000000780800000, 0x0000000780800000, 0x0000000780900000|  0%| F|  |TAMS 0x0000000780800000, 0x0000000780800000| Untracked 
|   9|0x0000000780900000, 0x0000000780900000, 0x0000000780a00000|  0%| F|  |TAMS 0x0000000780900000, 0x0000000780900000| Untracked 
|  10|0x0000000780a00000, 0x0000000780a00000, 0x0000000780b00000|  0%| F|  |TAMS 0x0000000780a00000, 0x0000000780a00000| Untracked 
|  11|0x0000000780b00000, 0x0000000780b00000, 0x0000000780c00000|  0%| F|  |TAMS 0x0000000780b00000, 0x0000000780b00000| Untracked 
|  12|0x0000000780c00000, 0x0000000780c00000, 0x0000000780d00000|  0%| F|  |TAMS 0x0000000780c00000, 0x0000000780c00000| Untracked 
|  13|0x0000000780d00000, 0x0000000780d00000, 0x0000000780e00000|  0%| F|  |TAMS 0x0000000780d00000, 0x0000000780d00000| Untracked 
|  14|0x0000000780e00000, 0x0000000780e00000, 0x0000000780f00000|  0%| F|  |TAMS 0x0000000780e00000, 0x0000000780e00000| Untracked 
|  15|0x0000000780f00000, 0x0000000780f00000, 0x0000000781000000|  0%| F|  |TAMS 0x0000000780f00000, 0x0000000780f00000| Untracked 
|  16|0x0000000781000000, 0x0000000781000000, 0x0000000781100000|  0%| F|  |TAMS 0x0000000781000000, 0x0000000781000000| Untracked 
|  17|0x0000000781100000, 0x0000000781100000, 0x0000000781200000|  0%| F|  |TAMS 0x0000000781100000, 0x0000000781100000| Untracked 
|  18|0x0000000781200000, 0x0000000781200000, 0x0000000781300000|  0%| F|  |TAMS 0x0000000781200000, 0x0000000781200000| Untracked 
|  19|0x0000000781300000, 0x0000000781300000, 0x0000000781400000|  0%| F|  |TAMS 0x0000000781300000, 0x0000000781300000| Untracked 
|  20|0x0000000781400000, 0x0000000781400000, 0x0000000781500000|  0%| F|  |TAMS 0x0000000781400000, 0x0000000781400000| Untracked 
|  21|0x0000000781500000, 0x0000000781500000, 0x0000000781600000|  0%| F|  |TAMS 0x0000000781500000, 0x0000000781500000| Untracked 
|  22|0x0000000781600000, 0x0000000781600000, 0x0000000781700000|  0%| F|  |TAMS 0x0000000781600000, 0x0000000781600000| Untracked 
|  23|0x0000000781700000, 0x0000000781700000, 0x0000000781800000|  0%| F|  |TAMS 0x0000000781700000, 0x0000000781700000| Untracked 
|  24|0x0000000781800000, 0x0000000781800000, 0x0000000781900000|  0%| F|  |TAMS 0x0000000781800000, 0x0000000781800000| Untracked 
|  25|0x0000000781900000, 0x0000000781900000, 0x0000000781a00000|  0%| F|  |TAMS 0x0000000781900000, 0x0000000781900000| Untracked 
|  26|0x0000000781a00000, 0x0000000781a00000, 0x0000000781b00000|  0%| F|  |TAMS 0x0000000781a00000, 0x0000000781a00000| Untracked 
|  27|0x0000000781b00000, 0x0000000781b00000, 0x0000000781c00000|  0%| F|  |TAMS 0x0000000781b00000, 0x0000000781b00000| Untracked 
|  28|0x0000000781c00000, 0x0000000781c00000, 0x0000000781d00000|  0%| F|  |TAMS 0x0000000781c00000, 0x0000000781c00000| Untracked 
|  29|0x0000000781d00000, 0x0000000781d00000, 0x0000000781e00000|  0%| F|  |TAMS 0x0000000781d00000, 0x0000000781d00000| Untracked 
|  30|0x0000000781e00000, 0x0000000781e00000, 0x0000000781f00000|  0%| F|  |TAMS 0x0000000781e00000, 0x0000000781e00000| Untracked 
|  31|0x0000000781f00000, 0x0000000781f00000, 0x0000000782000000|  0%| F|  |TAMS 0x0000000781f00000, 0x0000000781f00000| Untracked 
|  32|0x0000000782000000, 0x0000000782000000, 0x0000000782100000|  0%| F|  |TAMS 0x0000000782000000, 0x0000000782000000| Untracked 
|  33|0x0000000782100000, 0x0000000782100000, 0x0000000782200000|  0%| F|  |TAMS 0x0000000782100000, 0x0000000782100000| Untracked 
|  34|0x0000000782200000, 0x0000000782200000, 0x0000000782300000|  0%| F|  |TAMS 0x0000000782200000, 0x0000000782200000| Untracked 
|  35|0x0000000782300000, 0x0000000782300000, 0x0000000782400000|  0%| F|  |TAMS 0x0000000782300000, 0x0000000782300000| Untracked 
|  36|0x0000000782400000, 0x0000000782400000, 0x0000000782500000|  0%| F|  |TAMS 0x0000000782400000, 0x0000000782400000| Untracked 
|  37|0x0000000782500000, 0x0000000782500000, 0x0000000782600000|  0%| F|  |TAMS 0x0000000782500000, 0x0000000782500000| Untracked 
|  38|0x0000000782600000, 0x0000000782600000, 0x0000000782700000|  0%| F|  |TAMS 0x0000000782600000, 0x0000000782600000| Untracked 
|  39|0x0000000782700000, 0x0000000782700000, 0x0000000782800000|  0%| F|  |TAMS 0x0000000782700000, 0x0000000782700000| Untracked 
|  40|0x0000000782800000, 0x0000000782800000, 0x0000000782900000|  0%| F|  |TAMS 0x0000000782800000, 0x0000000782800000| Untracked 
|  41|0x0000000782900000, 0x0000000782900000, 0x0000000782a00000|  0%| F|  |TAMS 0x0000000782900000, 0x0000000782900000| Untracked 
|  42|0x0000000782a00000, 0x0000000782a00000, 0x0000000782b00000|  0%| F|  |TAMS 0x0000000782a00000, 0x0000000782a00000| Untracked 
|  43|0x0000000782b00000, 0x0000000782b00000, 0x0000000782c00000|  0%| F|  |TAMS 0x0000000782b00000, 0x0000000782b00000| Untracked 
|  44|0x0000000782c00000, 0x0000000782c00000, 0x0000000782d00000|  0%| F|  |TAMS 0x0000000782c00000, 0x0000000782c00000| Untracked 
|  45|0x0000000782d00000, 0x0000000782d00000, 0x0000000782e00000|  0%| F|  |TAMS 0x0000000782d00000, 0x0000000782d00000| Untracked 
|  46|0x0000000782e00000, 0x0000000782e00000, 0x0000000782f00000|  0%| F|  |TAMS 0x0000000782e00000, 0x0000000782e00000| Untracked 
|  47|0x0000000782f00000, 0x0000000782f00000, 0x0000000783000000|  0%| F|  |TAMS 0x0000000782f00000, 0x0000000782f00000| Untracked 
|  48|0x0000000783000000, 0x0000000783000000, 0x0000000783100000|  0%| F|  |TAMS 0x0000000783000000, 0x0000000783000000| Untracked 
|  49|0x0000000783100000, 0x0000000783100000, 0x0000000783200000|  0%| F|  |TAMS 0x0000000783100000, 0x0000000783100000| Untracked 
|  50|0x0000000783200000, 0x0000000783200000, 0x0000000783300000|  0%| F|  |TAMS 0x0000000783200000, 0x0000000783200000| Untracked 
|  51|0x0000000783300000, 0x0000000783300000, 0x0000000783400000|  0%| F|  |TAMS 0x0000000783300000, 0x0000000783300000| Untracked 
|  52|0x0000000783400000, 0x0000000783400000, 0x0000000783500000|  0%| F|  |TAMS 0x0000000783400000, 0x0000000783400000| Untracked 
|  53|0x0000000783500000, 0x0000000783500000, 0x0000000783600000|  0%| F|  |TAMS 0x0000000783500000, 0x0000000783500000| Untracked 
|  54|0x0000000783600000, 0x0000000783600000, 0x0000000783700000|  0%| F|  |TAMS 0x0000000783600000, 0x0000000783600000| Untracked 
|  55|0x0000000783700000, 0x0000000783700000, 0x0000000783800000|  0%| F|  |TAMS 0x0000000783700000, 0x0000000783700000| Untracked 
|  56|0x0000000783800000, 0x0000000783800000, 0x0000000783900000|  0%| F|  |TAMS 0x0000000783800000, 0x0000000783800000| Untracked 
|  57|0x0000000783900000, 0x0000000783900000, 0x0000000783a00000|  0%| F|  |TAMS 0x0000000783900000, 0x0000000783900000| Untracked 
|  58|0x0000000783a00000, 0x0000000783a00000, 0x0000000783b00000|  0%| F|  |TAMS 0x0000000783a00000, 0x0000000783a00000| Untracked 
|  59|0x0000000783b00000, 0x0000000783b00000, 0x0000000783c00000|  0%| F|  |TAMS 0x0000000783b00000, 0x0000000783b00000| Untracked 
|  60|0x0000000783c00000, 0x0000000783c00000, 0x0000000783d00000|  0%| F|  |TAMS 0x0000000783c00000, 0x0000000783c00000| Untracked 
|  61|0x0000000783d00000, 0x0000000783d00000, 0x0000000783e00000|  0%| F|  |TAMS 0x0000000783d00000, 0x0000000783d00000| Untracked 
|  62|0x0000000783e00000, 0x0000000783e00000, 0x0000000783f00000|  0%| F|  |TAMS 0x0000000783e00000, 0x0000000783e00000| Untracked 
|  63|0x0000000783f00000, 0x0000000783f00000, 0x0000000784000000|  0%| F|  |TAMS 0x0000000783f00000, 0x0000000783f00000| Untracked 
|  64|0x0000000784000000, 0x0000000784000000, 0x0000000784100000|  0%| F|  |TAMS 0x0000000784000000, 0x0000000784000000| Untracked 
|  65|0x0000000784100000, 0x0000000784100000, 0x0000000784200000|  0%| F|  |TAMS 0x0000000784100000, 0x0000000784100000| Untracked 
|  66|0x0000000784200000, 0x0000000784200000, 0x0000000784300000|  0%| F|  |TAMS 0x0000000784200000, 0x0000000784200000| Untracked 
|  67|0x0000000784300000, 0x0000000784300000, 0x0000000784400000|  0%| F|  |TAMS 0x0000000784300000, 0x0000000784300000| Untracked 
|  68|0x0000000784400000, 0x0000000784400000, 0x0000000784500000|  0%| F|  |TAMS 0x0000000784400000, 0x0000000784400000| Untracked 
|  69|0x0000000784500000, 0x0000000784500000, 0x0000000784600000|  0%| F|  |TAMS 0x0000000784500000, 0x0000000784500000| Untracked 
|  70|0x0000000784600000, 0x0000000784600000, 0x0000000784700000|  0%| F|  |TAMS 0x0000000784600000, 0x0000000784600000| Untracked 
|  71|0x0000000784700000, 0x0000000784700000, 0x0000000784800000|  0%| F|  |TAMS 0x0000000784700000, 0x0000000784700000| Untracked 
|  72|0x0000000784800000, 0x0000000784800000, 0x0000000784900000|  0%| F|  |TAMS 0x0000000784800000, 0x0000000784800000| Untracked 
|  73|0x0000000784900000, 0x0000000784900000, 0x0000000784a00000|  0%| F|  |TAMS 0x0000000784900000, 0x0000000784900000| Untracked 
|  74|0x0000000784a00000, 0x0000000784a00000, 0x0000000784b00000|  0%| F|  |TAMS 0x0000000784a00000, 0x0000000784a00000| Untracked 
|  75|0x0000000784b00000, 0x0000000784c00000, 0x0000000784c00000|100%| S|CS|TAMS 0x0000000784b00000, 0x0000000784b00000| Complete 
|  76|0x0000000784c00000, 0x0000000784d00000, 0x0000000784d00000|100%| S|CS|TAMS 0x0000000784c00000, 0x0000000784c00000| Complete 
|  77|0x0000000784d00000, 0x0000000784e00000, 0x0000000784e00000|100%| S|CS|TAMS 0x0000000784d00000, 0x0000000784d00000| Complete 
|  78|0x0000000784e00000, 0x0000000784f00000, 0x0000000784f00000|100%| S|CS|TAMS 0x0000000784e00000, 0x0000000784e00000| Complete 
|  79|0x0000000784f00000, 0x0000000785000000, 0x0000000785000000|100%| S|CS|TAMS 0x0000000784f00000, 0x0000000784f00000| Complete 
|  80|0x0000000785000000, 0x0000000785100000, 0x0000000785100000|100%| S|CS|TAMS 0x0000000785000000, 0x0000000785000000| Complete 
|  81|0x0000000785100000, 0x0000000785100000, 0x0000000785200000|  0%| F|  |TAMS 0x0000000785100000, 0x0000000785100000| Untracked 
|  82|0x0000000785200000, 0x0000000785200000, 0x0000000785300000|  0%| F|  |TAMS 0x0000000785200000, 0x0000000785200000| Untracked 
|  83|0x0000000785300000, 0x0000000785300000, 0x0000000785400000|  0%| F|  |TAMS 0x0000000785300000, 0x0000000785300000| Untracked 
|  84|0x0000000785400000, 0x0000000785400000, 0x0000000785500000|  0%| F|  |TAMS 0x0000000785400000, 0x0000000785400000| Untracked 
|  85|0x0000000785500000, 0x0000000785500000, 0x0000000785600000|  0%| F|  |TAMS 0x0000000785500000, 0x0000000785500000| Untracked 
|  86|0x0000000785600000, 0x0000000785600000, 0x0000000785700000|  0%| F|  |TAMS 0x0000000785600000, 0x0000000785600000| Untracked 
|  87|0x0000000785700000, 0x0000000785700000, 0x0000000785800000|  0%| F|  |TAMS 0x0000000785700000, 0x0000000785700000| Untracked 
|  88|0x0000000785800000, 0x0000000785800000, 0x0000000785900000|  0%| F|  |TAMS 0x0000000785800000, 0x0000000785800000| Untracked 
|  89|0x0000000785900000, 0x0000000785900000, 0x0000000785a00000|  0%| F|  |TAMS 0x0000000785900000, 0x0000000785900000| Untracked 
|  90|0x0000000785a00000, 0x0000000785a00000, 0x0000000785b00000|  0%| F|  |TAMS 0x0000000785a00000, 0x0000000785a00000| Untracked 
|  91|0x0000000785b00000, 0x0000000785b00000, 0x0000000785c00000|  0%| F|  |TAMS 0x0000000785b00000, 0x0000000785b00000| Untracked 
|  92|0x0000000785c00000, 0x0000000785c00000, 0x0000000785d00000|  0%| F|  |TAMS 0x0000000785c00000, 0x0000000785c00000| Untracked 
|  93|0x0000000785d00000, 0x0000000785d00000, 0x0000000785e00000|  0%| F|  |TAMS 0x0000000785d00000, 0x0000000785d00000| Untracked 
|  94|0x0000000785e00000, 0x0000000785e00000, 0x0000000785f00000|  0%| F|  |TAMS 0x0000000785e00000, 0x0000000785e00000| Untracked 
|  95|0x0000000785f00000, 0x0000000785f00000, 0x0000000786000000|  0%| F|  |TAMS 0x0000000785f00000, 0x0000000785f00000| Untracked 
|  96|0x0000000786000000, 0x0000000786000000, 0x0000000786100000|  0%| F|  |TAMS 0x0000000786000000, 0x0000000786000000| Untracked 
|  97|0x0000000786100000, 0x0000000786100000, 0x0000000786200000|  0%| F|  |TAMS 0x0000000786100000, 0x0000000786100000| Untracked 
|  98|0x0000000786200000, 0x0000000786200000, 0x0000000786300000|  0%| F|  |TAMS 0x0000000786200000, 0x0000000786200000| Untracked 
|  99|0x0000000786300000, 0x0000000786300000, 0x0000000786400000|  0%| F|  |TAMS 0x0000000786300000, 0x0000000786300000| Untracked 
| 100|0x0000000786400000, 0x0000000786400000, 0x0000000786500000|  0%| F|  |TAMS 0x0000000786400000, 0x0000000786400000| Untracked 
| 101|0x0000000786500000, 0x0000000786500000, 0x0000000786600000|  0%| F|  |TAMS 0x0000000786500000, 0x0000000786500000| Untracked 
| 102|0x0000000786600000, 0x0000000786600000, 0x0000000786700000|  0%| F|  |TAMS 0x0000000786600000, 0x0000000786600000| Untracked 
| 103|0x0000000786700000, 0x0000000786700000, 0x0000000786800000|  0%| F|  |TAMS 0x0000000786700000, 0x0000000786700000| Untracked 
| 104|0x0000000786800000, 0x0000000786800000, 0x0000000786900000|  0%| F|  |TAMS 0x0000000786800000, 0x0000000786800000| Untracked 
| 105|0x0000000786900000, 0x0000000786900000, 0x0000000786a00000|  0%| F|  |TAMS 0x0000000786900000, 0x0000000786900000| Untracked 
| 106|0x0000000786a00000, 0x0000000786a00000, 0x0000000786b00000|  0%| F|  |TAMS 0x0000000786a00000, 0x0000000786a00000| Untracked 
| 107|0x0000000786b00000, 0x0000000786b00000, 0x0000000786c00000|  0%| F|  |TAMS 0x0000000786b00000, 0x0000000786b00000| Untracked 
| 108|0x0000000786c00000, 0x0000000786c00000, 0x0000000786d00000|  0%| F|  |TAMS 0x0000000786c00000, 0x0000000786c00000| Untracked 
| 109|0x0000000786d00000, 0x0000000786d00000, 0x0000000786e00000|  0%| F|  |TAMS 0x0000000786d00000, 0x0000000786d00000| Untracked 
| 110|0x0000000786e00000, 0x0000000786e00000, 0x0000000786f00000|  0%| F|  |TAMS 0x0000000786e00000, 0x0000000786e00000| Untracked 
| 111|0x0000000786f00000, 0x0000000786f00000, 0x0000000787000000|  0%| F|  |TAMS 0x0000000786f00000, 0x0000000786f00000| Untracked 
| 112|0x0000000787000000, 0x0000000787000000, 0x0000000787100000|  0%| F|  |TAMS 0x0000000787000000, 0x0000000787000000| Untracked 
| 113|0x0000000787100000, 0x0000000787100000, 0x0000000787200000|  0%| F|  |TAMS 0x0000000787100000, 0x0000000787100000| Untracked 
| 114|0x0000000787200000, 0x0000000787200000, 0x0000000787300000|  0%| F|  |TAMS 0x0000000787200000, 0x0000000787200000| Untracked 
| 115|0x0000000787300000, 0x0000000787300000, 0x0000000787400000|  0%| F|  |TAMS 0x0000000787300000, 0x0000000787300000| Untracked 
| 116|0x0000000787400000, 0x0000000787400000, 0x0000000787500000|  0%| F|  |TAMS 0x0000000787400000, 0x0000000787400000| Untracked 
| 117|0x0000000787500000, 0x0000000787500000, 0x0000000787600000|  0%| F|  |TAMS 0x0000000787500000, 0x0000000787500000| Untracked 
| 118|0x0000000787600000, 0x0000000787600000, 0x0000000787700000|  0%| F|  |TAMS 0x0000000787600000, 0x0000000787600000| Untracked 
| 119|0x0000000787700000, 0x0000000787700000, 0x0000000787800000|  0%| F|  |TAMS 0x0000000787700000, 0x0000000787700000| Untracked 
| 120|0x0000000787800000, 0x0000000787800000, 0x0000000787900000|  0%| F|  |TAMS 0x0000000787800000, 0x0000000787800000| Untracked 
| 121|0x0000000787900000, 0x0000000787900000, 0x0000000787a00000|  0%| F|  |TAMS 0x0000000787900000, 0x0000000787900000| Untracked 
| 122|0x0000000787a00000, 0x0000000787a00000, 0x0000000787b00000|  0%| F|  |TAMS 0x0000000787a00000, 0x0000000787a00000| Untracked 
| 123|0x0000000787b00000, 0x0000000787b00000, 0x0000000787c00000|  0%| F|  |TAMS 0x0000000787b00000, 0x0000000787b00000| Untracked 
| 124|0x0000000787c00000, 0x0000000787c00000, 0x0000000787d00000|  0%| F|  |TAMS 0x0000000787c00000, 0x0000000787c00000| Untracked 
| 125|0x0000000787d00000, 0x0000000787e00000, 0x0000000787e00000|100%| E|  |TAMS 0x0000000787d00000, 0x0000000787d00000| Complete 
| 126|0x0000000787e00000, 0x0000000787f00000, 0x0000000787f00000|100%| E|CS|TAMS 0x0000000787e00000, 0x0000000787e00000| Complete 
| 127|0x0000000787f00000, 0x0000000788000000, 0x0000000788000000|100%| E|CS|TAMS 0x0000000787f00000, 0x0000000787f00000| Complete 
|2046|0x00000007ffe00000, 0x00000007ffe78000, 0x00000007fff00000| 46%|OA|  |TAMS 0x00000007ffe00000, 0x00000007ffe00000| Untracked 
|2047|0x00000007fff00000, 0x00000007fff80000, 0x0000000800000000| 50%|CA|  |TAMS 0x00000007fff00000, 0x00000007fff00000| Untracked 

Card table byte_map: [0x0000000104ea0000,0x00000001052a0000] _byte_map_base: 0x00000001012a0000

Marking Bits (Prev, Next): (CMBitMap*) 0x000000011e815e10, (CMBitMap*) 0x000000011e815e50
 Prev Bits: [0x0000000118000000, 0x000000011a000000)
 Next Bits: [0x000000011a000000, 0x000000011c000000)

Polling page: 0x0000000104740000

Metaspace:

Usage:
  Non-class:     16.22 MB used.
      Class:      2.41 MB used.
       Both:     18.63 MB used.

Virtual space:
  Non-class space:       64.00 MB reserved,      16.38 MB ( 26%) committed,  1 nodes.
      Class space:        1.00 GB reserved,       2.56 MB ( <1%) committed,  1 nodes.
             Both:        1.06 GB reserved,      18.94 MB (  2%) committed. 

Chunk freelists:
   Non-Class:  3.59 MB
       Class:  1.47 MB
        Both:  5.06 MB

MaxMetaspaceSize: unlimited
CompressedClassSpaceSize: 1.00 GB
Initial GC threshold: 21.00 MB
Current GC threshold: 21.00 MB
CDS: on
MetaspaceReclaimPolicy: balanced
 - commit_granule_bytes: 65536.
 - commit_granule_words: 8192.
 - virtual_space_node_default_size: 8388608.
 - enlarge_chunks_in_place: 1.
 - new_chunks_are_fully_committed: 0.
 - uncommit_free_chunks: 1.
 - use_allocation_guard: 0.


Internal statistics:

num_allocs_failed_limit: 0.
num_arena_births: 356.
num_arena_deaths: 0.
num_vsnodes_births: 2.
num_vsnodes_deaths: 0.
num_space_committed: 303.
num_space_uncommitted: 0.
num_chunks_returned_to_freelist: 0.
num_chunks_taken_from_freelist: 833.
num_chunk_merges: 0.
num_chunk_splits: 593.
num_chunks_enlarged: 471.
num_inconsistent_stats: 0.

CodeHeap 'non-profiled nmethods': size=120032Kb used=805Kb max_used=805Kb free=119227Kb
 bounds [0x000000012fac8000, 0x000000012fd38000, 0x0000000137000000]
CodeHeap 'profiled nmethods': size=120016Kb used=4162Kb max_used=4162Kb free=115853Kb
 bounds [0x0000000128000000, 0x0000000128420000, 0x000000012f534000]
CodeHeap 'non-nmethods': size=5712Kb used=1458Kb max_used=1491Kb free=4253Kb
 bounds [0x000000012f534000, 0x000000012f7a4000, 0x000000012fac8000]
 total_blobs=3056 nmethods=2252 adapters=718
 compilation: enabled
              stopped_count=0, restarted_count=0
 full_count=0

Compilation events (20 events):
Event: 3.442 Thread 0x000000010e818200 2330       4       java.util.concurrent.ConcurrentHashMap::put (8 bytes)
Event: 3.442 Thread 0x000000010e818200 nmethod 2330 0x000000012fb90910 code [0x000000012fb90ac0, 0x000000012fb90b80]
Event: 7.154 Thread 0x000000010e818200 2377       4       java.lang.StringCoding::countPositives (33 bytes)
Event: 7.158 Thread 0x000000010e818200 nmethod 2377 0x000000012fb90c10 code [0x000000012fb90dc0, 0x000000012fb90fa0]
Event: 7.161 Thread 0x000000011e811600 2378   !   3       java.util.regex.Pattern::closure (276 bytes)
Event: 7.163 Thread 0x000000011e811600 nmethod 2378 0x000000012840ae90 code [0x000000012840b400, 0x000000012840cde8]
Event: 7.163 Thread 0x000000011e811600 2381       3       java.util.BitSet::wordIndex (5 bytes)
Event: 7.163 Thread 0x000000011e811600 nmethod 2381 0x000000012840d890 code [0x000000012840da40, 0x000000012840db18]
Event: 7.163 Thread 0x000000011e811600 2380       3       java.nio.charset.CoderResult::isOverflow (14 bytes)
Event: 7.163 Thread 0x000000011e811600 nmethod 2380 0x000000012840db90 code [0x000000012840dd40, 0x000000012840de98]
Event: 7.165 Thread 0x000000011e811600 2382       3       java.security.AccessController::doPrivileged (17 bytes)
Event: 7.165 Thread 0x000000011e811600 nmethod 2382 0x000000012840df10 code [0x000000012840e140, 0x000000012840e558]
Event: 7.303 Thread 0x000000011e811600 2384       3       java.lang.Module::implIsExportedOrOpen (92 bytes)
Event: 7.303 Thread 0x000000011e811600 nmethod 2384 0x000000012840e790 code [0x000000012840ea00, 0x000000012840f158]
Event: 7.303 Thread 0x000000011e811600 2385       3       java.lang.invoke.StringConcatFactory::classIndex (72 bytes)
Event: 7.303 Thread 0x000000011e811600 nmethod 2385 0x000000012840f310 code [0x000000012840f600, 0x000000012840fe78]
Event: 7.304 Thread 0x000000011e811600 2386       3       java.lang.invoke.SimpleMethodHandle::copyWithExtendL (7 bytes)
Event: 7.304 Thread 0x000000011e811600 nmethod 2386 0x0000000128410210 code [0x00000001284103c0, 0x0000000128410588]
Event: 7.304 Thread 0x000000011e811600 2387       3       java.lang.invoke.BoundMethodHandle::bindSingle (7 bytes)
Event: 7.304 Thread 0x000000011e811600 nmethod 2387 0x0000000128410690 code [0x0000000128410840, 0x0000000128410948]

GC Heap History (4 events):
Event: 0.665 GC heap before
{Heap before GC invocations=0 (full 0):
 garbage-first heap   total 133120K, used 23520K [0x0000000780000000, 0x0000000800000000)
  region size 1024K, 23 young (23552K), 0 survivors (0K)
 Metaspace       used 5206K, committed 5440K, reserved 1114112K
  class space    used 596K, committed 704K, reserved 1048576K
}
Event: 0.667 GC heap after
{Heap after GC invocations=1 (full 0):
 garbage-first heap   total 133120K, used 3631K [0x0000000780000000, 0x0000000800000000)
  region size 1024K, 3 young (3072K), 3 survivors (3072K)
 Metaspace       used 5206K, committed 5440K, reserved 1114112K
  class space    used 596K, committed 704K, reserved 1048576K
}
Event: 3.414 GC heap before
{Heap before GC invocations=1 (full 0):
 garbage-first heap   total 133120K, used 49711K [0x0000000780000000, 0x0000000800000000)
  region size 1024K, 47 young (48128K), 3 survivors (3072K)
 Metaspace       used 18000K, committed 18304K, reserved 1114112K
  class space    used 2348K, committed 2496K, reserved 1048576K
}
Event: 3.422 GC heap after
{Heap after GC invocations=2 (full 0):
 garbage-first heap   total 133120K, used 12675K [0x0000000780000000, 0x0000000800000000)
  region size 1024K, 6 young (6144K), 6 survivors (6144K)
 Metaspace       used 18000K, committed 18304K, reserved 1114112K
  class space    used 2348K, committed 2496K, reserved 1048576K
}

Dll operation events (18 events):
Event: 0.045 Loaded shared library /Library/Java/JavaVirtualMachines/jdk-19.jdk/Contents/Home/lib/libjava.dylib
Event: 0.061 Loaded shared library /Library/Java/JavaVirtualMachines/jdk-19.jdk/Contents/Home/lib/libnio.dylib
Event: 0.074 Loaded shared library /Library/Java/JavaVirtualMachines/jdk-19.jdk/Contents/Home/lib/libzip.dylib
Event: 0.128 Loaded shared library /Library/Java/JavaVirtualMachines/jdk-19.jdk/Contents/Home/lib/libnet.dylib
Event: 0.147 Loaded shared library /Library/Java/JavaVirtualMachines/jdk-19.jdk/Contents/Home/lib/libzip.dylib
Event: 0.149 Loaded shared library /Library/Java/JavaVirtualMachines/jdk-19.jdk/Contents/Home/lib/libinstrument.dylib
Event: 0.205 Loading shared library /Users/tylerturner/.m2/repository/org/openjfx/javafx-graphics/19/libprism_es2.dylib failed, dlopen(/Users/tylerturner/.m2/repository/org/openjfx/javafx-graphics/19/libprism_es2.dylib, 0x0001): tried: '/Users/tylerturner/.m2/reposito
Event: 0.228 Loaded shared library /Users/tylerturner/.openjfx/cache/19+11/aarch64/libprism_es2.dylib
Event: 0.367 Loading shared library /Users/tylerturner/.m2/repository/org/openjfx/javafx-graphics/19/libglass.dylib failed, dlopen(/Users/tylerturner/.m2/repository/org/openjfx/javafx-graphics/19/libglass.dylib, 0x0001): tried: '/Users/tylerturner/.m2/repository/org/o
Event: 0.376 Loaded shared library /Users/tylerturner/.openjfx/cache/19+11/aarch64/libglass.dylib
Event: 0.668 Loaded shared library /Library/Java/JavaVirtualMachines/jdk-19.jdk/Contents/Home/lib/libjimage.dylib
Event: 0.752 Loading shared library /Users/tylerturner/.m2/repository/org/openjfx/javafx-graphics/19/libjavafx_font.dylib failed, dlopen(/Users/tylerturner/.m2/repository/org/openjfx/javafx-graphics/19/libjavafx_font.dylib, 0x0001): tried: '/Users/tylerturner/.m2/repo
Event: 0.754 Loaded shared library /Users/tylerturner/.openjfx/cache/19+11/aarch64/libjavafx_font.dylib
Event: 3.004 Loaded shared library /Library/Java/JavaVirtualMachines/jdk-19.jdk/Contents/Home/lib/libverify.dylib
Event: 3.282 Loaded shared library /private/var/folders/f6/pr4ylkt54jj_wclwsdygrvpw0000gn/T/jansi-2.4.0-2754762e6669b099-libjansi.jnilib
Event: 7.245 Loaded shared library /Library/Java/JavaVirtualMachines/jdk-19.jdk/Contents/Home/lib/libawt.dylib
Event: 7.302 Loaded shared library /Library/Java/JavaVirtualMachines/jdk-19.jdk/Contents/Home/lib/libawt_lwawt.dylib
Event: 7.370 Loaded shared library /Library/Java/JavaVirtualMachines/jdk-19.jdk/Contents/Home/lib/libfontmanager.dylib

Deoptimization events (20 events):
Event: 3.397 Thread 0x000000010f808e00 DEOPT PACKING pc=0x000000012fad3964 sp=0x000000016b9a4ae0
Event: 3.397 Thread 0x000000010f808e00 DEOPT UNPACKING pc=0x000000012f58321c sp=0x000000016b9a4a80 mode 2
Event: 3.402 Thread 0x000000010f808e00 Uncommon trap: trap_request=0xffffff45 fr.pc=0x000000012fb84ce8 relative=0x00000000000001e8
Event: 3.402 Thread 0x000000010f808e00 Uncommon trap: reason=unstable_if action=reinterpret pc=0x000000012fb84ce8 method=java.lang.String.startsWith(Ljava/lang/String;I)Z @ 131 c2
Event: 3.402 Thread 0x000000010f808e00 DEOPT PACKING pc=0x000000012fb84ce8 sp=0x000000016b9a5280
Event: 3.402 Thread 0x000000010f808e00 DEOPT UNPACKING pc=0x000000012f58321c sp=0x000000016b9a51e0 mode 2
Event: 3.403 Thread 0x000000010f808e00 Uncommon trap: trap_request=0xffffff45 fr.pc=0x000000012fb85390 relative=0x0000000000000190
Event: 3.403 Thread 0x000000010f808e00 Uncommon trap: reason=unstable_if action=reinterpret pc=0x000000012fb85390 method=java.lang.String.startsWith(Ljava/lang/String;I)Z @ 131 c2
Event: 3.403 Thread 0x000000010f808e00 DEOPT PACKING pc=0x000000012fb85390 sp=0x000000016b9a52c0
Event: 3.403 Thread 0x000000010f808e00 DEOPT UNPACKING pc=0x000000012f58321c sp=0x000000016b9a51c0 mode 2
Event: 3.407 Thread 0x000000010f808e00 Uncommon trap: trap_request=0xffffff45 fr.pc=0x000000012fb7b374 relative=0x00000000000011f4
Event: 3.407 Thread 0x000000010f808e00 Uncommon trap: reason=unstable_if action=reinterpret pc=0x000000012fb7b374 method=java.util.concurrent.ConcurrentHashMap.transfer([Ljava/util/concurrent/ConcurrentHashMap$Node;[Ljava/util/concurrent/ConcurrentHashMap$Node;)V @ 352 c2
Event: 3.407 Thread 0x000000010f808e00 DEOPT PACKING pc=0x000000012fb7b374 sp=0x000000016b9a50b0
Event: 3.407 Thread 0x000000010f808e00 DEOPT UNPACKING pc=0x000000012f58321c sp=0x000000016b9a4ff0 mode 2
Event: 3.439 Thread 0x000000010f808e00 Uncommon trap: trap_request=0xffffff45 fr.pc=0x000000012fb506ac relative=0x00000000000002ac
Event: 3.439 Thread 0x000000010f808e00 Uncommon trap: reason=unstable_if action=reinterpret pc=0x000000012fb506ac method=java.lang.AbstractStringBuilder.isLatin1()Z @ 10 c2
Event: 3.439 Thread 0x000000010f808e00 DEOPT PACKING pc=0x000000012fb506ac sp=0x000000016b9a5dc0
Event: 3.439 Thread 0x000000010f808e00 DEOPT UNPACKING pc=0x000000012f58321c sp=0x000000016b9a5cf0 mode 2
Event: 7.154 Thread 0x000000010f808e00 DEOPT PACKING pc=0x00000001283e3a4c sp=0x000000016b9a4f10
Event: 7.154 Thread 0x000000010f808e00 DEOPT UNPACKING pc=0x000000012f58307c sp=0x000000016b9a4bc0 mode 0

Classes loaded (20 events):
Event: 7.373 Loading class sun/awt/AWTAccessor$InputEventAccessor done
Event: 7.373 Loading class java/awt/event/InputEvent$1 done
Event: 7.373 Loading class sun/lwawt/macosx/LWCToolkit$2
Event: 7.373 Loading class sun/lwawt/macosx/LWCToolkit$2 done
Event: 7.373 Loading class java/awt/Toolkit$DesktopPropertyChangeSupport
Event: 7.373 Loading class java/beans/PropertyChangeSupport
Event: 7.374 Loading class java/beans/PropertyChangeSupport done
Event: 7.374 Loading class java/awt/Toolkit$DesktopPropertyChangeSupport done
Event: 7.374 Loading class java/beans/PropertyChangeSupport$PropertyChangeListenerMap
Event: 7.374 Loading class java/beans/ChangeListenerMap
Event: 7.374 Loading class java/beans/ChangeListenerMap done
Event: 7.374 Loading class java/beans/PropertyChangeSupport$PropertyChangeListenerMap done
Event: 7.374 Loading class java/beans/PropertyChangeListener
Event: 7.374 Loading class java/beans/PropertyChangeListener done
Event: 7.374 Loading class sun/awt/SunToolkit$ModalityListenerList
Event: 7.374 Loading class sun/awt/ModalityListener
Event: 7.374 Loading class sun/awt/ModalityListener done
Event: 7.374 Loading class sun/awt/SunToolkit$ModalityListenerList done
Event: 7.374 Loading class sun/awt/util/ThreadGroupUtils
Event: 7.374 Loading class sun/awt/util/ThreadGroupUtils done

Classes unloaded (0 events):
No events

Classes redefined (0 events):
No events

Internal exceptions (20 events):
Event: 3.010 Thread 0x000000010f808e00 Exception <a 'sun/nio/fs/UnixException'{0x0000000785caf8d0}> (0x0000000785caf8d0) 
thrown [open/src/hotspot/share/prims/jni.cpp, line 517]
Event: 3.016 Thread 0x000000010f808e00 Exception <a 'sun/nio/fs/UnixException'{0x0000000785cb94a0}> (0x0000000785cb94a0) 
thrown [open/src/hotspot/share/prims/jni.cpp, line 517]
Event: 3.117 Thread 0x000000010f808e00 Exception <a 'sun/nio/fs/UnixException'{0x0000000785cd16a0}> (0x0000000785cd16a0) 
thrown [open/src/hotspot/share/prims/jni.cpp, line 517]
Event: 3.117 Thread 0x000000010f808e00 Exception <a 'java/lang/ClassNotFoundException'{0x0000000785cd20d0}: sun/net/www/content/application/json> (0x0000000785cd20d0) 
thrown [open/src/hotspot/share/classfile/systemDictionary.cpp, line 255]
Event: 3.123 Thread 0x000000010f808e00 Exception <a 'java/lang/NullPointerException'{0x0000000785b2d340}> (0x0000000785b2d340) 
thrown [open/src/hotspot/share/interpreter/linkResolver.cpp, line 1374]
Event: 3.284 Thread 0x000000010f808e00 Exception <a 'java/lang/NullPointerException'{0x0000000785b89310}> (0x0000000785b89310) 
thrown [open/src/hotspot/share/interpreter/linkResolver.cpp, line 1374]
Event: 3.284 Thread 0x000000010f808e00 Exception <a 'java/lang/NullPointerException'{0x0000000785b895f0}> (0x0000000785b895f0) 
thrown [open/src/hotspot/share/interpreter/linkResolver.cpp, line 1374]
Event: 3.284 Thread 0x000000010f808e00 Exception <a 'java/lang/NullPointerException'{0x0000000785b898d0}> (0x0000000785b898d0) 
thrown [open/src/hotspot/share/interpreter/linkResolver.cpp, line 1374]
Event: 3.284 Thread 0x000000010f808e00 Exception <a 'java/lang/NullPointerException'{0x0000000785b90640}> (0x0000000785b90640) 
thrown [open/src/hotspot/share/interpreter/linkResolver.cpp, line 1374]
Event: 3.286 Thread 0x000000010f808e00 Exception <a 'java/lang/NullPointerException'{0x0000000785ba18e0}> (0x0000000785ba18e0) 
thrown [open/src/hotspot/share/interpreter/linkResolver.cpp, line 1374]
Event: 3.286 Thread 0x000000010f808e00 Exception <a 'java/lang/NullPointerException'{0x0000000785ba1bc0}> (0x0000000785ba1bc0) 
thrown [open/src/hotspot/share/interpreter/linkResolver.cpp, line 1374]
Event: 3.286 Thread 0x000000010f808e00 Exception <a 'java/lang/NullPointerException'{0x0000000785ba1ea0}> (0x0000000785ba1ea0) 
thrown [open/src/hotspot/share/interpreter/linkResolver.cpp, line 1374]
Event: 3.286 Thread 0x000000010f808e00 Exception <a 'java/lang/NullPointerException'{0x0000000785ba21e8}> (0x0000000785ba21e8) 
thrown [open/src/hotspot/share/interpreter/linkResolver.cpp, line 1374]
Event: 3.312 Thread 0x000000010f808e00 Exception <a 'sun/nio/fs/UnixException'{0x000000078593ba78}> (0x000000078593ba78) 
thrown [open/src/hotspot/share/prims/jni.cpp, line 517]
Event: 3.394 Thread 0x000000010f808e00 Exception <a 'sun/nio/fs/UnixException'{0x00000007853bdb18}> (0x00000007853bdb18) 
thrown [open/src/hotspot/share/prims/jni.cpp, line 517]
Event: 3.423 Thread 0x000000010f808e00 Exception <a 'sun/nio/fs/UnixException'{0x0000000787f07298}> (0x0000000787f07298) 
thrown [open/src/hotspot/share/prims/jni.cpp, line 517]
Event: 7.164 Thread 0x000000010f808e00 Exception <a 'java/lang/ClassNotFoundException'{0x0000000787dc0600}: sun/awt/resources/spi/awtProvider> (0x0000000787dc0600) 
thrown [open/src/hotspot/share/classfile/systemDictionary.cpp, line 255]
Event: 7.303 Thread 0x000000010f808e00 Exception <a 'java/io/FileNotFoundException'{0x0000000787dc3b28}> (0x0000000787dc3b28) 
thrown [open/src/hotspot/share/prims/jni.cpp, line 517]
Event: 7.303 Thread 0x000000010f808e00 Exception <a 'java/io/FileNotFoundException'{0x0000000787dc5040}> (0x0000000787dc5040) 
thrown [open/src/hotspot/share/prims/jni.cpp, line 517]
Event: 7.306 Thread 0x000000010f808e00 Exception <a 'java/lang/ClassNotFoundException'{0x0000000787dc8d70}: sun/awt/resources/spi/awtosxProvider> (0x0000000787dc8d70) 
thrown [open/src/hotspot/share/classfile/systemDictionary.cpp, line 255]

VM Operations (20 events):
Event: 3.011 Executing VM operation: HandshakeAllThreads
Event: 3.011 Executing VM operation: HandshakeAllThreads done
Event: 3.115 Executing VM operation: HandshakeAllThreads
Event: 3.115 Executing VM operation: HandshakeAllThreads done
Event: 3.119 Executing VM operation: HandshakeAllThreads
Event: 3.119 Executing VM operation: HandshakeAllThreads done
Event: 3.311 Executing VM operation: HandshakeAllThreads
Event: 3.311 Executing VM operation: HandshakeAllThreads done
Event: 3.311 Executing VM operation: Cleanup
Event: 3.311 Executing VM operation: Cleanup done
Event: 3.372 Executing VM operation: HandshakeAllThreads
Event: 3.372 Executing VM operation: HandshakeAllThreads done
Event: 3.414 Executing VM operation: G1CollectForAllocation
Event: 3.422 Executing VM operation: G1CollectForAllocation done
Event: 3.433 Executing VM operation: HandshakeAllThreads
Event: 3.433 Executing VM operation: HandshakeAllThreads done
Event: 3.433 Executing VM operation: HandshakeAllThreads
Event: 3.433 Executing VM operation: HandshakeAllThreads done
Event: 4.434 Executing VM operation: Cleanup
Event: 4.435 Executing VM operation: Cleanup done

Events (20 events):
Event: 0.954 Thread 0x000000011c1e1800 Thread added: 0x000000011c1e1800
Event: 0.954 Protecting memory [0x000000016f324000,0x000000016f330000] with protection modes 0
Event: 1.106 Thread 0x000000011eacea00 Thread added: 0x000000011eacea00
Event: 1.106 Protecting memory [0x000000016f5bc000,0x000000016f5c8000] with protection modes 0
Event: 1.355 Protecting memory [0x000000016e3b8000,0x000000016e3c4000] with protection modes 3
Event: 1.355 Thread 0x000000010f93dc00 Thread exited: 0x000000010f93dc00
Event: 1.620 Protecting memory [0x000000016e3b8000,0x000000016e3c4000] with protection modes 0
Event: 1.620 Thread 0x000000011f80b400 Thread added: 0x000000011f80b400
Event: 2.637 Protecting memory [0x000000016e3b8000,0x000000016e3c4000] with protection modes 3
Event: 2.637 Thread 0x000000011f80b400 Thread exited: 0x000000011f80b400
Event: 2.970 Protecting memory [0x000000016e3b8000,0x000000016e3c4000] with protection modes 0
Event: 2.970 Thread 0x000000010eb62200 Thread added: 0x000000010eb62200
Event: 2.985 Protecting memory [0x000000016e6dc000,0x000000016e6e8000] with protection modes 3
Event: 2.985 Thread 0x000000010e926400 Thread exited: 0x000000010e926400
Event: 2.985 Protecting memory [0x000000016dfa0000,0x000000016dfac000] with protection modes 3
Event: 2.985 Thread 0x000000010f884a00 Thread exited: 0x000000010f884a00
Event: 2.985 Protecting memory [0x000000016af1c000,0x000000016af28000] with protection modes 3
Event: 2.985 Thread 0x000000011e9a5e00 Thread exited: 0x000000011e9a5e00
Event: 3.119 Thread 0x000000011c1f2800 Thread added: 0x000000011c1f2800
Event: 3.119 Protecting memory [0x000000016dfa0000,0x000000016dfac000] with protection modes 0


Dynamic libraries:
0x00000001047a4000 	/Library/Java/JavaVirtualMachines/jdk-19.jdk/Contents/Home/lib/libjli.dylib
0x000000019c528000 	/System/Library/Frameworks/Cocoa.framework/Versions/A/Cocoa
0x000000018834c000 	/System/Library/Frameworks/AppKit.framework/Versions/C/AppKit
0x000000018acf4000 	/System/Library/Frameworks/CoreData.framework/Versions/A/CoreData
0x0000000185fad000 	/System/Library/Frameworks/Foundation.framework/Versions/C/Foundation
0x00000001906d8000 	/usr/lib/libSystem.B.dylib
0x0000000189258000 	/System/Library/PrivateFrameworks/UIFoundation.framework/Versions/A/UIFoundation
0x00000001f17dd000 	/System/Library/PrivateFrameworks/CollectionViewCore.framework/Versions/A/CollectionViewCore
0x0000000196994000 	/System/Library/PrivateFrameworks/RemoteViewServices.framework/Versions/A/RemoteViewServices
0x000000018eafa000 	/System/Library/PrivateFrameworks/XCTTargetBootstrap.framework/Versions/A/XCTTargetBootstrap
0x000000019246e000 	/System/Library/PrivateFrameworks/InternationalSupport.framework/Versions/A/InternationalSupport
0x00000001924f5000 	/System/Library/PrivateFrameworks/UserActivity.framework/Versions/A/UserActivity
0x00000002089f2000 	/System/Library/PrivateFrameworks/WindowManagement.framework/Versions/A/WindowManagement
0x0000000185c76000 	/System/Library/Frameworks/SystemConfiguration.framework/Versions/A/SystemConfiguration
0x0000000191972000 	/usr/lib/libspindump.dylib
0x00000001893fe000 	/System/Library/Frameworks/UniformTypeIdentifiers.framework/Versions/A/UniformTypeIdentifiers
0x000000018ce0d000 	/usr/lib/libapp_launch_measurement.dylib
0x000000018c2bb000 	/System/Library/PrivateFrameworks/CoreAnalytics.framework/Versions/A/CoreAnalytics
0x000000018ce14000 	/System/Library/PrivateFrameworks/CoreAutoLayout.framework/Versions/A/CoreAutoLayout
0x000000018e308000 	/System/Library/Frameworks/Metal.framework/Versions/A/Metal
0x000000018f259000 	/usr/lib/liblangid.dylib
0x000000018eb00000 	/System/Library/PrivateFrameworks/CoreSVG.framework/Versions/A/CoreSVG
0x0000000189d26000 	/System/Library/PrivateFrameworks/SkyLight.framework/Versions/A/SkyLight
0x000000018a13e000 	/System/Library/Frameworks/CoreGraphics.framework/Versions/A/CoreGraphics
0x000000019705f000 	/System/Library/Frameworks/Accelerate.framework/Versions/A/Accelerate
0x00000001913e0000 	/System/Library/PrivateFrameworks/IconServices.framework/Versions/A/IconServices
0x000000018e2e8000 	/System/Library/Frameworks/IOSurface.framework/Versions/A/IOSurface
0x000000018c2e9000 	/usr/lib/libDiagnosticMessagesClient.dylib
0x000000019061e000 	/usr/lib/libz.1.dylib
0x000000019a2fb000 	/System/Library/Frameworks/ApplicationServices.framework/Versions/A/ApplicationServices
0x000000018eae2000 	/System/Library/PrivateFrameworks/DFRFoundation.framework/Versions/A/DFRFoundation
0x0000000187bca000 	/usr/lib/libicucore.A.dylib
0x00000001933ff000 	/System/Library/Frameworks/AudioToolbox.framework/Versions/A/AudioToolbox
0x0000000192479000 	/System/Library/PrivateFrameworks/DataDetectorsCore.framework/Versions/A/DataDetectorsCore
0x00000001a9607000 	/System/Library/PrivateFrameworks/TextInput.framework/Versions/A/TextInput
0x0000000189c8b000 	/usr/lib/libMobileGestalt.dylib
0x000000018e7ae000 	/System/Library/Frameworks/Carbon.framework/Versions/A/Frameworks/HIToolbox.framework/Versions/A/HIToolbox
0x000000018c794000 	/System/Library/Frameworks/QuartzCore.framework/Versions/A/QuartzCore
0x0000000187825000 	/System/Library/Frameworks/Security.framework/Versions/A/Security
0x00000001969d4000 	/System/Library/Frameworks/Carbon.framework/Versions/A/Frameworks/SpeechRecognition.framework/Versions/A/SpeechRecognition
0x000000018cb4c000 	/System/Library/PrivateFrameworks/CoreUI.framework/Versions/A/CoreUI
0x000000018711d000 	/System/Library/Frameworks/CoreAudio.framework/Versions/A/CoreAudio
0x000000018c3c5000 	/System/Library/Frameworks/DiskArbitration.framework/Versions/A/DiskArbitration
0x0000000191da6000 	/System/Library/PrivateFrameworks/MultitouchSupport.framework/Versions/A/MultitouchSupport
0x0000000189c89000 	/usr/lib/libenergytrace.dylib
0x000000018820f000 	/System/Library/Frameworks/IOKit.framework/Versions/A/IOKit
0x0000000196dbb000 	/System/Library/Frameworks/CoreServices.framework/Versions/A/CoreServices
0x000000018cd9a000 	/System/Library/PrivateFrameworks/PerformanceAnalysis.framework/Versions/A/PerformanceAnalysis
0x00000001d4567000 	/System/Library/Frameworks/OpenGL.framework/Versions/A/OpenGL
0x000000018ce5e000 	/usr/lib/libxml2.2.dylib
0x000000018fc2d000 	/System/Library/PrivateFrameworks/MobileKeyBag.framework/Versions/A/MobileKeyBag
0x0000000184cac000 	/usr/lib/libobjc.A.dylib
0x0000000184f62000 	/usr/lib/libc++.1.dylib
0x000000018a789000 	/System/Library/Frameworks/ColorSync.framework/Versions/A/ColorSync
0x0000000185080000 	/System/Library/Frameworks/CoreFoundation.framework/Versions/A/CoreFoundation
0x000000018ee7a000 	/System/Library/Frameworks/CoreImage.framework/Versions/A/CoreImage
0x0000000186f3e000 	/System/Library/Frameworks/CoreText.framework/Versions/A/CoreText
0x000000018eb39000 	/System/Library/Frameworks/ImageIO.framework/Versions/A/ImageIO
0x00000001906de000 	/System/Library/PrivateFrameworks/SoftLinking.framework/Versions/A/SoftLinking
0x0000000190972000 	/usr/lib/libcompression.dylib
0x00000001923ca000 	/System/Library/PrivateFrameworks/TextureIO.framework/Versions/A/TextureIO
0x00000001910b2000 	/usr/lib/libate.dylib
0x00000001906d2000 	/usr/lib/system/libcache.dylib
0x000000019068b000 	/usr/lib/system/libcommonCrypto.dylib
0x00000001906b9000 	/usr/lib/system/libcompiler_rt.dylib
0x00000001906af000 	/usr/lib/system/libcopyfile.dylib
0x0000000184de0000 	/usr/lib/system/libcorecrypto.dylib
0x0000000184e96000 	/usr/lib/system/libdispatch.dylib
0x0000000185028000 	/usr/lib/system/libdyld.dylib
0x00000001906c8000 	/usr/lib/system/libkeymgr.dylib
0x0000000190669000 	/usr/lib/system/libmacho.dylib
0x000000018fd27000 	/usr/lib/system/libquarantine.dylib
0x00000001906c5000 	/usr/lib/system/libremovefile.dylib
0x0000000189cf0000 	/usr/lib/system/libsystem_asl.dylib
0x0000000184d7d000 	/usr/lib/system/libsystem_blocks.dylib
0x0000000184ee1000 	/usr/lib/system/libsystem_c.dylib
0x00000001906bd000 	/usr/lib/system/libsystem_collections.dylib
0x000000018f247000 	/usr/lib/system/libsystem_configuration.dylib
0x000000018e2b6000 	/usr/lib/system/libsystem_containermanager.dylib
0x0000000190368000 	/usr/lib/system/libsystem_coreservices.dylib
0x0000000187e81000 	/usr/lib/system/libsystem_darwin.dylib
0x00000001906c9000 	/usr/lib/system/libsystem_dnssd.dylib
0x0000000184ede000 	/usr/lib/system/libsystem_featureflags.dylib
0x0000000185054000 	/usr/lib/system/libsystem_info.dylib
0x0000000190630000 	/usr/lib/system/libsystem_m.dylib
0x0000000184e6a000 	/usr/lib/system/libsystem_malloc.dylib
0x0000000189c70000 	/usr/lib/system/libsystem_networkextension.dylib
0x00000001882eb000 	/usr/lib/system/libsystem_notify.dylib
0x000000018f24c000 	/usr/lib/system/libsystem_sandbox.dylib
0x00000001906c2000 	/usr/lib/system/libsystem_secinit.dylib
0x0000000184fe1000 	/usr/lib/system/libsystem_kernel.dylib
0x000000018504c000 	/usr/lib/system/libsystem_platform.dylib
0x000000018501b000 	/usr/lib/system/libsystem_pthread.dylib
0x000000018b4c5000 	/usr/lib/system/libsystem_symptoms.dylib
0x0000000184dc6000 	/usr/lib/system/libsystem_trace.dylib
0x000000019069c000 	/usr/lib/system/libunwind.dylib
0x0000000184d82000 	/usr/lib/system/libxpc.dylib
0x0000000184fc9000 	/usr/lib/libc++abi.dylib
0x00000001906a7000 	/usr/lib/liboah.dylib
0x0000000190f6f000 	/usr/lib/liblzma.5.dylib
0x00000001906da000 	/usr/lib/libfakelink.dylib
0x00000001898ae000 	/System/Library/Frameworks/CFNetwork.framework/Versions/A/CFNetwork
0x0000000190819000 	/usr/lib/libarchive.2.dylib
0x0000000194d0e000 	/System/Library/Frameworks/Combine.framework/Versions/A/Combine
0x0000000192dc9000 	/usr/lib/swift/libswiftCore.dylib
0x00000001a66dc000 	/usr/lib/swift/libswiftCoreFoundation.dylib
0x00000001a4599000 	/usr/lib/swift/libswiftDarwin.dylib
0x00000001982d4000 	/usr/lib/swift/libswiftDispatch.dylib
0x00000001a66fd000 	/usr/lib/swift/libswiftIOKit.dylib
0x000000019a726000 	/usr/lib/swift/libswiftObjectiveC.dylib
0x00000001a66f0000 	/usr/lib/swift/libswiftXPC.dylib
0x000000020f226000 	/usr/lib/swift/libswift_Concurrency.dylib
0x000000020f378000 	/usr/lib/swift/libswift_StringProcessing.dylib
0x000000019a72a000 	/usr/lib/swift/libswiftos.dylib
0x0000000188194000 	/System/Library/PrivateFrameworks/CoreServicesInternal.framework/Versions/A/CoreServicesInternal
0x000000018fd52000 	/usr/lib/libbsm.0.dylib
0x000000019066f000 	/usr/lib/system/libkxld.dylib
0x000000018cdd6000 	/System/Library/Frameworks/CoreServices.framework/Versions/A/Frameworks/FSEvents.framework/Versions/A/FSEvents
0x0000000187e8c000 	/System/Library/Frameworks/CoreServices.framework/Versions/A/Frameworks/CarbonCore.framework/Versions/A/CarbonCore
0x000000018c32c000 	/System/Library/Frameworks/CoreServices.framework/Versions/A/Frameworks/Metadata.framework/Versions/A/Metadata
0x000000019036e000 	/System/Library/Frameworks/CoreServices.framework/Versions/A/Frameworks/OSServices.framework/Versions/A/OSServices
0x00000001908a0000 	/System/Library/Frameworks/CoreServices.framework/Versions/A/Frameworks/SearchKit.framework/Versions/A/SearchKit
0x000000018b448000 	/System/Library/Frameworks/CoreServices.framework/Versions/A/Frameworks/AE.framework/Versions/A/AE
0x0000000185558000 	/System/Library/Frameworks/CoreServices.framework/Versions/A/Frameworks/LaunchServices.framework/Versions/A/LaunchServices
0x0000000190f18000 	/System/Library/Frameworks/CoreServices.framework/Versions/A/Frameworks/DictionaryServices.framework/Versions/A/DictionaryServices
0x000000018cde3000 	/System/Library/Frameworks/CoreServices.framework/Versions/A/Frameworks/SharedFileList.framework/Versions/A/SharedFileList
0x000000019093f000 	/usr/lib/libapple_nghttp2.dylib
0x00000001898aa000 	/usr/lib/libnetwork.dylib
0x000000018b0cc000 	/usr/lib/libsqlite3.dylib
0x000000018b4ce000 	/System/Library/Frameworks/Network.framework/Versions/A/Network
0x000000020e373000 	/usr/lib/libCoreEntitlements.dylib
0x00000001fade4000 	/System/Library/PrivateFrameworks/MessageSecurity.framework/Versions/A/MessageSecurity
0x000000018b0b2000 	/System/Library/PrivateFrameworks/ProtocolBuffer.framework/Versions/A/ProtocolBuffer
0x000000019034a000 	/System/Library/PrivateFrameworks/AppleFSCompression.framework/Versions/A/AppleFSCompression
0x000000018fd3a000 	/usr/lib/libcoretls.dylib
0x0000000190f88000 	/usr/lib/libcoretls_cfhelpers.dylib
0x000000019096c000 	/usr/lib/libpam.2.dylib
0x0000000190ff0000 	/usr/lib/libxar.1.dylib
0x00000001913bb000 	/usr/lib/libheimdal-asn1.dylib
0x00000001906df000 	/usr/lib/libpcap.A.dylib
0x000000018b4bb000 	/usr/lib/libdns_services.dylib
0x000000018f254000 	/System/Library/PrivateFrameworks/AppleSystemInfo.framework/Versions/A/AppleSystemInfo
0x000000018fa2e000 	/System/Library/PrivateFrameworks/IOMobileFramebuffer.framework/Versions/A/IOMobileFramebuffer
0x000000019035b000 	/usr/lib/libbz2.1.0.dylib
0x000000018fd2a000 	/usr/lib/libCheckFix.dylib
0x0000000189d08000 	/System/Library/PrivateFrameworks/TCC.framework/Versions/A/TCC
0x000000018f25b000 	/System/Library/PrivateFrameworks/CoreNLP.framework/Versions/A/CoreNLP
0x000000018c2eb000 	/System/Library/PrivateFrameworks/MetadataUtilities.framework/Versions/A/MetadataUtilities
0x000000018fd63000 	/usr/lib/libmecab.dylib
0x0000000185d00000 	/usr/lib/libCRFSuite.dylib
0x000000018fdc0000 	/usr/lib/libgermantok.dylib
0x0000000190918000 	/usr/lib/libThaiTokenizer.dylib
0x000000018c3ce000 	/System/Library/Frameworks/Accelerate.framework/Versions/A/Frameworks/vImage.framework/Versions/A/vImage
0x0000000196d92000 	/System/Library/Frameworks/Accelerate.framework/Versions/A/Frameworks/vecLib.framework/Versions/A/vecLib
0x0000000191036000 	/System/Library/Frameworks/Accelerate.framework/Versions/A/Frameworks/vecLib.framework/Versions/A/libvMisc.dylib
0x000000018f92e000 	/System/Library/Frameworks/Accelerate.framework/Versions/A/Frameworks/vecLib.framework/Versions/A/libvDSP.dylib
0x000000018590c000 	/System/Library/Frameworks/Accelerate.framework/Versions/A/Frameworks/vecLib.framework/Versions/A/libBLAS.dylib
0x0000000190a44000 	/System/Library/Frameworks/Accelerate.framework/Versions/A/Frameworks/vecLib.framework/Versions/A/libLAPACK.dylib
0x000000018fdc3000 	/System/Library/Frameworks/Accelerate.framework/Versions/A/Frameworks/vecLib.framework/Versions/A/libLinearAlgebra.dylib
0x0000000190957000 	/System/Library/Frameworks/Accelerate.framework/Versions/A/Frameworks/vecLib.framework/Versions/A/libSparseBLAS.dylib
0x0000000190a3f000 	/System/Library/Frameworks/Accelerate.framework/Versions/A/Frameworks/vecLib.framework/Versions/A/libQuadrature.dylib
0x000000018f354000 	/System/Library/Frameworks/Accelerate.framework/Versions/A/Frameworks/vecLib.framework/Versions/A/libBNNS.dylib
0x0000000185c0f000 	/System/Library/Frameworks/Accelerate.framework/Versions/A/Frameworks/vecLib.framework/Versions/A/libSparse.dylib
0x00000001fa11a000 	/System/Library/PrivateFrameworks/MIL.framework/Versions/A/MIL
0x0000000190714000 	/usr/lib/libiconv.2.dylib
0x0000000190668000 	/usr/lib/libcharset.1.dylib
0x000000018cdb6000 	/System/Library/Frameworks/OpenDirectory.framework/Versions/A/Frameworks/CFOpenDirectory.framework/Versions/A/CFOpenDirectory
0x000000018cda6000 	/System/Library/Frameworks/OpenDirectory.framework/Versions/A/OpenDirectory
0x0000000190f8a000 	/System/Library/PrivateFrameworks/APFS.framework/Versions/A/APFS
0x000000018fc64000 	/System/Library/Frameworks/SecurityFoundation.framework/Versions/A/SecurityFoundation
0x0000000190fff000 	/usr/lib/libutil.dylib
0x00000001f918f000 	/System/Library/PrivateFrameworks/InstalledContentLibrary.framework/Versions/A/InstalledContentLibrary
0x00000001881d2000 	/System/Library/PrivateFrameworks/CoreServicesStore.framework/Versions/A/CoreServicesStore
0x00000001f018e000 	/System/Library/PrivateFrameworks/AppleMobileFileIntegrity.framework/Versions/A/AppleMobileFileIntegrity
0x00000001a66bb000 	/usr/lib/libmis.dylib
0x00000001b461c000 	/System/Library/PrivateFrameworks/MobileSystemServices.framework/Versions/A/MobileSystemServices
0x00000001cee59000 	/System/Library/PrivateFrameworks/ConfigProfileHelper.framework/Versions/A/ConfigProfileHelper
0x000000019091a000 	/System/Library/PrivateFrameworks/AppleSauce.framework/Versions/A/AppleSauce
0x00000001869e7000 	/System/Library/PrivateFrameworks/LanguageModeling.framework/Versions/A/LanguageModeling
0x0000000191003000 	/usr/lib/libxslt.1.dylib
0x0000000190807000 	/usr/lib/libcmph.dylib
0x000000018fa1b000 	/System/Library/PrivateFrameworks/CoreEmoji.framework/Versions/A/CoreEmoji
0x000000018f34e000 	/System/Library/PrivateFrameworks/LinguisticData.framework/Versions/A/LinguisticData
0x0000000185bc7000 	/System/Library/PrivateFrameworks/Lexicon.framework/Versions/A/Lexicon
0x000000018fcf7000 	/System/Library/PrivateFrameworks/BackgroundTaskManagement.framework/Versions/A/BackgroundTaskManagement
0x000000020e516000 	/usr/lib/libTLE.dylib
0x000000020f2c3000 	/usr/lib/swift/libswift_RegexParser.dylib
0x0000000191c6b000 	/System/Library/PrivateFrameworks/AppleJPEG.framework/Versions/A/AppleJPEG
0x00000001913a0000 	/usr/lib/libexpat.1.dylib
0x000000019222c000 	/System/Library/Frameworks/ImageIO.framework/Versions/A/Resources/libPng.dylib
0x0000000192257000 	/System/Library/Frameworks/ImageIO.framework/Versions/A/Resources/libTIFF.dylib
0x0000000192340000 	/System/Library/Frameworks/ImageIO.framework/Versions/A/Resources/libGIF.dylib
0x0000000191cb0000 	/System/Library/Frameworks/ImageIO.framework/Versions/A/Resources/libJP2.dylib
0x00000001922e4000 	/System/Library/Frameworks/ImageIO.framework/Versions/A/Resources/libJPEG.dylib
0x00000001922db000 	/System/Library/Frameworks/ImageIO.framework/Versions/A/Resources/libRadiance.dylib
0x000000018e637000 	/System/Library/PrivateFrameworks/FontServices.framework/libFontParser.dylib
0x000000018b3ea000 	/System/Library/PrivateFrameworks/RunningBoardServices.framework/Versions/A/RunningBoardServices
0x000000019cc5a000 	/System/Library/PrivateFrameworks/IOSurfaceAccelerator.framework/Versions/A/IOSurfaceAccelerator
0x0000000191da2000 	/System/Library/PrivateFrameworks/WatchdogClient.framework/Versions/A/WatchdogClient
0x0000000186b60000 	/System/Library/Frameworks/CoreDisplay.framework/Versions/A/CoreDisplay
0x000000018e511000 	/System/Library/Frameworks/CoreMedia.framework/Versions/A/CoreMedia
0x000000018e2fe000 	/System/Library/PrivateFrameworks/IOAccelerator.framework/Versions/A/IOAccelerator
0x000000018cf47000 	/System/Library/Frameworks/CoreVideo.framework/Versions/A/CoreVideo
0x000000019096a000 	/System/Library/Frameworks/MetalPerformanceShaders.framework/Versions/A/MetalPerformanceShaders
0x0000000191de1000 	/System/Library/Frameworks/VideoToolbox.framework/Versions/A/VideoToolbox
0x000000018b32d000 	/System/Library/PrivateFrameworks/BaseBoard.framework/Versions/A/BaseBoard
0x00000001922d6000 	/System/Library/PrivateFrameworks/GPUWrangler.framework/Versions/A/GPUWrangler
0x00000001922b6000 	/System/Library/PrivateFrameworks/IOPresentment.framework/Versions/A/IOPresentment
0x00000001922de000 	/System/Library/PrivateFrameworks/DSExternalDisplay.framework/Versions/A/DSExternalDisplay
0x00000001f593c000 	/System/Library/PrivateFrameworks/GPUCompiler.framework/Versions/31001/Libraries/libllvm-flatbuffers.dylib
0x00000001d455a000 	/System/Library/Frameworks/OpenGL.framework/Versions/A/Libraries/libCoreFSCache.dylib
0x00000001f5938000 	/System/Library/PrivateFrameworks/GPUCompiler.framework/Versions/31001/Libraries/libGPUCompilerUtils.dylib
0x0000000192346000 	/System/Library/PrivateFrameworks/CMCaptureCore.framework/Versions/A/CMCaptureCore
0x00000001ea297000 	/System/Library/Frameworks/ExtensionFoundation.framework/Versions/A/ExtensionFoundation
0x0000000198a7b000 	/System/Library/PrivateFrameworks/CoreTime.framework/Versions/A/CoreTime
0x000000019195d000 	/System/Library/PrivateFrameworks/AppServerSupport.framework/Versions/A/AppServerSupport
0x0000000193ce1000 	/System/Library/PrivateFrameworks/perfdata.framework/Versions/A/perfdata
0x0000000186c80000 	/System/Library/PrivateFrameworks/AudioToolboxCore.framework/Versions/A/AudioToolboxCore
0x000000018e4e7000 	/System/Library/PrivateFrameworks/caulk.framework/Versions/A/caulk
0x000000019359e000 	/usr/lib/libAudioStatistics.dylib
0x00000001a5ae1000 	/System/Library/PrivateFrameworks/SystemPolicy.framework/Versions/A/SystemPolicy
0x0000000193840000 	/usr/lib/libSMC.dylib
0x000000019c3fd000 	/System/Library/Frameworks/CoreMIDI.framework/Versions/A/CoreMIDI
0x00000001921f9000 	/usr/lib/libAudioToolboxUtility.dylib
0x00000001a1854000 	/System/Library/PrivateFrameworks/OSAServicesClient.framework/Versions/A/OSAServicesClient
0x0000000193cee000 	/usr/lib/libperfcheck.dylib
0x000000019128b000 	/System/Library/PrivateFrameworks/PlugInKit.framework/Versions/A/PlugInKit
0x000000018fc56000 	/System/Library/PrivateFrameworks/AssertionServices.framework/Versions/A/AssertionServices
0x00000001d45bc000 	/System/Library/Frameworks/OpenGL.framework/Versions/A/Libraries/libGLU.dylib
0x00000001d457b000 	/System/Library/Frameworks/OpenGL.framework/Versions/A/Libraries/libGFXShared.dylib
0x00000001d4762000 	/System/Library/Frameworks/OpenGL.framework/Versions/A/Libraries/libGL.dylib
0x00000001d4584000 	/System/Library/Frameworks/OpenGL.framework/Versions/A/Libraries/libGLImage.dylib
0x00000001d4578000 	/System/Library/Frameworks/OpenGL.framework/Versions/A/Libraries/libCVMSPluginSupport.dylib
0x000000020e4f5000 	/usr/lib/libRosetta.dylib
0x00000001d4561000 	/System/Library/Frameworks/OpenGL.framework/Versions/A/Libraries/libCoreVMClient.dylib
0x000000018f1cc000 	/System/Library/Frameworks/MetalPerformanceShaders.framework/Versions/A/Frameworks/MPSCore.framework/Versions/A/MPSCore
0x00000001902c0000 	/System/Library/Frameworks/MetalPerformanceShaders.framework/Versions/A/Frameworks/MPSImage.framework/Versions/A/MPSImage
0x000000018fdd8000 	/System/Library/Frameworks/MetalPerformanceShaders.framework/Versions/A/Frameworks/MPSNeuralNetwork.framework/Versions/A/MPSNeuralNetwork
0x00000001901c4000 	/System/Library/Frameworks/MetalPerformanceShaders.framework/Versions/A/Frameworks/MPSMatrix.framework/Versions/A/MPSMatrix
0x000000018ffd6000 	/System/Library/Frameworks/MetalPerformanceShaders.framework/Versions/A/Frameworks/MPSRayIntersector.framework/Versions/A/MPSRayIntersector
0x00000001901f3000 	/System/Library/Frameworks/MetalPerformanceShaders.framework/Versions/A/Frameworks/MPSNDArray.framework/Versions/A/MPSNDArray
0x00000001eb665000 	/System/Library/Frameworks/MetalPerformanceShaders.framework/Versions/A/Frameworks/MPSFunctions.framework/Versions/A/MPSFunctions
0x00000001857d2000 	/System/Library/PrivateFrameworks/MetalTools.framework/Versions/A/MetalTools
0x000000018f252000 	/System/Library/PrivateFrameworks/AggregateDictionary.framework/Versions/A/AggregateDictionary
0x0000000191144000 	/usr/lib/libIOReport.dylib
0x000000019b5ea000 	/System/Library/PrivateFrameworks/ASEProcessing.framework/Versions/A/ASEProcessing
0x00000001914fb000 	/System/Library/PrivateFrameworks/GraphVisualizer.framework/Versions/A/GraphVisualizer
0x00000001f5859000 	/System/Library/PrivateFrameworks/FontServices.framework/Versions/A/FontServices
0x000000019191b000 	/System/Library/PrivateFrameworks/OTSVG.framework/Versions/A/OTSVG
0x000000018cafa000 	/System/Library/Frameworks/ApplicationServices.framework/Versions/A/Frameworks/ATS.framework/Versions/A/Resources/libFontRegistry.dylib
0x0000000191967000 	/System/Library/PrivateFrameworks/FontServices.framework/libhvf.dylib
0x00000001f585a000 	/System/Library/PrivateFrameworks/FontServices.framework/libXTFontStaticRegistryData.dylib
0x00000002076f2000 	/System/Library/PrivateFrameworks/VideoToolboxParavirtualizationSupport.framework/Versions/A/VideoToolboxParavirtualizationSupport
0x0000000191354000 	/System/Library/PrivateFrameworks/AppleVA.framework/Versions/A/AppleVA
0x00000001935de000 	/System/Library/Frameworks/ApplicationServices.framework/Versions/A/Frameworks/ATS.framework/Versions/A/ATS
0x000000018a87c000 	/System/Library/Frameworks/ApplicationServices.framework/Versions/A/Frameworks/HIServices.framework/Versions/A/HIServices
0x0000000192352000 	/System/Library/Frameworks/ApplicationServices.framework/Versions/A/Frameworks/PrintCore.framework/Versions/A/PrintCore
0x0000000193999000 	/System/Library/Frameworks/ApplicationServices.framework/Versions/A/Frameworks/QD.framework/Versions/A/QD
0x000000019398d000 	/System/Library/Frameworks/ApplicationServices.framework/Versions/A/Frameworks/ColorSyncLegacy.framework/Versions/A/ColorSyncLegacy
0x00000001935b2000 	/System/Library/Frameworks/ApplicationServices.framework/Versions/A/Frameworks/SpeechSynthesis.framework/Versions/A/SpeechSynthesis
0x0000000192310000 	/System/Library/Frameworks/ApplicationServices.framework/Versions/A/Frameworks/ATSUI.framework/Versions/A/ATSUI
0x0000000193920000 	/usr/lib/libcups.2.dylib
0x0000000193cfc000 	/System/Library/Frameworks/Kerberos.framework/Versions/A/Kerberos
0x0000000193d0d000 	/System/Library/Frameworks/GSS.framework/Versions/A/GSS
0x0000000193650000 	/usr/lib/libresolv.9.dylib
0x0000000191977000 	/System/Library/PrivateFrameworks/Heimdal.framework/Versions/A/Heimdal
0x000000019a6a8000 	/System/Library/Frameworks/Kerberos.framework/Versions/A/Libraries/libHeimdalProxy.dylib
0x0000000193d5d000 	/System/Library/PrivateFrameworks/CommonAuth.framework/Versions/A/CommonAuth
0x00000001e94d1000 	/System/Library/Frameworks/AVFAudio.framework/Versions/A/AVFAudio
0x00000001a18a3000 	/System/Library/PrivateFrameworks/AXCoreUtilities.framework/Versions/A/AXCoreUtilities
0x000000019352a000 	/System/Library/PrivateFrameworks/AudioSession.framework/Versions/A/AudioSession
0x0000000194ac5000 	/System/Library/Frameworks/IOBluetooth.framework/Versions/A/IOBluetooth
0x0000000191455000 	/System/Library/PrivateFrameworks/MediaExperience.framework/Versions/A/MediaExperience
0x00000001933c5000 	/System/Library/PrivateFrameworks/AudioSession.framework/libSessionUtility.dylib
0x00000001939a5000 	/System/Library/PrivateFrameworks/AudioResourceArbitration.framework/Versions/A/AudioResourceArbitration
0x00000001979aa000 	/System/Library/PrivateFrameworks/PowerLog.framework/Versions/A/PowerLog
0x00000001978ec000 	/System/Library/Frameworks/CoreBluetooth.framework/Versions/A/CoreBluetooth
0x000000019a6a9000 	/System/Library/Frameworks/AudioUnit.framework/Versions/A/AudioUnit
0x000000018fab9000 	/System/Library/PrivateFrameworks/CoreUtils.framework/Versions/A/CoreUtils
0x00000001f425a000 	/System/Library/PrivateFrameworks/CoreUtilsExtras.framework/Versions/A/CoreUtilsExtras
0x00000001f9029000 	/System/Library/PrivateFrameworks/IO80211.framework/Versions/A/IO80211
0x00000001913c5000 	/System/Library/PrivateFrameworks/IconFoundation.framework/Versions/A/IconFoundation
0x00000001969c0000 	/System/Library/PrivateFrameworks/SpeechRecognitionCore.framework/Versions/A/SpeechRecognitionCore
0x00000001057fc000 	/Library/Java/JavaVirtualMachines/jdk-19.jdk/Contents/Home/lib/server/libjvm.dylib
0x0000000104754000 	/Library/Java/JavaVirtualMachines/jdk-19.jdk/Contents/Home/lib/libjimage.dylib
0x0000000104808000 	/Library/Java/JavaVirtualMachines/jdk-19.jdk/Contents/Home/lib/libinstrument.dylib
0x0000000104854000 	/Library/Java/JavaVirtualMachines/jdk-19.jdk/Contents/Home/lib/libjava.dylib
0x0000000105708000 	/Library/Java/JavaVirtualMachines/jdk-19.jdk/Contents/Home/lib/libnio.dylib
0x0000000105728000 	/Library/Java/JavaVirtualMachines/jdk-19.jdk/Contents/Home/lib/libnet.dylib
0x0000000105748000 	/Library/Java/JavaVirtualMachines/jdk-19.jdk/Contents/Home/lib/libzip.dylib
0x0000000104838000 	/Users/tylerturner/.openjfx/cache/19+11/aarch64/libprism_es2.dylib
0x00000001d476c000 	/System/Library/Frameworks/OpenGL.framework/Versions/A/Resources/GLEngine.bundle/GLEngine
0x00000001d45f6000 	/System/Library/Frameworks/OpenGL.framework/Versions/A/Libraries/libGLProgrammability.dylib
0x000000010f4c0000 	/System/Library/Extensions/AppleMetalOpenGLRenderer.bundle/Contents/MacOS/AppleMetalOpenGLRenderer
0x00000001d48da000 	/System/Library/Frameworks/OpenGL.framework/Versions/A/Resources/GLRendererFloat.bundle/GLRendererFloat
0x00000001e7ff0000 	/System/Library/Extensions/AGXMetal13_3.bundle/Contents/MacOS/AGXMetal13_3
0x00000001a66cf000 	/System/Library/PrivateFrameworks/GPURawCounter.framework/Versions/A/GPURawCounter
0x00000001a094e000 	/System/Library/PrivateFrameworks/IOGPU.framework/Versions/A/IOGPU
0x000000010f438000 	/Users/tylerturner/.openjfx/cache/19+11/aarch64/libglass.dylib
0x0000000197bfa000 	/System/Library/Frameworks/FileProvider.framework/Versions/A/FileProvider
0x000000018b295000 	/System/Library/Frameworks/Accounts.framework/Versions/A/Accounts
0x000000018cfe5000 	/System/Library/PrivateFrameworks/UserManagement.framework/Versions/A/UserManagement
0x0000000197d84000 	/System/Library/PrivateFrameworks/GenerationalStorage.framework/Versions/A/GenerationalStorage
0x00000001989a1000 	/System/Library/PrivateFrameworks/CoreSymbolication.framework/Versions/A/CoreSymbolication
0x000000019799e000 	/System/Library/PrivateFrameworks/SymptomDiagnosticReporter.framework/Versions/A/SymptomDiagnosticReporter
0x0000000189414000 	/System/Library/PrivateFrameworks/DesktopServicesPriv.framework/Versions/A/DesktopServicesPriv
0x00000001882fb000 	/usr/lib/libsandbox.1.dylib
0x0000000198962000 	/System/Library/PrivateFrameworks/DebugSymbols.framework/Versions/A/DebugSymbols
0x0000000193980000 	/System/Library/PrivateFrameworks/NetAuth.framework/Versions/A/NetAuth
0x0000000194939000 	/System/Library/PrivateFrameworks/Sharing.framework/Versions/A/Sharing
0x000000018cfa9000 	/System/Library/PrivateFrameworks/login.framework/Versions/A/Frameworks/loginsupport.framework/Versions/A/loginsupport
0x0000000199ba5000 	/System/Library/PrivateFrameworks/Apple80211.framework/Versions/A/Apple80211
0x00000001903a1000 	/System/Library/PrivateFrameworks/AuthKit.framework/Versions/A/AuthKit
0x000000018fa3b000 	/System/Library/Frameworks/CoreWLAN.framework/Versions/A/CoreWLAN
0x0000000199ba9000 	/System/Library/PrivateFrameworks/CoreWiFi.framework/Versions/A/CoreWiFi
0x00000001c8620000 	/System/Library/PrivateFrameworks/WiFiPeerToPeer.framework/Versions/A/WiFiPeerToPeer
0x000000019851a000 	/System/Library/PrivateFrameworks/FrontBoardServices.framework/Versions/A/FrontBoardServices
0x00000001985b6000 	/System/Library/PrivateFrameworks/BoardServices.framework/Versions/A/BoardServices
0x0000000199d34000 	/System/Library/PrivateFrameworks/BackBoardServices.framework/Versions/A/BackBoardServices
0x0000000190505000 	/System/Library/Frameworks/UserNotifications.framework/Versions/A/UserNotifications
0x0000000193e57000 	/System/Library/PrivateFrameworks/CorePhoneNumbers.framework/Versions/A/CorePhoneNumbers
0x000000019367d000 	/System/Library/PrivateFrameworks/MultiverseSupport.framework/Versions/A/MultiverseSupport
0x0000000199fbd000 	/System/Library/PrivateFrameworks/RemoteServiceDiscovery.framework/Versions/A/RemoteServiceDiscovery
0x0000000197aca000 	/System/Library/PrivateFrameworks/DiskManagement.framework/Versions/A/DiskManagement
0x00000001979d1000 	/System/Library/PrivateFrameworks/AppleIDAuthSupport.framework/Versions/A/AppleIDAuthSupport
0x00000001ee4ca000 	/System/Library/PrivateFrameworks/AAAFoundation.framework/Versions/A/AAAFoundation
0x0000000193e2f000 	/System/Library/PrivateFrameworks/KeychainCircle.framework/Versions/A/KeychainCircle
0x0000000199fd1000 	/System/Library/PrivateFrameworks/RemoteXPC.framework/Versions/A/RemoteXPC
0x0000000197a96000 	/System/Library/PrivateFrameworks/MediaKit.framework/Versions/A/MediaKit
0x00000001979de000 	/System/Library/Frameworks/DiscRecording.framework/Versions/A/DiscRecording
0x00000001912d0000 	/usr/lib/libCoreStorage.dylib
0x000000019a039000 	/usr/lib/libcsfde.dylib
0x0000000194b9a000 	/System/Library/PrivateFrameworks/ProtectedCloudStorage.framework/Versions/A/ProtectedCloudStorage
0x000000019a031000 	/System/Library/PrivateFrameworks/EFILogin.framework/Versions/A/EFILogin
0x0000000197daa000 	/System/Library/PrivateFrameworks/OctagonTrust.framework/Versions/A/OctagonTrust
0x00000001912c8000 	/usr/lib/libMatch.1.dylib
0x00000001aafe9000 	/System/Library/Frameworks/Accelerate.framework/Versions/A/Frameworks/vImage.framework/Versions/A/Libraries/libCGInterfaces.dylib
0x000000011cd08000 	/usr/lib/libobjc-trampolines.dylib
0x000000020e249000 	/usr/lib/libAccessibilityBaseImplementations.dylib
0x000000018cc92000 	/System/Library/PrivateFrameworks/ViewBridge.framework/Versions/A/ViewBridge
0x00000001eecf5000 	/System/Library/PrivateFrameworks/AccessibilityBundles.framework/Versions/A/AccessibilityBundles
0x00000001a18c6000 	/usr/lib/libAccessibility.dylib
0x00000001970aa000 	/System/Library/Frameworks/MediaAccessibility.framework/Versions/A/MediaAccessibility
0x0000000191a3a000 	/System/Library/PrivateFrameworks/login.framework/Versions/A/login
0x000000011f73c000 	/Users/tylerturner/.openjfx/cache/19+11/aarch64/libjavafx_font.dylib
0x0000000163af4000 	/Library/Java/JavaVirtualMachines/jdk-19.jdk/Contents/Home/lib/libverify.dylib
0x0000000163b10000 	/private/var/folders/f6/pr4ylkt54jj_wclwsdygrvpw0000gn/T/jansi-2.4.0-2754762e6669b099-libjansi.jnilib
0x0000000164300000 	/Library/Java/JavaVirtualMachines/jdk-19.jdk/Contents/Home/lib/libawt.dylib
0x0000000163e48000 	/Library/Java/JavaVirtualMachines/jdk-19.jdk/Contents/Home/lib/libmlib_image.dylib
0x00000001ea878000 	/System/Library/Frameworks/JavaRuntimeSupport.framework/Versions/A/JavaRuntimeSupport
0x00000001a54d8000 	/System/Library/Frameworks/Carbon.framework/Versions/A/Carbon
0x000000019e1a4000 	/System/Library/Frameworks/Carbon.framework/Versions/A/Frameworks/CommonPanels.framework/Versions/A/CommonPanels
0x000000019a02d000 	/System/Library/Frameworks/Carbon.framework/Versions/A/Frameworks/Help.framework/Versions/A/Help
0x000000019e1a8000 	/System/Library/Frameworks/Carbon.framework/Versions/A/Frameworks/ImageCapture.framework/Versions/A/ImageCapture
0x000000019e174000 	/System/Library/Frameworks/Carbon.framework/Versions/A/Frameworks/OpenScripting.framework/Versions/A/OpenScripting
0x000000019e1a0000 	/System/Library/Frameworks/Carbon.framework/Versions/A/Frameworks/Ink.framework/Versions/A/Ink
0x00000001a54d4000 	/System/Library/Frameworks/Carbon.framework/Versions/A/Frameworks/Print.framework/Versions/A/Print
0x000000019e19c000 	/System/Library/Frameworks/Carbon.framework/Versions/A/Frameworks/SecurityHI.framework/Versions/A/SecurityHI
0x00000001644d0000 	/Library/Java/JavaVirtualMachines/jdk-19.jdk/Contents/Home/lib/libawt_lwawt.dylib
0x0000000163b48000 	/Library/Java/JavaVirtualMachines/jdk-19.jdk/Contents/Home/lib/libosxapp.dylib
0x00000001a460c000 	/System/Library/Frameworks/ExceptionHandling.framework/Versions/A/ExceptionHandling
0x00000001647a8000 	/Library/Java/JavaVirtualMachines/jdk-19.jdk/Contents/Home/lib/libfontmanager.dylib
0x00000001643b0000 	/Library/Java/JavaVirtualMachines/jdk-19.jdk/Contents/Home/lib/libfreetype.dylib


VM Arguments:
jvm_args: -javaagent:/Users/tylerturner/Library/Application Support/JetBrains/Toolbox/apps/IDEA-U/ch-0/231.7665.28/IntelliJ IDEA 2023.1 EAP.app/Contents/lib/idea_rt.jar=55368:/Users/tylerturner/Library/Application Support/JetBrains/Toolbox/apps/IDEA-U/ch-0/231.7665.28/IntelliJ IDEA 2023.1 EAP.app/Contents/bin -Dfile.encoding=UTF-8 -Dsun.stdout.encoding=UTF-8 -Dsun.stderr.encoding=UTF-8 --module-path=/Users/tylerturner/.m2/repository/com/github/almasb/fxgl/17.2/fxgl-17.2.jar:/Users/tylerturner/.m2/repository/org/controlsfx/controlsfx/11.1.2/controlsfx-11.1.2.jar:/Users/tylerturner/.m2/repository/org/kordamp/ikonli/ikonli-core/12.3.1/ikonli-core-12.3.1.jar:/Users/tylerturner/.m2/repository/org/jetbrains/kotlin/kotlin-stdlib/1.6.0/kotlin-stdlib-1.6.0-modular.jar:/Users/tylerturner/.m2/repository/eu/hansolo/fx/heatmap/17.0.12/heatmap-17.0.12.jar:/Users/tylerturner/.m2/repository/org/apache/httpcomponents/core5/httpcore5/5.2/httpcore5-5.2.jar:/Users/tylerturner/.m2/repository/com/gluonhq/attach/lifecycle/4.0.13/lifecycle-4.0.13.jar:/Users/tylerturner/.m2/repository/com/gluonhq/attach/storage/4.0.13/storage-4.0.13.jar:/Users/tylerturner/.m2/repository/org/openjfx/javafx-media/19/javafx-media-19-mac-aarch64.jar:/Users/tylerturner/.m2/repository/org/openjfx/javafx-web/19/javafx-web-19-mac-aarch64.jar:/Users/tylerturner/.m2/repository/eu/hansolo/toolbox/17.0.26/toolbox-17.0.26.jar:/Users/tylerturner/.m2/repository/org/openjfx/javafx-fxml/19/javafx-fxml-19-mac-aarch64.jar:/Users/tylerturner/.m2/repository/org/openjfx/javafx-base/19/javafx-base-19-mac-aarch64.jar:/Users/tylerturner/.m2/repository/eu/hansolo/tilesfx/17.1.15/tilesfx-17.1.15.jar:/Users/tylerturner/.m2/repository/com/fasterxml/jackson/core/jackson-core/2.12.1/jackson-core-2.12.1.jar:/Users/tylerturner/.m2/repository/org/kordamp/ikonli/ikonli-javafx/12.3.1/ikonli-javafx-12.3.1.jar:/Users/tylerturner/.m2/repository/se/michaelthelin/spotify/spotify-web-api-java/7.3.0/spotify-web-api-java-7.3.0.jar:/Users/tylerturner/.m2/repository/org/kordamp/bootstrapfx/bootstrapfx-core/0.4.0/bootstrapfx-core-0.4.0.jar:/Users/tylerturner/.m2/repository/com/github/almasb/fxgl-entity/17.2/fxgl-entity-17.2.jar:/Users/tylerturner/.m2/repository/com/github/almasb/fxgl-gameplay/17.2/fxgl-gameplay-17.2.jar:/Users/tylerturner/.m2/repository/com/gluonhq/attach/audio/4.0.13/audio-4.0.13.jar:/Users/tylerturner/.m2/repositor-Djdk.module.main=com.tcj.spui 
java_command: com.tcj.spui/com.tcj.spui.HelloApplication
java_class_path (initial): /Users/tylerturner/.m2/repository/org/openjfx/javafx-controls/19/javafx-controls-19.jar:/Users/tylerturner/.m2/repository/org/openjfx/javafx-graphics/19/javafx-graphics-19.jar:/Users/tylerturner/.m2/repository/org/openjfx/javafx-base/19/javafx-base-19.jar:/Users/tylerturner/.m2/repository/org/openjfx/javafx-fxml/19/javafx-fxml-19.jar:/Users/tylerturner/.m2/repository/org/openjfx/javafx-swing/19/javafx-swing-19.jar:/Users/tylerturner/.m2/repository/org/openjfx/javafx-web/19/javafx-web-19.jar:/Users/tylerturner/.m2/repository/org/openjfx/javafx-media/19/javafx-media-19.jar:/Users/tylerturner/.m2/repository/org/jetbrains/annotations/13.0/annotations-13.0.jar:/Users/tylerturner/.m2/repository/org/jetbrains/kotlin/kotlin-stdlib-common/1.6.0/kotlin-stdlib-common-1.6.0.jar:/Users/tylerturner/.m2/repository/org/apache/httpcomponents/client5/httpclient5-cache/5.2.1/httpclient5-cache-5.2.1.jar:/Users/tylerturner/.m2/repository/org/apache/httpcomponents/client5/httpclient5/5.2.1/httpclient5-5.2.1.jar:/Users/tylerturner/.m2/repository/org/apache/httpcomponents/core5/httpcore5-h2/5.2/httpcore5-h2-5.2.jar:/Users/tylerturner/.m2/repository/org/slf4j/slf4j-api/2.0.6/slf4j-api-2.0.6.jar:/Users/tylerturner/.m2/repository/org/slf4j/slf4j-jdk14/2.0.6/slf4j-jdk14-2.0.6.jar
Launcher Type: SUN_STANDARD

[Global flags]
     intx CICompilerCount                          = 4                                         {product} {ergonomic}
     uint ConcGCThreads                            = 2                                         {product} {ergonomic}
     uint G1ConcRefinementThreads                  = 8                                         {product} {ergonomic}
   size_t G1HeapRegionSize                         = 1048576                                   {product} {ergonomic}
    uintx GCDrainStackTargetSize                   = 64                                        {product} {ergonomic}
   size_t InitialHeapSize                          = 134217728                                 {product} {ergonomic}
   size_t MarkStackSize                            = 4194304                                   {product} {ergonomic}
   size_t MaxHeapSize                              = 2147483648                                {product} {ergonomic}
   size_t MaxNewSize                               = 1287651328                                {product} {ergonomic}
   size_t MinHeapDeltaBytes                        = 1048576                                   {product} {ergonomic}
   size_t MinHeapSize                              = 8388608                                   {product} {ergonomic}
    uintx NonNMethodCodeHeapSize                   = 5839564                                {pd product} {ergonomic}
    uintx NonProfiledCodeHeapSize                  = 122909338                              {pd product} {ergonomic}
    uintx ProfiledCodeHeapSize                     = 122909338                              {pd product} {ergonomic}
    uintx ReservedCodeCacheSize                    = 251658240                              {pd product} {ergonomic}
     bool SegmentedCodeCache                       = true                                      {product} {ergonomic}
   size_t SoftMaxHeapSize                          = 2147483648                             {manageable} {ergonomic}
     bool UseCompressedClassPointers               = true                           {product lp64_product} {ergonomic}
     bool UseCompressedOops                        = true                           {product lp64_product} {ergonomic}
     bool UseG1GC                                  = true                                      {product} {ergonomic}
     bool UseNUMA                                  = false                                     {product} {ergonomic}
     bool UseNUMAInterleaving                      = false                                     {product} {ergonomic}

Logging:
Log output configuration:
 #0: stdout all=warning uptime,level,tags foldmultilines=false
 #1: stderr all=off uptime,level,tags foldmultilines=false

Environment Variables:
PATH=/opt/anaconda3/bin:/opt/anaconda3/condabin:/Library/Frameworks/Python.framework/Versions/3.10/bin:/Library/Frameworks/Python.framework/Versions/3.9/bin:/usr/local/bin:/System/Cryptexes/App/usr/bin:/usr/bin:/bin:/usr/sbin:/sbin:/Library/Apple/usr/bin:/Users/tylerturner/Library/Application Support/JetBrains/Toolbox/scripts
SHELL=/bin/zsh
LC_CTYPE=en_US.UTF-8
TMPDIR=/var/folders/f6/pr4ylkt54jj_wclwsdygrvpw0000gn/T/

Active Locale:
LC_ALL=C/en_US.UTF-8/C/C/C/C
LC_COLLATE=C
LC_CTYPE=en_US.UTF-8
LC_MESSAGES=C
LC_MONETARY=C
LC_NUMERIC=C
LC_TIME=C

Signal Handlers:
   SIGSEGV: crash_handler in libjvm.dylib, mask=11100110000111110111111111111111, flags=SA_RESTART|SA_SIGINFO
    SIGBUS: crash_handler in libjvm.dylib, mask=11100110000111110111111111111111, flags=SA_RESTART|SA_SIGINFO
    SIGFPE: crash_handler in libjvm.dylib, mask=11100110000111110111111111111111, flags=SA_RESTART|SA_SIGINFO
   SIGPIPE: javaSignalHandler in libjvm.dylib, mask=11100110000111110111111111111111, flags=SA_RESTART|SA_SIGINFO
   SIGXFSZ: javaSignalHandler in libjvm.dylib, mask=11100110000111110111111111111111, flags=SA_RESTART|SA_SIGINFO
    SIGILL: crash_handler in libjvm.dylib, mask=11100110000111110111111111111111, flags=SA_RESTART|SA_SIGINFO
   SIGUSR2: SR_handler in libjvm.dylib, mask=00100000000000000000000000000000, flags=SA_RESTART|SA_SIGINFO
    SIGHUP: UserHandler in libjvm.dylib, mask=11100110000111110111111111111111, flags=SA_RESTART|SA_SIGINFO
    SIGINT: UserHandler in libjvm.dylib, mask=11100110000111110111111111111111, flags=SA_RESTART|SA_SIGINFO
   SIGTERM: UserHandler in libjvm.dylib, mask=11100110000111110111111111111111, flags=SA_RESTART|SA_SIGINFO
   SIGQUIT: UserHandler in libjvm.dylib, mask=11100110000111110111111111111111, flags=SA_RESTART|SA_SIGINFO
   SIGTRAP: crash_handler in libjvm.dylib, mask=11100110000111110111111111111111, flags=SA_RESTART|SA_SIGINFO


---------------  S Y S T E M  ---------------

OS:
uname: Darwin 22.3.0 Darwin Kernel Version 22.3.0: Thu Jan  5 20:49:43 PST 2023; root:xnu-8792.81.2~2/RELEASE_ARM64_T8103 arm64
OS uptime: 15 days 4:05 hours
rlimit (soft/hard): STACK 8176k/65520k , CORE 0k/infinity , NPROC 1333/2000 , NOFILE 10240/infinity , AS infinity/infinity , CPU infinity/infinity , DATA infinity/infinity , FSIZE infinity/infinity , MEMLOCK infinity/infinity , RSS infinity/infinity
load average: 3.06 2.74 2.88

CPU: total 8 (initial active 8) 0x61:0x0:0x1b588bb3:0, fp, simd, aes, pmull, crc32, lse

Memory: 16k page, physical 8388608k(74672k free), swap 4194304k(716160k free)

vm_info: Java HotSpot(TM) 64-Bit Server VM (19.0.2+7-44) for bsd-aarch64 JRE (19.0.2+7-44), built on 2022-11-30T18:02:09Z by "mach5one" with clang Apple LLVM 12.0.0 (clang-1200.0.32.29)

END.
